Log file open, 05/09/17 15:04:17
LogInit:Display: Running engine for game: FerSimulator
LogInit: Version: 4.7.6-2513093+++depot+UE4-Releases+4.7
LogInit: API Version: 2455222
LogInit: Compiled (64-bit): Apr 15 2015 12:09:54
LogInit: Compiled with Visual C++: 18.00.21005.01
LogInit: Build Configuration: Development
LogInit: Branch Name: ++depot+UE4-Releases+4.7
LogInit: Command line:  
LogInit: Base directory: C:/Program Files/Epic Games/UE_4.7/Engine/Binaries/Win64/
LogInit: Rocket: 1
[2017.05.09-13.04.17:178][  0]LogTaskGraph: Started task graph with 3 named threads and 4 total threads.
[2017.05.09-13.04.17:257][  0]LogOnline:Warning: No default platform service specified for OnlineSubsystem
[2017.05.09-13.04.17:371][  0]LogInit: Presizing for 0 objects not considered by GC, pre-allocating 0 bytes.
[2017.05.09-13.04.17:391][  0]LogInit: Object subsystem initialized
[2017.05.09-13.04.17:393][  0]LogConsoleResponse:Warning: Skipping Unknown console variable: 'TranslucentSortAxis = (X=0.000000,Y=-1.000000,Z=0.000000)'
[2017.05.09-13.04.17:393][  0]LogConsoleResponse:Warning:   Found in ini file 'C:/Users/marin/Desktop/FerSimulator2015-master/Saved/Config/Windows/Engine.ini', in section '[/Script/Engine.RendererSettings]'
[2017.05.09-13.04.17:394][  0]LogConsoleResponse:Warning: Skipping Unknown console variable: 'UIScaleRule = ShortestSide'
[2017.05.09-13.04.17:394][  0]LogConsoleResponse:Warning:   Found in ini file 'C:/Users/marin/Desktop/FerSimulator2015-master/Saved/Config/Windows/Engine.ini', in section '[/Script/Engine.RendererSettings]'
[2017.05.09-13.04.17:394][  0]LogConsoleResponse:Warning: Skipping Unknown console variable: 'UIScaleCurve = (EditorCurveData=(Keys=),ExternalCurve=None)'
[2017.05.09-13.04.17:394][  0]LogConsoleResponse:Warning:   Found in ini file 'C:/Users/marin/Desktop/FerSimulator2015-master/Saved/Config/Windows/Engine.ini', in section '[/Script/Engine.RendererSettings]'
[2017.05.09-13.04.17:394][  0]LogInit: Selected Device Profile: [Windows]
[2017.05.09-13.04.17:394][  0]LogInit: Applying CVar settings loaded from the selected device profile: [Windows]
[2017.05.09-13.04.17:429][  0]LogInit: Computer: DESKTOP-Q28GMSV
[2017.05.09-13.04.17:429][  0]LogInit: User: marin
[2017.05.09-13.04.17:429][  0]LogInit: CPU Page size=4096, Cores=2
[2017.05.09-13.04.17:429][  0]LogInit: High frequency timer resolution =2.533318 MHz
[2017.05.09-13.04.17:429][  0]LogMemory: Memory total: Physical=5.9GB (6GB approx) Virtual=131072.0GB
[2017.05.09-13.04.17:429][  0]LogMemory: Platform Memory Stats for Windows
[2017.05.09-13.04.17:429][  0]LogMemory: Process Physical Memory: 47.95 MB used, 47.95 MB peak
[2017.05.09-13.04.17:429][  0]LogMemory: Process Virtual Memory: 22.54 MB used, 22.54 MB peak
[2017.05.09-13.04.17:429][  0]LogMemory: Physical Memory: 3072.63 MB used, 6023.27 MB total
[2017.05.09-13.04.17:429][  0]LogMemory: Virtual Memory: 307.50 MB used, 134217728.00 MB total
[2017.05.09-13.04.17:661][  0]LogD3D11RHI: Found D3D11 adapter 0: NVIDIA GeForce GT 720M (Feature Level 11_0)
[2017.05.09-13.04.17:661][  0]LogD3D11RHI: Adapter has 1999MB of dedicated video memory, 0MB of dedicated system memory, and 3011MB of shared system memory, 1 output[s]
[2017.05.09-13.04.17:665][  0]LogD3D11RHI: Found D3D11 adapter 1: Intel(R) HD Graphics 4000 (Feature Level 11_0)
[2017.05.09-13.04.17:665][  0]LogD3D11RHI: Adapter has 32MB of dedicated video memory, 0MB of dedicated system memory, and 1760MB of shared system memory, 0 output[s]
[2017.05.09-13.04.17:667][  0]LogD3D11RHI: Found D3D11 adapter 2: Microsoft Basic Render Driver (Feature Level 11_0)
[2017.05.09-13.04.17:667][  0]LogD3D11RHI: Adapter has 0MB of dedicated video memory, 0MB of dedicated system memory, and 3011MB of shared system memory, 0 output[s]
[2017.05.09-13.04.17:667][  0]LogD3D11RHI: Chosen D3D11 Adapter Id = 0
[2017.05.09-13.04.17:674][  0]LogRHI: Texture pool is 1361 MB (70% of 1945 MB)
[2017.05.09-13.04.17:698][  0]LogD3D11RHI: Async texture creation enabled
[2017.05.09-13.04.19:000][  0]LogTextLocalizationManager: The requested culture ('en_US') has no localization data; parent culture's ('en') localization data will be used.
[2017.05.09-13.04.19:126][  0]LogTextLocalizationManager:Warning: Loading localization resources contain conflicting entries for (Namespace:UICommands, Key:Save_ToolTip):
Resource: (C:/Program Files/Epic Games/UE_4.7/Engine/Content/Localization/Editor/en/Editor.locres) Hash: (-29098895) String: (Saves the current level to disk)
Resource: (C:/Program Files/Epic Games/UE_4.7/Engine/Content/Localization/Engine/en/Engine.locres) Hash: (-1280300587) String: (Save selected data to vlog file)
[2017.05.09-13.04.19:126][  0]LogTextLocalizationManager:Warning: Loading localization resources contain conflicting entries for (Namespace:ContentBrowser, Key:ImportAssetToolTip):
Resource: (C:/Program Files/Epic Games/UE_4.7/Engine/Content/Localization/Editor/en/Editor.locres) Hash: (-630476809) String: (Import to {0}...)
Resource: (C:/Program Files/Epic Games/UE_4.7/Engine/Content/Localization/Editor/en/Editor.locres) Hash: (1271782899) String: (Imports an asset from file to this folder.)
[2017.05.09-13.04.19:263][  0]LogContentStreaming: Texture pool size is 0.000000MB
[2017.05.09-13.04.34:311][  0]LogTargetPlatformManager:Display: Building Assets For Windows
[2017.05.09-13.04.36:987][  0]LogTargetPlatformManager:Display: Building Assets For Windows
[2017.05.09-13.04.37:137][  0]LogDerivedDataCache:Display: Max Cache Size: 512 MB
[2017.05.09-13.04.37:818][  0]LogDerivedDataCache: Loaded boot cache 0.67s 39MB C:/Users/marin/AppData/Local/UnrealEngine/4.7/DerivedDataCache/Boot.ddc.
[2017.05.09-13.04.37:818][  0]LogDerivedDataCache:Display: Loaded Boot cache: C:/Users/marin/AppData/Local/UnrealEngine/4.7/DerivedDataCache/Boot.ddc
[2017.05.09-13.04.37:818][  0]LogDerivedDataCache: FDerivedDataBackendGraph:  Pak pak cache file ../../../../../../Users/marin/Desktop/FerSimulator2015-master/DerivedDataCache/DDC.ddp not found, will not use a pak cache.
[2017.05.09-13.04.37:818][  0]LogDerivedDataCache: Unable to find inner node Pak for hierarchical cache Hierarchy.
[2017.05.09-13.04.38:075][  0]LogDerivedDataCache:Display: Pak cache opened for reading ../../../Engine/DerivedDataCache/Compressed.ddp.
[2017.05.09-13.04.38:094][  0]LogDerivedDataCache: Using Local data cache path C:/Users/marin/AppData/Local/UnrealEngine/Common/DerivedDataCache: Writable
[2017.05.09-13.04.51:265][  0]LogMeshUtilities: No automatic mesh reduction module available
[2017.05.09-13.04.51:265][  0]LogMeshUtilities: No automatic mesh merging module available
[2017.05.09-13.04.54:973][  0]LogInit: WinSock: version 1.1 (2.2), MaxSocks=32767, MaxUdp=65467
[2017.05.09-13.04.55:473][  0]LogSlate:Warning: Failed to load font data from '../../../Engine/Content/Slate/Fonts/Roboto-Italic.ttf'
[2017.05.09-13.05.26:421][  0]UdpMessaging: Initializing bridge on interface 0.0.0.0:0 to multicast group 230.0.0.1:6666.
[2017.05.09-13.05.27:566][  0]SourceControl: Info Source control is disabled
[2017.05.09-13.05.27:566][  0]SourceControl: Info Source control is disabled
[2017.05.09-13.05.27:566][  0]SourceControl: Info Source control is disabled
[2017.05.09-13.05.27:567][  0]LogSourceControl: RunCommandInternalRaw: 'git version'
[2017.05.09-13.05.27:567][  0]LogSourceControl: RunCommandInternalRaw: ExecProcess ReturnCode=2 OutResults=''
[2017.05.09-13.05.27:588][  0]SourceControl: Info Source control is disabled
[2017.05.09-13.05.29:083][  0]LogObj: 24232 objects as part of root set at end of initial load.
[2017.05.09-13.05.29:083][  0]LogUObjectAllocator: 5137176 out of 0 bytes used by permanent object pool.
[2017.05.09-13.05.30:320][  0]LogEngine: Initializing Engine...
[2017.05.09-13.05.33:717][  0]LogInit: XAudio2 using 'Speakers (IDT High Definition Audio CODEC)' : 2 channels at 44.1 kHz using 16 bits per sample (channel mask 0x3)
[2017.05.09-13.05.33:899][  0]LogInit: FAudioDevice initialized.
[2017.05.09-13.05.34:702][  0]LogAIModule: Creating AISystem for world NewWorld
[2017.05.09-13.05.34:760][  0]LogDerivedDataCache: Saved boot cache 0.03s 39MB C:/Users/marin/AppData/Local/UnrealEngine/4.7/DerivedDataCache/Boot.ddc.
[2017.05.09-13.05.34:788][  0]LogInit: Texture streaming: Enabled
[2017.05.09-13.05.35:544][  0]LogAnalytics: Creating configured Analytics provider AnalyticsET
[2017.05.09-13.05.35:544][  0]LogAnalytics: ET APIKey = Rocket.Release. APIServer = http://et2.epicgames.com/ET2/. AppVersion = 4.7.6-2513093+++depot+UE4-Releases+4.7
[2017.05.09-13.05.35:544][  0]LogAnalytics: ET APIKey = Rocket.Release. DataRouterUploadURL = https://datarouter-public-service-gamedev.ol.epicgames.net/datarouter/api/v1/public/data. AppVersion = 4.7.6-2513093+++depot+UE4-Releases+4.7
[2017.05.09-13.05.35:544][  0]LogAnalytics: SetUserId 85768ada4834b528c0485cb2f19c425d|a3a4ae65e6154c5ba95c9f5d7aa92564|d0436549-9a1d-46ac-b753-1744c5233c1f
[2017.05.09-13.05.35:558][  0]LogAnalytics: AnalyticsET::StartSession [Rocket.Release]
[2017.05.09-13.05.35:915][  0]LogInit: Transaction tracking system initialized
[2017.05.09-13.05.41:974][  0]BlueprintLog: New page: Editor Load
[2017.05.09-13.05.42:132][  0]LogAssetRegistry: FAssetRegistry took 0.0107 seconds to start up
[2017.05.09-13.05.42:184][  0]LogDirectoryWatcher:Warning: Failed to begin reading directory changes for ../../../Engine/Plugins/Experimental/CharacterAI/Content/. Error: 0
[2017.05.09-13.05.45:411][  0]LogTargetPlatformManager:Display: Building Assets For Windows
[2017.05.09-13.05.46:032][  0]LogTargetPlatformManager:Display: Building Assets For Windows
[2017.05.09-13.05.51:509][  0]LogSlate:Warning: Failed to load font data from '../../../Engine/Content/Editor/Slate/Fonts/Roboto-Regular.ttf'
[2017.05.09-13.05.51:510][  0]LogSlate:Warning: Failed to load font data from '../../../Engine/Content/Editor/Slate/Fonts/Roboto-Bold.ttf'
[2017.05.09-13.05.51:940][  0]LogConsoleResponse:Display: 
[2017.05.09-13.06.02:273][  0]LogCook:Display: Done creating registry. It took  0.00s.
[2017.05.09-13.06.04:355][  0]SourceControl: Info Source control is disabled
[2017.05.09-13.06.04:959][  0]Cmd: MAP LOAD FILE="../../../../../../Users/marin/Desktop/FerSimulator2015-master/Content/FER.umap" TEMPLATE=0 SHOWPROGRESS=1 FEATURELEVEL=3
[2017.05.09-13.06.05:169][  0]LightingResults: New page: Lighting Build
[2017.05.09-13.06.05:336][  0]MapCheck: New page: Map Check
[2017.05.09-13.06.05:336][  0]LightingResults: New page: Lighting Build
[2017.05.09-13.06.05:810][  0]LogParticles: Destroying 0 GPU particle simulations for FXSystem 0x0000021D01A2FB00
[2017.05.09-13.06.37:771][  0]LogPhysics:Warning: AddConvexElemsToRigidActor: ConvexElem is missing ConvexMesh (0: /Game/Models/Prostori/strop_referadaO.strop_referadaO:BodySetup_1086)
[2017.05.09-13.06.37:851][  0]LogPhysics:Warning: AddConvexElemsToRigidActor: ConvexElem is missing ConvexMesh (0: /Game/Models/Prostori/pod_referadaL_NW.pod_referadaL_NW:BodySetup_50)
[2017.05.09-13.06.37:852][  0]LogPhysics:Warning: AddConvexElemsToRigidActor: ConvexElem is missing ConvexMesh (0: /Game/Models/Prostori/pod_referadaR_NW.pod_referadaR_NW:BodySetup_53)
[2017.05.09-13.06.38:354][  0]LogPrimitiveComponent: Zero scaling not supported (/Game/FER.FER:PersistentLevel.bloker10_7.StaticMeshComponent0)
[2017.05.09-13.06.39:005][  0]LogEditorServer: Finished looking for orphan Actors (0.000 secs)
[2017.05.09-13.06.39:020][  0]LogAIModule: Creating AISystem for world FER
[2017.05.09-13.06.39:065][  0]Cmd: MAP CHECKDEP
[2017.05.09-13.06.39:065][  0]MapCheck: New page: FER - May 9, 2017, 5:06:39 PM
[2017.05.09-13.06.39:468][  0]MapCheck: Info Map check complete: 0 Error(s), 0 Warning(s), took 402.921ms to complete.
[2017.05.09-13.06.39:468][  0]LogFileHelpers: Loading map 'FER' took 34.584
[2017.05.09-13.06.40:286][  0]LogCollectionManager: Loaded 0 collections in 0.004557 seconds
[2017.05.09-13.06.40:319][  0]LogContentBrowser: Native class hierarchy populated in 0.0321 seconds. Added 1696 classes and 261 folders.
[2017.05.09-13.06.41:113][  0]LogContentBrowser: Native class hierarchy updated for 'SceneOutliner' in 0.0039 seconds. Added 1 classes and 2 folders.
[2017.05.09-13.06.41:742][  0]LogCrashTracker: Crashtracker disabled due to settings.
[2017.05.09-13.06.41:811][  0]LogSlate:Warning: Failed to load font data from 'Veranda'
[2017.05.09-13.06.41:881][  0]LogUObjectGlobals:Warning: Failed to find object 'Class None.'
[2017.05.09-13.06.41:987][  0]LogLoad: Full Startup: 153.08 seconds (BP compile: 1.86 seconds)
[2017.05.09-13.06.42:513][  0]LogContentBrowser:Verbose: The content browser source was changed by the sources view to '/Game/Walking/Characters/Person1'
[2017.05.09-13.06.42:998][  0]LogRenderer:Warning: Reallocating scene render targets to support 32x32 (Frame:2).
[2017.05.09-13.06.43:619][  0]LogRenderer:Warning: Reallocating scene render targets to support 1264x784 (Frame:3).
[2017.05.09-13.06.48:014][ 13]LogAssetRegistry: Asset discovery search completed in 65.8926 seconds
[2017.05.09-13.11.09:847][796]LogActorComponent: UnregisterComponent: (/Engine/Transient.CharMoveComp) Not registered. Aborting.
[2017.05.09-13.11.11:130][797]Cmd: QUIT_EDITOR
[2017.05.09-13.11.12:232][797]LogExit: Preparing to exit.
[2017.05.09-13.11.13:466][797]LogExit: Editor shut down
[2017.05.09-13.11.13:467][797]LogExit: Transaction tracking system shut down
[2017.05.09-13.11.13:470][797]LogParticles: Destroying 0 GPU particle simulations for FXSystem 0x0000021D0CC79260
[2017.05.09-13.11.13:474][797]LogParticles: Destroying 0 GPU particle simulations for FXSystem 0x0000021D0FBBE7A0
[2017.05.09-13.11.13:474][797]LogParticles: Destroying 0 GPU particle simulations for FXSystem 0x0000021D18107100
[2017.05.09-13.11.13:474][797]LogParticles: Destroying 0 GPU particle simulations for FXSystem 0x0000021D181056C0
[2017.05.09-13.11.13:474][797]LogParticles: Destroying 0 GPU particle simulations for FXSystem 0x0000021D2B3EF1A0
[2017.05.09-13.11.13:474][797]LogParticles: Destroying 0 GPU particle simulations for FXSystem 0x0000021D2B667D80
[2017.05.09-13.11.14:514][797]LogExit: Object subsystem successfully closed.
[2017.05.09-13.11.15:228][797]LogModuleManager: Shutting down and abandoning module CrashTracker (177)
[2017.05.09-13.11.15:229][797]LogModuleManager: Shutting down and abandoning module SuperSearch (176)
[2017.05.09-13.11.15:229][797]LogModuleManager: Shutting down and abandoning module SceneOutliner (175)
[2017.05.09-13.11.15:240][797]LogModuleManager: Shutting down and abandoning module EditorWidgets (174)
[2017.05.09-13.11.15:240][797]LogModuleManager: Shutting down and abandoning module CollectionManager (173)
[2017.05.09-13.11.15:241][797]LogModuleManager: Shutting down and abandoning module StatsViewer (172)
[2017.05.09-13.11.15:262][797]LogModuleManager: Shutting down and abandoning module FoliageEdit (171)
[2017.05.09-13.11.15:263][797]LogModuleManager: Shutting down and abandoning module LandscapeEditor (170)
[2017.05.09-13.11.15:278][797]LogModuleManager: Shutting down and abandoning module MeshPaint (169)
[2017.05.09-13.11.15:287][797]LogModuleManager: Shutting down and abandoning module ActorPickerMode (168)
[2017.05.09-13.11.15:287][797]LogModuleManager: Shutting down and abandoning module GeometryMode (167)
[2017.05.09-13.11.15:287][797]LogModuleManager: Shutting down and abandoning module TextureAlignMode (166)
[2017.05.09-13.11.15:287][797]LogModuleManager: Shutting down and abandoning module BspMode (165)
[2017.05.09-13.11.15:287][797]LogModuleManager: Shutting down and abandoning module PlacementMode (164)
[2017.05.09-13.11.15:287][797]LogModuleManager: Shutting down and abandoning module AutomationWorker (163)
[2017.05.09-13.11.15:287][797]LogModuleManager: Shutting down and abandoning module CharacterAI (162)
[2017.05.09-13.11.15:287][797]LogModuleManager: Shutting down and abandoning module SmartSnapping (161)
[2017.05.09-13.11.15:287][797]LogModuleManager: Shutting down and abandoning module ViewportSnapping (160)
[2017.05.09-13.11.15:287][797]LogModuleManager: Shutting down and abandoning module LogVisualizer (159)
[2017.05.09-13.11.15:319][797]LogModuleManager: Shutting down and abandoning module GameProjectGeneration (158)
[2017.05.09-13.11.15:327][797]LogModuleManager: Shutting down and abandoning module IntroTutorials (157)
[2017.05.09-13.11.15:352][797]LogModuleManager: Shutting down and abandoning module EditorLiveStreaming (156)
[2017.05.09-13.11.15:353][797]LogModuleManager: Shutting down and abandoning module HardwareTargeting (155)
[2017.05.09-13.11.15:353][797]LogModuleManager: Shutting down and abandoning module DeviceProfileEditor (154)
[2017.05.09-13.11.15:356][797]LogModuleManager: Shutting down and abandoning module UndoHistory (153)
[2017.05.09-13.11.15:369][797]LogModuleManager: Shutting down and abandoning module GameplayTagsEditor (152)
[2017.05.09-13.11.15:369][797]LogModuleManager: Shutting down and abandoning module UserFeedback (151)
[2017.05.09-13.11.15:369][797]LogModuleManager: Shutting down and abandoning module XmlParser (150)
[2017.05.09-13.11.15:375][797]LogModuleManager: Shutting down and abandoning module Blutility (149)
[2017.05.09-13.11.15:375][797]LogModuleManager: Shutting down and abandoning module IOSPlatformEditor (148)
[2017.05.09-13.11.15:375][797]LogModuleManager: Shutting down and abandoning module IOSRuntimeSettings (147)
[2017.05.09-13.11.15:375][797]LogModuleManager: Shutting down and abandoning module AndroidDeviceDetection (146)
[2017.05.09-13.11.15:858][797]LogModuleManager: Shutting down and abandoning module AndroidPlatformEditor (145)
[2017.05.09-13.11.15:858][797]LogModuleManager: Shutting down and abandoning module AndroidRuntimeSettings (144)
[2017.05.09-13.11.15:858][797]LogModuleManager: Shutting down and abandoning module ProjectTargetPlatformEditor (143)
[2017.05.09-13.11.15:884][797]LogModuleManager: Shutting down and abandoning module ProjectSettingsViewer (142)
[2017.05.09-13.11.15:885][797]LogModuleManager: Shutting down and abandoning module InputBindingEditor (141)
[2017.05.09-13.11.15:920][797]LogModuleManager: Shutting down and abandoning module EditorSettingsViewer (140)
[2017.05.09-13.11.15:920][797]LogModuleManager: Shutting down and abandoning module SettingsEditor (139)
[2017.05.09-13.11.15:932][797]LogModuleManager: Shutting down and abandoning module ProjectLauncher (138)
[2017.05.09-13.11.15:945][797]LogModuleManager: Shutting down and abandoning module SessionFrontend (137)
[2017.05.09-13.11.15:950][797]LogModuleManager: Shutting down and abandoning module ProfilerClient (136)
[2017.05.09-13.11.15:964][797]LogModuleManager: Shutting down and abandoning module TargetDeviceServices (135)
[2017.05.09-13.11.15:964][797]LogModuleManager: Shutting down and abandoning module DeviceManager (134)
[2017.05.09-13.11.15:972][797]LogModuleManager: Shutting down and abandoning module AutomationController (133)
[2017.05.09-13.11.15:990][797]LogModuleManager: Shutting down and abandoning module AutomationWindow (132)
[2017.05.09-13.11.16:004][797]LogModuleManager: Shutting down and abandoning module Layers (131)
[2017.05.09-13.11.16:022][797]LogModuleManager: Shutting down and abandoning module ComponentVisualizers (130)
[2017.05.09-13.11.16:022][797]LogModuleManager: Shutting down and abandoning module DetailCustomizations (129)
[2017.05.09-13.11.16:022][797]LogModuleManager: Shutting down and abandoning module PackagesDialog (128)
[2017.05.09-13.11.16:028][797]LogModuleManager: Shutting down and abandoning module AssetRegistry (127)
[2017.05.09-13.11.16:216][797]LogModuleManager: Shutting down and abandoning module Persona (126)
[2017.05.09-13.11.16:232][797]LogModuleManager: Shutting down and abandoning module SlateReflector (125)
[2017.05.09-13.11.16:245][797]LogModuleManager: Shutting down and abandoning module LevelEditor (124)
[2017.05.09-13.11.16:275][797]LogModuleManager: Shutting down and abandoning module Kismet (123)
[2017.05.09-13.11.16:275][797]LogModuleManager: Shutting down and abandoning module GraphEditor (122)
[2017.05.09-13.11.16:304][797]LogModuleManager: Shutting down and abandoning module ClassViewer (121)
[2017.05.09-13.11.16:304][797]LogModuleManager: Shutting down and abandoning module Toolbox (120)
[2017.05.09-13.11.16:304][797]LogModuleManager: Shutting down and abandoning module ModuleUI (119)
[2017.05.09-13.11.16:311][797]LogModuleManager: Shutting down and abandoning module MovieSceneTools (118)
[2017.05.09-13.11.16:353][797]LogModuleManager: Shutting down and abandoning module OutputLog (117)
[2017.05.09-13.11.16:353][797]LogModuleManager: Shutting down and abandoning module GammaUI (116)
[2017.05.09-13.11.16:363][797]LogModuleManager: Shutting down and abandoning module Documentation (115)
[2017.05.09-13.11.16:363][797]LogModuleManager: Shutting down and abandoning module GameLiveStreaming (114)
[2017.05.09-13.11.16:371][797]LogModuleManager: Shutting down and abandoning module StreamingPauseRendering (113)
[2017.05.09-13.11.16:380][797]LogModuleManager: Shutting down and abandoning module HTTP (112)
[2017.05.09-13.11.16:389][797]LogModuleManager: Shutting down and abandoning module AnalyticsET (111)
[2017.05.09-13.11.16:389][797]LogModuleManager: Shutting down and abandoning module Analytics (110)
[2017.05.09-13.11.16:389][797]LogModuleManager: Shutting down and abandoning module AITestSuite (109)
[2017.05.09-13.11.16:399][797]LogModuleManager: Shutting down and abandoning module GameplayDebugger (108)
[2017.05.09-13.11.16:409][797]LogModuleManager: Shutting down and abandoning module AIModule (107)
[2017.05.09-13.11.16:421][797]LogModuleManager: Shutting down and abandoning module ProfilerService (106)
[2017.05.09-13.11.16:595][797]LogModuleManager: Shutting down and abandoning module TaskGraph (105)
[2017.05.09-13.11.16:614][797]LogModuleManager: Shutting down and abandoning module SlateRemote (104)
[2017.05.09-13.11.16:614][797]LogModuleManager: Shutting down and abandoning module ScriptEditorPlugin (103)
[2017.05.09-13.11.16:614][797]LogModuleManager: Shutting down and abandoning module CustomMeshComponent (102)
[2017.05.09-13.11.16:614][797]LogModuleManager: Shutting down and abandoning module CableComponent (101)
[2017.05.09-13.11.16:622][797]LogModuleManager: Shutting down and abandoning module MessagingDebugger (100)
[2017.05.09-13.11.16:639][797]LogModuleManager: Shutting down and abandoning module MediaPlayerEditor (99)
[2017.05.09-13.11.16:649][797]LogModuleManager: Shutting down and abandoning module SpeedTreeImporter (98)
[2017.05.09-13.11.16:649][797]LogModuleManager: Shutting down and abandoning module PluginsEditor (97)
[2017.05.09-13.11.16:650][797]LogModuleManager: Shutting down and abandoning module MainFrame (96)
[2017.05.09-13.11.16:650][797]LogModuleManager: Shutting down and abandoning module EpicSurvey (95)
[2017.05.09-13.11.16:661][797]LogModuleManager: Shutting down and abandoning module DesktopPlatform (94)
[2017.05.09-13.11.16:679][797]LogModuleManager: Shutting down and abandoning module DirectoryWatcher (93)
[2017.05.09-13.11.16:679][797]LogModuleManager: Shutting down and abandoning module HotReload (92)
[2017.05.09-13.11.16:679][797]LogModuleManager: Shutting down and abandoning module VisualStudioSourceCodeAccess (91)
[2017.05.09-13.11.16:692][797]LogModuleManager: Shutting down and abandoning module UObjectPlugin (90)
[2017.05.09-13.11.16:692][797]LogModuleManager: Shutting down and abandoning module SubversionSourceControl (89)
[2017.05.09-13.11.16:697][797]LogModuleManager: Shutting down and abandoning module PerforceSourceControl (88)
[2017.05.09-13.11.16:727][797]LogModuleManager: Shutting down and abandoning module SourceControl (87)
[2017.05.09-13.11.16:743][797]LogModuleManager: Shutting down and abandoning module GitSourceControl (86)
[2017.05.09-13.11.16:754][797]LogModuleManager: Shutting down and abandoning module BlankPlugin (85)
[2017.05.09-13.11.16:754][797]LogModuleManager: Shutting down and abandoning module PaperTiledImporter (84)
[2017.05.09-13.11.16:754][797]LogModuleManager: Shutting down and abandoning module PaperJsonImporter (83)
[2017.05.09-13.11.16:754][797]LogModuleManager: Shutting down and abandoning module ContentBrowser (82)
[2017.05.09-13.11.16:755][797]LogModuleManager: Shutting down and abandoning module Paper2DEditor (81)
[2017.05.09-13.11.16:861][797]LogModuleManager: Shutting down and abandoning module ScriptPlugin (80)
[2017.05.09-13.11.16:875][797]LogModuleManager: Shutting down and abandoning module UdpMessaging (79)
[2017.05.09-13.11.16:976][797]LogModuleManager: Shutting down and abandoning module Paper2D (78)
[2017.05.09-13.11.17:003][797]LogModuleManager: Shutting down and abandoning module WindowsMoviePlayer (77)
[2017.05.09-13.11.17:020][797]LogModuleManager: Shutting down and abandoning module Media (76)
[2017.05.09-13.11.17:020][797]LogModuleManager: Shutting down and abandoning module WmfMedia (75)
[2017.05.09-13.11.17:021][797]LogModuleManager: Shutting down and abandoning module OnlineBlueprintSupport (74)
[2017.05.09-13.11.17:021][797]LogModuleManager: Shutting down and abandoning module PropertyEditor (73)
[2017.05.09-13.11.17:021][797]LogModuleManager: Shutting down and abandoning module BehaviorTreeEditor (72)
[2017.05.09-13.11.17:052][797]LogModuleManager: Shutting down and abandoning module FunctionalTesting (71)
[2017.05.09-13.11.17:070][797]LogModuleManager: Shutting down and abandoning module CollisionAnalyzer (70)
[2017.05.09-13.11.17:093][797]LogModuleManager: Shutting down and abandoning module WorkspaceMenuStructure (69)
[2017.05.09-13.11.17:093][797]LogModuleManager: Shutting down and abandoning module MessageLog (68)
[2017.05.09-13.11.17:093][797]LogModuleManager: Shutting down and abandoning module Sequencer (67)
[2017.05.09-13.11.17:095][797]LogModuleManager: Shutting down and abandoning module AssetTools (66)
[2017.05.09-13.11.17:161][797]LogModuleManager: Shutting down and abandoning module UMGEditor (65)
[2017.05.09-13.11.17:178][797]LogModuleManager: Shutting down and abandoning module UMG (64)
[2017.05.09-13.11.17:183][797]LogModuleManager: Shutting down and abandoning module Slate (63)
[2017.05.09-13.11.17:183][797]LogModuleManager: Shutting down and abandoning module EditorStyle (62)
[2017.05.09-13.11.17:191][797]LogModuleManager: Shutting down and abandoning module SessionServices (61)
[2017.05.09-13.11.17:191][797]LogModuleManager: Shutting down and abandoning module SourceCodeAccess (60)
[2017.05.09-13.11.17:191][797]LogModuleManager: Shutting down and abandoning module HeadMountedDisplay (59)
[2017.05.09-13.11.17:191][797]LogModuleManager: Shutting down and abandoning module XAudio2 (58)
[2017.05.09-13.11.17:191][797]LogModuleManager: Shutting down and abandoning module Networking (56)
[2017.05.09-13.11.17:191][797]LogModuleManager: Shutting down and abandoning module Core (55)
[2017.05.09-13.11.17:191][797]LogModuleManager: Shutting down and abandoning module KismetCompiler (54)
[2017.05.09-13.11.17:191][797]LogModuleManager: Shutting down and abandoning module PhysXFormats (53)
[2017.05.09-13.11.17:191][797]LogModuleManager: Shutting down and abandoning module MeshUtilities (52)
[2017.05.09-13.11.17:219][797]LogModuleManager: Shutting down and abandoning module DerivedDataCache (51)
[2017.05.09-13.11.17:285][797]LogDerivedDataCache: Shutdown
[2017.05.09-13.11.17:285][797]LogModuleManager: Shutting down and abandoning module ShaderFormatOpenGL (50)
[2017.05.09-13.11.17:294][797]LogModuleManager: Shutting down and abandoning module ShaderFormatD3D (49)
[2017.05.09-13.11.17:304][797]LogModuleManager: Shutting down and abandoning module MetalShaderFormat (48)
[2017.05.09-13.11.17:317][797]LogModuleManager: Shutting down and abandoning module TextureFormatUncompressed (47)
[2017.05.09-13.11.17:317][797]LogModuleManager: Shutting down and abandoning module TextureFormatPVR (46)
[2017.05.09-13.11.17:327][797]LogModuleManager: Shutting down and abandoning module TextureFormatIntelISPCTexComp (45)
[2017.05.09-13.11.17:335][797]LogModuleManager: Shutting down and abandoning module TextureFormatDXT (44)
[2017.05.09-13.11.17:335][797]LogModuleManager: Shutting down and abandoning module ImageWrapper (43)
[2017.05.09-13.11.17:335][797]LogModuleManager: Shutting down and abandoning module TextureFormatASTC (42)
[2017.05.09-13.11.17:347][797]LogModuleManager: Shutting down and abandoning module TextureFormatAndroid (41)
[2017.05.09-13.11.17:347][797]LogModuleManager: Shutting down and abandoning module AudioFormatOpus (40)
[2017.05.09-13.11.17:351][797]LogModuleManager: Shutting down and abandoning module AudioFormatOgg (39)
[2017.05.09-13.11.17:351][797]LogModuleManager: Shutting down and abandoning module AudioFormatADPCM (38)
[2017.05.09-13.11.17:351][797]LogModuleManager: Shutting down and abandoning module LinuxTargetPlatform (37)
[2017.05.09-13.11.17:351][797]LogModuleManager: Shutting down and abandoning module LinuxServerTargetPlatform (36)
[2017.05.09-13.11.17:356][797]LogModuleManager: Shutting down and abandoning module LinuxNoEditorTargetPlatform (35)
[2017.05.09-13.11.17:371][797]LogModuleManager: Shutting down and abandoning module Messaging (34)
[2017.05.09-13.11.17:371][797]LogModuleManager: Shutting down and abandoning module IOSTargetPlatform (33)
[2017.05.09-13.11.17:371][797]LogModuleManager: Shutting down and abandoning module HTML5TargetPlatform (32)
[2017.05.09-13.11.17:371][797]LogModuleManager: Shutting down and abandoning module Android_PVRTCTargetPlatform (31)
[2017.05.09-13.11.17:372][797]LogModuleManager: Shutting down and abandoning module Android_ETC2TargetPlatform (30)
[2017.05.09-13.11.17:372][797]LogModuleManager: Shutting down and abandoning module Android_ETC1TargetPlatform (29)
[2017.05.09-13.11.17:372][797]LogModuleManager: Shutting down and abandoning module Android_ES31TargetPlatform (28)
[2017.05.09-13.11.17:372][797]LogModuleManager: Shutting down and abandoning module Android_DXTTargetPlatform (27)
[2017.05.09-13.11.17:372][797]LogModuleManager: Shutting down and abandoning module Android_ATCTargetPlatform (26)
[2017.05.09-13.11.17:372][797]LogModuleManager: Shutting down and abandoning module AndroidTargetPlatform (25)
[2017.05.09-13.11.17:372][797]LogModuleManager: Shutting down and abandoning module WindowsTargetPlatform (24)
[2017.05.09-13.11.17:372][797]LogModuleManager: Shutting down and abandoning module WindowsServerTargetPlatform (23)
[2017.05.09-13.11.17:372][797]LogModuleManager: Shutting down and abandoning module WindowsNoEditorTargetPlatform (22)
[2017.05.09-13.11.17:372][797]LogModuleManager: Shutting down and abandoning module WindowsClientTargetPlatform (21)
[2017.05.09-13.11.17:372][797]LogModuleManager: Shutting down and abandoning module TargetPlatform (20)
[2017.05.09-13.11.17:372][797]LogModuleManager: Shutting down and abandoning module InputCore (19)
[2017.05.09-13.11.17:372][797]LogModuleManager: Shutting down and abandoning module Settings (18)
[2017.05.09-13.11.17:372][797]LogModuleManager: Shutting down and abandoning module OnlineSubsystem (16)
[2017.05.09-13.11.17:372][797]LogModuleManager: Shutting down and abandoning module OculusRift (15)
[2017.05.09-13.11.17:372][797]LogModuleManager: Shutting down and abandoning module ExampleDeviceProfileSelector (14)
[2017.05.09-13.11.17:372][797]LogModuleManager: Shutting down and abandoning module TextureCompressor (13)
[2017.05.09-13.11.17:381][797]LogModuleManager: Shutting down and abandoning module ShaderCore (12)
[2017.05.09-13.11.17:381][797]LogModuleManager: Shutting down and abandoning module Landscape (11)
[2017.05.09-13.11.17:381][797]LogModuleManager: Shutting down and abandoning module SlateRHIRenderer (10)
[2017.05.09-13.11.17:411][797]LogModuleManager: Shutting down and abandoning module OpenGLDrv (9)
[2017.05.09-13.11.17:411][797]LogModuleManager: Shutting down and abandoning module D3D11RHI (8)
[2017.05.09-13.11.17:411][797]LogModuleManager: Shutting down and abandoning module Renderer (7)
[2017.05.09-13.11.17:411][797]LogModuleManager: Shutting down and abandoning module Engine (6)
[2017.05.09-13.11.17:411][797]LogModuleManager: Shutting down and abandoning module CoreUObject (5)
[2017.05.09-13.11.17:411][797]LogModuleManager: Shutting down and abandoning module NetworkFile (4)
[2017.05.09-13.11.17:423][797]LogModuleManager: Shutting down and abandoning module StreamingFile (3)
[2017.05.09-13.11.17:434][797]LogModuleManager: Shutting down and abandoning module SandboxFile (2)
[2017.05.09-13.11.17:445][797]LogModuleManager: Shutting down and abandoning module PakFile (1)
[2017.05.09-13.11.17:460][797]LogExit: Exiting.
[2017.05.09-13.11.17:468][797]Log file closed, 05/09/17 15:11:17
