Log file open, 05/07/17 18:20:55
LogInit:Display: Running engine for game: FerSimulator
LogInit: Version: 4.7.6-2513093+++depot+UE4-Releases+4.7
LogInit: API Version: 2455222
LogInit: Compiled (64-bit): Apr 15 2015 12:09:54
LogInit: Compiled with Visual C++: 18.00.21005.01
LogInit: Build Configuration: Development
LogInit: Branch Name: ++depot+UE4-Releases+4.7
LogInit: Command line:  
LogInit: Base directory: C:/Program Files/Epic Games/UE_4.7/Engine/Binaries/Win64/
LogInit: Rocket: 1
[2017.05.07-16.20.56:001][  0]LogTaskGraph: Started task graph with 3 named threads and 4 total threads.
[2017.05.07-16.20.56:040][  0]LogOnline:Warning: No default platform service specified for OnlineSubsystem
[2017.05.07-16.20.56:061][  0]LogInit: Presizing for 0 objects not considered by GC, pre-allocating 0 bytes.
[2017.05.07-16.20.56:073][  0]LogInit: Object subsystem initialized
[2017.05.07-16.20.56:075][  0]LogConsoleResponse:Warning: Skipping Unknown console variable: 'TranslucentSortAxis = (X=0.000000,Y=-1.000000,Z=0.000000)'
[2017.05.07-16.20.56:075][  0]LogConsoleResponse:Warning:   Found in ini file 'C:/Users/marin/Desktop/FerSimulator2015-master/Saved/Config/Windows/Engine.ini', in section '[/Script/Engine.RendererSettings]'
[2017.05.07-16.20.56:075][  0]LogConsoleResponse:Warning: Skipping Unknown console variable: 'UIScaleRule = ShortestSide'
[2017.05.07-16.20.56:075][  0]LogConsoleResponse:Warning:   Found in ini file 'C:/Users/marin/Desktop/FerSimulator2015-master/Saved/Config/Windows/Engine.ini', in section '[/Script/Engine.RendererSettings]'
[2017.05.07-16.20.56:075][  0]LogConsoleResponse:Warning: Skipping Unknown console variable: 'UIScaleCurve = (EditorCurveData=(Keys=),ExternalCurve=None)'
[2017.05.07-16.20.56:075][  0]LogConsoleResponse:Warning:   Found in ini file 'C:/Users/marin/Desktop/FerSimulator2015-master/Saved/Config/Windows/Engine.ini', in section '[/Script/Engine.RendererSettings]'
[2017.05.07-16.20.56:075][  0]LogInit: Selected Device Profile: [Windows]
[2017.05.07-16.20.56:075][  0]LogInit: Applying CVar settings loaded from the selected device profile: [Windows]
[2017.05.07-16.20.56:088][  0]LogInit: Computer: DESKTOP-Q28GMSV
[2017.05.07-16.20.56:088][  0]LogInit: User: marin
[2017.05.07-16.20.56:088][  0]LogInit: CPU Page size=4096, Cores=2
[2017.05.07-16.20.56:088][  0]LogInit: High frequency timer resolution =2.533319 MHz
[2017.05.07-16.20.56:089][  0]LogMemory: Memory total: Physical=5.9GB (6GB approx) Virtual=131072.0GB
[2017.05.07-16.20.56:089][  0]LogMemory: Platform Memory Stats for Windows
[2017.05.07-16.20.56:089][  0]LogMemory: Process Physical Memory: 48.08 MB used, 48.08 MB peak
[2017.05.07-16.20.56:089][  0]LogMemory: Process Virtual Memory: 22.68 MB used, 22.68 MB peak
[2017.05.07-16.20.56:089][  0]LogMemory: Physical Memory: 2974.50 MB used, 6023.27 MB total
[2017.05.07-16.20.56:089][  0]LogMemory: Virtual Memory: 307.50 MB used, 134217728.00 MB total
[2017.05.07-16.20.56:240][  0]LogD3D11RHI: Found D3D11 adapter 0: NVIDIA GeForce GT 720M (Feature Level 11_0)
[2017.05.07-16.20.56:240][  0]LogD3D11RHI: Adapter has 1999MB of dedicated video memory, 0MB of dedicated system memory, and 3011MB of shared system memory, 1 output[s]
[2017.05.07-16.20.56:243][  0]LogD3D11RHI: Found D3D11 adapter 1: Intel(R) HD Graphics 4000 (Feature Level 11_0)
[2017.05.07-16.20.56:243][  0]LogD3D11RHI: Adapter has 32MB of dedicated video memory, 0MB of dedicated system memory, and 1760MB of shared system memory, 0 output[s]
[2017.05.07-16.20.56:244][  0]LogD3D11RHI: Found D3D11 adapter 2: Microsoft Basic Render Driver (Feature Level 11_0)
[2017.05.07-16.20.56:244][  0]LogD3D11RHI: Adapter has 0MB of dedicated video memory, 0MB of dedicated system memory, and 3011MB of shared system memory, 0 output[s]
[2017.05.07-16.20.56:244][  0]LogD3D11RHI: Chosen D3D11 Adapter Id = 0
[2017.05.07-16.20.56:249][  0]LogRHI: Texture pool is 1361 MB (70% of 1945 MB)
[2017.05.07-16.20.56:268][  0]LogD3D11RHI: Async texture creation enabled
[2017.05.07-16.20.56:709][  0]LogTextLocalizationManager: The requested culture ('en_US') has no localization data; parent culture's ('en') localization data will be used.
[2017.05.07-16.20.56:789][  0]LogTextLocalizationManager:Warning: Loading localization resources contain conflicting entries for (Namespace:UICommands, Key:Save_ToolTip):
Resource: (C:/Program Files/Epic Games/UE_4.7/Engine/Content/Localization/Editor/en/Editor.locres) Hash: (-29098895) String: (Saves the current level to disk)
Resource: (C:/Program Files/Epic Games/UE_4.7/Engine/Content/Localization/Engine/en/Engine.locres) Hash: (-1280300587) String: (Save selected data to vlog file)
[2017.05.07-16.20.56:789][  0]LogTextLocalizationManager:Warning: Loading localization resources contain conflicting entries for (Namespace:ContentBrowser, Key:ImportAssetToolTip):
Resource: (C:/Program Files/Epic Games/UE_4.7/Engine/Content/Localization/Editor/en/Editor.locres) Hash: (-630476809) String: (Import to {0}...)
Resource: (C:/Program Files/Epic Games/UE_4.7/Engine/Content/Localization/Editor/en/Editor.locres) Hash: (1271782899) String: (Imports an asset from file to this folder.)
[2017.05.07-16.20.56:880][  0]LogContentStreaming: Texture pool size is 0.000000MB
[2017.05.07-16.21.02:159][  0]LogTargetPlatformManager:Display: Building Assets For Windows
[2017.05.07-16.21.02:802][  0]LogTargetPlatformManager:Display: Building Assets For Windows
[2017.05.07-16.21.02:894][  0]LogDerivedDataCache:Display: Max Cache Size: 512 MB
[2017.05.07-16.21.03:220][  0]LogDerivedDataCache: Loaded boot cache 0.33s 39MB C:/Users/marin/AppData/Local/UnrealEngine/4.7/DerivedDataCache/Boot.ddc.
[2017.05.07-16.21.03:220][  0]LogDerivedDataCache:Display: Loaded Boot cache: C:/Users/marin/AppData/Local/UnrealEngine/4.7/DerivedDataCache/Boot.ddc
[2017.05.07-16.21.03:220][  0]LogDerivedDataCache: FDerivedDataBackendGraph:  Pak pak cache file ../../../../../../Users/marin/Desktop/FerSimulator2015-master/DerivedDataCache/DDC.ddp not found, will not use a pak cache.
[2017.05.07-16.21.03:220][  0]LogDerivedDataCache: Unable to find inner node Pak for hierarchical cache Hierarchy.
[2017.05.07-16.21.03:492][  0]LogDerivedDataCache:Display: Pak cache opened for reading ../../../Engine/DerivedDataCache/Compressed.ddp.
[2017.05.07-16.21.03:504][  0]LogDerivedDataCache: Using Local data cache path C:/Users/marin/AppData/Local/UnrealEngine/Common/DerivedDataCache: Writable
[2017.05.07-16.21.11:272][  0]LogMeshUtilities: No automatic mesh reduction module available
[2017.05.07-16.21.11:272][  0]LogMeshUtilities: No automatic mesh merging module available
[2017.05.07-16.21.13:359][  0]LogInit: WinSock: version 1.1 (2.2), MaxSocks=32767, MaxUdp=65467
[2017.05.07-16.21.13:849][  0]LogSlate:Warning: Failed to load font data from '../../../Engine/Content/Slate/Fonts/Roboto-Italic.ttf'
[2017.05.07-16.21.35:055][  0]UdpMessaging: Initializing bridge on interface 0.0.0.0:0 to multicast group 230.0.0.1:6666.
[2017.05.07-16.21.36:143][  0]SourceControl: Info Source control is disabled
[2017.05.07-16.21.36:143][  0]SourceControl: Info Source control is disabled
[2017.05.07-16.21.36:144][  0]SourceControl: Info Source control is disabled
[2017.05.07-16.21.36:144][  0]LogSourceControl: RunCommandInternalRaw: 'git version'
[2017.05.07-16.21.36:151][  0]LogSourceControl: RunCommandInternalRaw: ExecProcess ReturnCode=2 OutResults=''
[2017.05.07-16.21.36:167][  0]SourceControl: Info Source control is disabled
[2017.05.07-16.21.37:325][  0]LogObj: 24232 objects as part of root set at end of initial load.
[2017.05.07-16.21.37:325][  0]LogUObjectAllocator: 5137176 out of 0 bytes used by permanent object pool.
[2017.05.07-16.21.38:080][  0]LogEngine: Initializing Engine...
[2017.05.07-16.21.41:032][  0]LogInit: XAudio2 using 'Speakers (IDT High Definition Audio CODEC)' : 2 channels at 44.1 kHz using 16 bits per sample (channel mask 0x3)
[2017.05.07-16.21.41:121][  0]LogInit: FAudioDevice initialized.
[2017.05.07-16.21.41:617][  0]LogAIModule: Creating AISystem for world NewWorld
[2017.05.07-16.21.41:729][  0]LogDerivedDataCache: Saved boot cache 0.09s 39MB C:/Users/marin/AppData/Local/UnrealEngine/4.7/DerivedDataCache/Boot.ddc.
[2017.05.07-16.21.41:746][  0]LogInit: Texture streaming: Enabled
[2017.05.07-16.21.42:070][  0]LogAnalytics: Creating configured Analytics provider AnalyticsET
[2017.05.07-16.21.42:070][  0]LogAnalytics: ET APIKey = Rocket.Release. APIServer = http://et2.epicgames.com/ET2/. AppVersion = 4.7.6-2513093+++depot+UE4-Releases+4.7
[2017.05.07-16.21.42:070][  0]LogAnalytics: ET APIKey = Rocket.Release. DataRouterUploadURL = https://datarouter-public-service-gamedev.ol.epicgames.net/datarouter/api/v1/public/data. AppVersion = 4.7.6-2513093+++depot+UE4-Releases+4.7
[2017.05.07-16.21.42:070][  0]LogAnalytics: SetUserId 85768ada4834b528c0485cb2f19c425d|a3a4ae65e6154c5ba95c9f5d7aa92564|d0436549-9a1d-46ac-b753-1744c5233c1f
[2017.05.07-16.21.42:084][  0]LogAnalytics: AnalyticsET::StartSession [Rocket.Release]
[2017.05.07-16.21.42:362][  0]LogInit: Transaction tracking system initialized
[2017.05.07-16.21.44:829][  0]BlueprintLog: New page: Editor Load
[2017.05.07-16.21.45:037][  0]LogAssetRegistry: FAssetRegistry took 0.0104 seconds to start up
[2017.05.07-16.21.45:038][  0]LogDirectoryWatcher:Warning: Failed to begin reading directory changes for ../../../Engine/Plugins/Experimental/CharacterAI/Content/. Error: 0
[2017.05.07-16.21.50:142][  0]LogTargetPlatformManager:Display: Building Assets For Windows
[2017.05.07-16.21.50:628][  0]LogTargetPlatformManager:Display: Building Assets For Windows
[2017.05.07-16.21.52:731][  0]LogSlate:Warning: Failed to load font data from '../../../Engine/Content/Editor/Slate/Fonts/Roboto-Regular.ttf'
[2017.05.07-16.21.52:732][  0]LogSlate:Warning: Failed to load font data from '../../../Engine/Content/Editor/Slate/Fonts/Roboto-Bold.ttf'
[2017.05.07-16.21.53:008][  0]LogConsoleResponse:Display: 
[2017.05.07-16.21.56:093][  0]LogCook:Display: Done creating registry. It took  0.00s.
[2017.05.07-16.21.57:923][  0]SourceControl: Info Source control is disabled
[2017.05.07-16.22.08:803][  0]Cmd: MAP LOAD FILE="../../../../../../Users/marin/Desktop/FerSimulator2015-master/Content/FER.umap" TEMPLATE=0 SHOWPROGRESS=1 FEATURELEVEL=3
[2017.05.07-16.22.08:833][  0]LightingResults: New page: Lighting Build
[2017.05.07-16.22.08:901][  0]MapCheck: New page: Map Check
[2017.05.07-16.22.08:901][  0]LightingResults: New page: Lighting Build
[2017.05.07-16.22.08:919][  0]LogParticles: Destroying 0 GPU particle simulations for FXSystem 0x000002CC07ABBB00
[2017.05.07-16.22.27:273][  0]LogPhysics:Warning: AddConvexElemsToRigidActor: ConvexElem is missing ConvexMesh (0: /Game/Models/Prostori/strop_referadaO.strop_referadaO:BodySetup_1086)
[2017.05.07-16.22.27:336][  0]LogPhysics:Warning: AddConvexElemsToRigidActor: ConvexElem is missing ConvexMesh (0: /Game/Models/Prostori/pod_referadaL_NW.pod_referadaL_NW:BodySetup_50)
[2017.05.07-16.22.27:337][  0]LogPhysics:Warning: AddConvexElemsToRigidActor: ConvexElem is missing ConvexMesh (0: /Game/Models/Prostori/pod_referadaR_NW.pod_referadaR_NW:BodySetup_53)
[2017.05.07-16.22.27:729][  0]LogPrimitiveComponent: Zero scaling not supported (/Game/FER.FER:PersistentLevel.bloker10_7.StaticMeshComponent0)
[2017.05.07-16.22.28:047][  0]LogEditorServer: Finished looking for orphan Actors (0.000 secs)
[2017.05.07-16.22.28:688][  0]LogAIModule: Creating AISystem for world FER
[2017.05.07-16.22.28:700][  0]Cmd: MAP CHECKDEP
[2017.05.07-16.22.28:700][  0]MapCheck: New page: FER - May 7, 2017, 8:22:28 PM
[2017.05.07-16.22.29:049][  0]MapCheck: Info Map check complete: 0 Error(s), 0 Warning(s), took 349.061ms to complete.
[2017.05.07-16.22.29:049][  0]LogFileHelpers: Loading map 'FER' took 20.246
[2017.05.07-16.22.29:655][  0]LogStats:Warning: MetaData mismatch. Did you assign a stat to two groups? New //STATGROUP_Threads//SplashScreenThread///Thread_1a18_0///////STATCAT_Advanced//// old //STATGROUP_Threads//SplashScreenThread///Thread_3068_0///////STATCAT_Advanced////
[2017.05.07-16.22.29:655][  0]LogCollectionManager: Loaded 0 collections in 0.003058 seconds
[2017.05.07-16.22.29:690][  0]LogContentBrowser: Native class hierarchy populated in 0.0312 seconds. Added 1696 classes and 261 folders.
[2017.05.07-16.22.30:060][  0]LogContentBrowser: Native class hierarchy updated for 'SceneOutliner' in 0.0026 seconds. Added 1 classes and 2 folders.
[2017.05.07-16.22.30:391][  0]LogCrashTracker: Crashtracker disabled due to settings.
[2017.05.07-16.22.30:407][  0]LogSlate:Warning: Failed to load font data from 'Veranda'
[2017.05.07-16.22.30:418][  0]LogUObjectGlobals:Warning: Failed to find object 'Class None.'
[2017.05.07-16.22.30:484][  0]LogLoad: Full Startup: 97.33 seconds (BP compile: 1.18 seconds)
[2017.05.07-16.22.30:973][  0]LogRenderer:Warning: Reallocating scene render targets to support 32x32 (Frame:2).
[2017.05.07-16.22.31:237][  0]LogRenderer:Warning: Reallocating scene render targets to support 1264x784 (Frame:5).
[2017.05.07-16.22.31:388][  1]LogContentBrowser:Verbose: The content browser source was changed by the sources view to '/Game/Textures/Objekti'
[2017.05.07-16.22.32:095][  8]LogAssetRegistry: Asset discovery search completed in 47.0682 seconds
[2017.05.07-16.22.38:284][ 32]LogEditorViewport: Clicking on Actor (LMB): StaticMeshActor (pod_hodnik)
[2017.05.07-16.26.22:038][984]LogActorComponent: UnregisterComponent: (/Engine/Transient.CharMoveComp) Not registered. Aborting.
[2017.05.07-16.26.27:470][984]Cmd: OBJ SAVEPACKAGE PACKAGE="/Game/FER" FILE="../../../../../../Users/marin/Desktop/FerSimulator2015-master/Content/FER.umap" SILENT=true AUTOSAVING=false KEEPDIRTY=false
[2017.05.07-16.26.30:553][984]LogSavePackage: Save=3014.321045ms
[2017.05.07-16.26.30:553][984]LogSavePackage: Moving '../../../../../../Users/marin/Desktop/FerSimulator2015-master/Saved/FER66A62E274228A3036B14F28D46B1CE2E.tmp' to '../../../../../../Users/marin/Desktop/FerSimulator2015-master/Content/FER.umap'
[2017.05.07-16.26.30:613][984]LogFileHelpers: Saving map 'FER' took 3.479
[2017.05.07-16.26.31:297][985]Cmd: QUIT_EDITOR
[2017.05.07-16.26.31:607][985]LogExit: Preparing to exit.
[2017.05.07-16.26.32:317][985]LogExit: Editor shut down
[2017.05.07-16.26.32:319][985]LogExit: Transaction tracking system shut down
[2017.05.07-16.26.32:325][985]LogParticles: Destroying 0 GPU particle simulations for FXSystem 0x000002CC0B5E3BA0
[2017.05.07-16.26.32:439][985]LogParticles: Destroying 0 GPU particle simulations for FXSystem 0x000002CC1A47BBA0
[2017.05.07-16.26.32:439][985]LogParticles: Destroying 0 GPU particle simulations for FXSystem 0x000002CC1A3C4D60
[2017.05.07-16.26.32:439][985]LogParticles: Destroying 0 GPU particle simulations for FXSystem 0x000002CC1A2DEFC0
[2017.05.07-16.26.32:439][985]LogExit: Object subsystem successfully closed.
[2017.05.07-16.26.32:513][985]LogModuleManager: Shutting down and abandoning module CrashTracker (177)
[2017.05.07-16.26.32:513][985]LogModuleManager: Shutting down and abandoning module SuperSearch (176)
[2017.05.07-16.26.32:513][985]LogModuleManager: Shutting down and abandoning module SceneOutliner (175)
[2017.05.07-16.26.32:513][985]LogModuleManager: Shutting down and abandoning module EditorWidgets (174)
[2017.05.07-16.26.32:513][985]LogModuleManager: Shutting down and abandoning module CollectionManager (173)
[2017.05.07-16.26.32:513][985]LogModuleManager: Shutting down and abandoning module StatsViewer (172)
[2017.05.07-16.26.32:514][985]LogModuleManager: Shutting down and abandoning module FoliageEdit (171)
[2017.05.07-16.26.32:514][985]LogModuleManager: Shutting down and abandoning module LandscapeEditor (170)
[2017.05.07-16.26.32:514][985]LogModuleManager: Shutting down and abandoning module MeshPaint (169)
[2017.05.07-16.26.32:514][985]LogModuleManager: Shutting down and abandoning module ActorPickerMode (168)
[2017.05.07-16.26.32:514][985]LogModuleManager: Shutting down and abandoning module GeometryMode (167)
[2017.05.07-16.26.32:514][985]LogModuleManager: Shutting down and abandoning module TextureAlignMode (166)
[2017.05.07-16.26.32:514][985]LogModuleManager: Shutting down and abandoning module BspMode (165)
[2017.05.07-16.26.32:514][985]LogModuleManager: Shutting down and abandoning module PlacementMode (164)
[2017.05.07-16.26.32:514][985]LogModuleManager: Shutting down and abandoning module AutomationWorker (163)
[2017.05.07-16.26.32:514][985]LogModuleManager: Shutting down and abandoning module CharacterAI (162)
[2017.05.07-16.26.32:514][985]LogModuleManager: Shutting down and abandoning module SmartSnapping (161)
[2017.05.07-16.26.32:514][985]LogModuleManager: Shutting down and abandoning module ViewportSnapping (160)
[2017.05.07-16.26.32:514][985]LogModuleManager: Shutting down and abandoning module LogVisualizer (159)
[2017.05.07-16.26.32:514][985]LogModuleManager: Shutting down and abandoning module GameProjectGeneration (158)
[2017.05.07-16.26.32:514][985]LogModuleManager: Shutting down and abandoning module IntroTutorials (157)
[2017.05.07-16.26.32:514][985]LogModuleManager: Shutting down and abandoning module EditorLiveStreaming (156)
[2017.05.07-16.26.32:514][985]LogModuleManager: Shutting down and abandoning module HardwareTargeting (155)
[2017.05.07-16.26.32:514][985]LogModuleManager: Shutting down and abandoning module DeviceProfileEditor (154)
[2017.05.07-16.26.32:514][985]LogModuleManager: Shutting down and abandoning module UndoHistory (153)
[2017.05.07-16.26.32:514][985]LogModuleManager: Shutting down and abandoning module GameplayTagsEditor (152)
[2017.05.07-16.26.32:514][985]LogModuleManager: Shutting down and abandoning module UserFeedback (151)
[2017.05.07-16.26.32:514][985]LogModuleManager: Shutting down and abandoning module XmlParser (150)
[2017.05.07-16.26.32:514][985]LogModuleManager: Shutting down and abandoning module Blutility (149)
[2017.05.07-16.26.32:514][985]LogModuleManager: Shutting down and abandoning module IOSPlatformEditor (148)
[2017.05.07-16.26.32:514][985]LogModuleManager: Shutting down and abandoning module IOSRuntimeSettings (147)
[2017.05.07-16.26.32:514][985]LogModuleManager: Shutting down and abandoning module AndroidDeviceDetection (146)
[2017.05.07-16.26.32:992][985]LogModuleManager: Shutting down and abandoning module AndroidPlatformEditor (145)
[2017.05.07-16.26.32:992][985]LogModuleManager: Shutting down and abandoning module AndroidRuntimeSettings (144)
[2017.05.07-16.26.32:992][985]LogModuleManager: Shutting down and abandoning module ProjectTargetPlatformEditor (143)
[2017.05.07-16.26.32:993][985]LogModuleManager: Shutting down and abandoning module ProjectSettingsViewer (142)
[2017.05.07-16.26.32:993][985]LogModuleManager: Shutting down and abandoning module InputBindingEditor (141)
[2017.05.07-16.26.32:993][985]LogModuleManager: Shutting down and abandoning module EditorSettingsViewer (140)
[2017.05.07-16.26.32:993][985]LogModuleManager: Shutting down and abandoning module SettingsEditor (139)
[2017.05.07-16.26.32:993][985]LogModuleManager: Shutting down and abandoning module ProjectLauncher (138)
[2017.05.07-16.26.32:993][985]LogModuleManager: Shutting down and abandoning module SessionFrontend (137)
[2017.05.07-16.26.32:993][985]LogModuleManager: Shutting down and abandoning module ProfilerClient (136)
[2017.05.07-16.26.32:993][985]LogModuleManager: Shutting down and abandoning module TargetDeviceServices (135)
[2017.05.07-16.26.32:993][985]LogModuleManager: Shutting down and abandoning module DeviceManager (134)
[2017.05.07-16.26.32:993][985]LogModuleManager: Shutting down and abandoning module AutomationController (133)
[2017.05.07-16.26.32:993][985]LogModuleManager: Shutting down and abandoning module AutomationWindow (132)
[2017.05.07-16.26.32:993][985]LogModuleManager: Shutting down and abandoning module Layers (131)
[2017.05.07-16.26.32:994][985]LogModuleManager: Shutting down and abandoning module ComponentVisualizers (130)
[2017.05.07-16.26.32:994][985]LogModuleManager: Shutting down and abandoning module DetailCustomizations (129)
[2017.05.07-16.26.32:994][985]LogModuleManager: Shutting down and abandoning module PackagesDialog (128)
[2017.05.07-16.26.32:994][985]LogModuleManager: Shutting down and abandoning module AssetRegistry (127)
[2017.05.07-16.26.33:132][985]LogModuleManager: Shutting down and abandoning module Persona (126)
[2017.05.07-16.26.33:132][985]LogModuleManager: Shutting down and abandoning module SlateReflector (125)
[2017.05.07-16.26.33:132][985]LogModuleManager: Shutting down and abandoning module LevelEditor (124)
[2017.05.07-16.26.33:134][985]LogModuleManager: Shutting down and abandoning module Kismet (123)
[2017.05.07-16.26.33:134][985]LogModuleManager: Shutting down and abandoning module GraphEditor (122)
[2017.05.07-16.26.33:134][985]LogModuleManager: Shutting down and abandoning module ClassViewer (121)
[2017.05.07-16.26.33:134][985]LogModuleManager: Shutting down and abandoning module Toolbox (120)
[2017.05.07-16.26.33:134][985]LogModuleManager: Shutting down and abandoning module ModuleUI (119)
[2017.05.07-16.26.33:134][985]LogModuleManager: Shutting down and abandoning module MovieSceneTools (118)
[2017.05.07-16.26.33:134][985]LogModuleManager: Shutting down and abandoning module OutputLog (117)
[2017.05.07-16.26.33:134][985]LogModuleManager: Shutting down and abandoning module GammaUI (116)
[2017.05.07-16.26.33:134][985]LogModuleManager: Shutting down and abandoning module Documentation (115)
[2017.05.07-16.26.33:134][985]LogModuleManager: Shutting down and abandoning module GameLiveStreaming (114)
[2017.05.07-16.26.33:134][985]LogModuleManager: Shutting down and abandoning module StreamingPauseRendering (113)
[2017.05.07-16.26.33:134][985]LogModuleManager: Shutting down and abandoning module HTTP (112)
[2017.05.07-16.26.33:134][985]LogModuleManager: Shutting down and abandoning module AnalyticsET (111)
[2017.05.07-16.26.33:134][985]LogModuleManager: Shutting down and abandoning module Analytics (110)
[2017.05.07-16.26.33:134][985]LogModuleManager: Shutting down and abandoning module AITestSuite (109)
[2017.05.07-16.26.33:134][985]LogModuleManager: Shutting down and abandoning module GameplayDebugger (108)
[2017.05.07-16.26.33:134][985]LogModuleManager: Shutting down and abandoning module AIModule (107)
[2017.05.07-16.26.33:134][985]LogModuleManager: Shutting down and abandoning module ProfilerService (106)
[2017.05.07-16.26.33:163][985]LogModuleManager: Shutting down and abandoning module TaskGraph (105)
[2017.05.07-16.26.33:163][985]LogModuleManager: Shutting down and abandoning module SlateRemote (104)
[2017.05.07-16.26.33:163][985]LogModuleManager: Shutting down and abandoning module ScriptEditorPlugin (103)
[2017.05.07-16.26.33:163][985]LogModuleManager: Shutting down and abandoning module CustomMeshComponent (102)
[2017.05.07-16.26.33:163][985]LogModuleManager: Shutting down and abandoning module CableComponent (101)
[2017.05.07-16.26.33:163][985]LogModuleManager: Shutting down and abandoning module MessagingDebugger (100)
[2017.05.07-16.26.33:163][985]LogModuleManager: Shutting down and abandoning module MediaPlayerEditor (99)
[2017.05.07-16.26.33:163][985]LogModuleManager: Shutting down and abandoning module SpeedTreeImporter (98)
[2017.05.07-16.26.33:163][985]LogModuleManager: Shutting down and abandoning module PluginsEditor (97)
[2017.05.07-16.26.33:163][985]LogModuleManager: Shutting down and abandoning module MainFrame (96)
[2017.05.07-16.26.33:163][985]LogModuleManager: Shutting down and abandoning module EpicSurvey (95)
[2017.05.07-16.26.33:163][985]LogModuleManager: Shutting down and abandoning module DesktopPlatform (94)
[2017.05.07-16.26.33:163][985]LogModuleManager: Shutting down and abandoning module DirectoryWatcher (93)
[2017.05.07-16.26.33:165][985]LogModuleManager: Shutting down and abandoning module HotReload (92)
[2017.05.07-16.26.33:166][985]LogModuleManager: Shutting down and abandoning module VisualStudioSourceCodeAccess (91)
[2017.05.07-16.26.33:166][985]LogModuleManager: Shutting down and abandoning module UObjectPlugin (90)
[2017.05.07-16.26.33:166][985]LogModuleManager: Shutting down and abandoning module SubversionSourceControl (89)
[2017.05.07-16.26.33:166][985]LogModuleManager: Shutting down and abandoning module PerforceSourceControl (88)
[2017.05.07-16.26.33:166][985]LogModuleManager: Shutting down and abandoning module SourceControl (87)
[2017.05.07-16.26.33:166][985]LogModuleManager: Shutting down and abandoning module GitSourceControl (86)
[2017.05.07-16.26.33:166][985]LogModuleManager: Shutting down and abandoning module BlankPlugin (85)
[2017.05.07-16.26.33:166][985]LogModuleManager: Shutting down and abandoning module PaperTiledImporter (84)
[2017.05.07-16.26.33:166][985]LogModuleManager: Shutting down and abandoning module PaperJsonImporter (83)
[2017.05.07-16.26.33:166][985]LogModuleManager: Shutting down and abandoning module ContentBrowser (82)
[2017.05.07-16.26.33:167][985]LogModuleManager: Shutting down and abandoning module Paper2DEditor (81)
[2017.05.07-16.26.33:167][985]LogModuleManager: Shutting down and abandoning module ScriptPlugin (80)
[2017.05.07-16.26.33:167][985]LogModuleManager: Shutting down and abandoning module UdpMessaging (79)
[2017.05.07-16.26.33:268][985]LogModuleManager: Shutting down and abandoning module Paper2D (78)
[2017.05.07-16.26.33:268][985]LogModuleManager: Shutting down and abandoning module WindowsMoviePlayer (77)
[2017.05.07-16.26.33:271][985]LogModuleManager: Shutting down and abandoning module Media (76)
[2017.05.07-16.26.33:271][985]LogModuleManager: Shutting down and abandoning module WmfMedia (75)
[2017.05.07-16.26.33:271][985]LogModuleManager: Shutting down and abandoning module OnlineBlueprintSupport (74)
[2017.05.07-16.26.33:271][985]LogModuleManager: Shutting down and abandoning module PropertyEditor (73)
[2017.05.07-16.26.33:271][985]LogModuleManager: Shutting down and abandoning module BehaviorTreeEditor (72)
[2017.05.07-16.26.33:271][985]LogModuleManager: Shutting down and abandoning module FunctionalTesting (71)
[2017.05.07-16.26.33:271][985]LogModuleManager: Shutting down and abandoning module CollisionAnalyzer (70)
[2017.05.07-16.26.33:271][985]LogModuleManager: Shutting down and abandoning module WorkspaceMenuStructure (69)
[2017.05.07-16.26.33:271][985]LogModuleManager: Shutting down and abandoning module MessageLog (68)
[2017.05.07-16.26.33:271][985]LogModuleManager: Shutting down and abandoning module Sequencer (67)
[2017.05.07-16.26.33:271][985]LogModuleManager: Shutting down and abandoning module AssetTools (66)
[2017.05.07-16.26.33:271][985]LogModuleManager: Shutting down and abandoning module UMGEditor (65)
[2017.05.07-16.26.33:271][985]LogModuleManager: Shutting down and abandoning module UMG (64)
[2017.05.07-16.26.33:271][985]LogModuleManager: Shutting down and abandoning module Slate (63)
[2017.05.07-16.26.33:271][985]LogModuleManager: Shutting down and abandoning module EditorStyle (62)
[2017.05.07-16.26.33:277][985]LogModuleManager: Shutting down and abandoning module SessionServices (61)
[2017.05.07-16.26.33:277][985]LogModuleManager: Shutting down and abandoning module SourceCodeAccess (60)
[2017.05.07-16.26.33:277][985]LogModuleManager: Shutting down and abandoning module HeadMountedDisplay (59)
[2017.05.07-16.26.33:277][985]LogModuleManager: Shutting down and abandoning module XAudio2 (58)
[2017.05.07-16.26.33:277][985]LogModuleManager: Shutting down and abandoning module Networking (56)
[2017.05.07-16.26.33:277][985]LogModuleManager: Shutting down and abandoning module Core (55)
[2017.05.07-16.26.33:277][985]LogModuleManager: Shutting down and abandoning module KismetCompiler (54)
[2017.05.07-16.26.33:277][985]LogModuleManager: Shutting down and abandoning module PhysXFormats (53)
[2017.05.07-16.26.33:277][985]LogModuleManager: Shutting down and abandoning module MeshUtilities (52)
[2017.05.07-16.26.33:277][985]LogModuleManager: Shutting down and abandoning module DerivedDataCache (51)
[2017.05.07-16.26.33:327][985]LogDerivedDataCache: Shutdown
[2017.05.07-16.26.33:327][985]LogModuleManager: Shutting down and abandoning module ShaderFormatOpenGL (50)
[2017.05.07-16.26.33:327][985]LogModuleManager: Shutting down and abandoning module ShaderFormatD3D (49)
[2017.05.07-16.26.33:327][985]LogModuleManager: Shutting down and abandoning module MetalShaderFormat (48)
[2017.05.07-16.26.33:328][985]LogModuleManager: Shutting down and abandoning module TextureFormatUncompressed (47)
[2017.05.07-16.26.33:328][985]LogModuleManager: Shutting down and abandoning module TextureFormatPVR (46)
[2017.05.07-16.26.33:328][985]LogModuleManager: Shutting down and abandoning module TextureFormatIntelISPCTexComp (45)
[2017.05.07-16.26.33:328][985]LogModuleManager: Shutting down and abandoning module TextureFormatDXT (44)
[2017.05.07-16.26.33:328][985]LogModuleManager: Shutting down and abandoning module ImageWrapper (43)
[2017.05.07-16.26.33:328][985]LogModuleManager: Shutting down and abandoning module TextureFormatASTC (42)
[2017.05.07-16.26.33:328][985]LogModuleManager: Shutting down and abandoning module TextureFormatAndroid (41)
[2017.05.07-16.26.33:328][985]LogModuleManager: Shutting down and abandoning module AudioFormatOpus (40)
[2017.05.07-16.26.33:328][985]LogModuleManager: Shutting down and abandoning module AudioFormatOgg (39)
[2017.05.07-16.26.33:328][985]LogModuleManager: Shutting down and abandoning module AudioFormatADPCM (38)
[2017.05.07-16.26.33:328][985]LogModuleManager: Shutting down and abandoning module LinuxTargetPlatform (37)
[2017.05.07-16.26.33:328][985]LogModuleManager: Shutting down and abandoning module LinuxServerTargetPlatform (36)
[2017.05.07-16.26.33:328][985]LogModuleManager: Shutting down and abandoning module LinuxNoEditorTargetPlatform (35)
[2017.05.07-16.26.33:328][985]LogModuleManager: Shutting down and abandoning module Messaging (34)
[2017.05.07-16.26.33:328][985]LogModuleManager: Shutting down and abandoning module IOSTargetPlatform (33)
[2017.05.07-16.26.33:328][985]LogModuleManager: Shutting down and abandoning module HTML5TargetPlatform (32)
[2017.05.07-16.26.33:328][985]LogModuleManager: Shutting down and abandoning module Android_PVRTCTargetPlatform (31)
[2017.05.07-16.26.33:328][985]LogModuleManager: Shutting down and abandoning module Android_ETC2TargetPlatform (30)
[2017.05.07-16.26.33:328][985]LogModuleManager: Shutting down and abandoning module Android_ETC1TargetPlatform (29)
[2017.05.07-16.26.33:328][985]LogModuleManager: Shutting down and abandoning module Android_ES31TargetPlatform (28)
[2017.05.07-16.26.33:328][985]LogModuleManager: Shutting down and abandoning module Android_DXTTargetPlatform (27)
[2017.05.07-16.26.33:328][985]LogModuleManager: Shutting down and abandoning module Android_ATCTargetPlatform (26)
[2017.05.07-16.26.33:328][985]LogModuleManager: Shutting down and abandoning module AndroidTargetPlatform (25)
[2017.05.07-16.26.33:328][985]LogModuleManager: Shutting down and abandoning module WindowsTargetPlatform (24)
[2017.05.07-16.26.33:329][985]LogModuleManager: Shutting down and abandoning module WindowsServerTargetPlatform (23)
[2017.05.07-16.26.33:329][985]LogModuleManager: Shutting down and abandoning module WindowsNoEditorTargetPlatform (22)
[2017.05.07-16.26.33:329][985]LogModuleManager: Shutting down and abandoning module WindowsClientTargetPlatform (21)
[2017.05.07-16.26.33:329][985]LogModuleManager: Shutting down and abandoning module TargetPlatform (20)
[2017.05.07-16.26.33:329][985]LogModuleManager: Shutting down and abandoning module InputCore (19)
[2017.05.07-16.26.33:329][985]LogModuleManager: Shutting down and abandoning module Settings (18)
[2017.05.07-16.26.33:329][985]LogModuleManager: Shutting down and abandoning module OnlineSubsystem (16)
[2017.05.07-16.26.33:329][985]LogModuleManager: Shutting down and abandoning module OculusRift (15)
[2017.05.07-16.26.33:329][985]LogModuleManager: Shutting down and abandoning module ExampleDeviceProfileSelector (14)
[2017.05.07-16.26.33:329][985]LogModuleManager: Shutting down and abandoning module TextureCompressor (13)
[2017.05.07-16.26.33:329][985]LogModuleManager: Shutting down and abandoning module ShaderCore (12)
[2017.05.07-16.26.33:329][985]LogModuleManager: Shutting down and abandoning module Landscape (11)
[2017.05.07-16.26.33:329][985]LogModuleManager: Shutting down and abandoning module SlateRHIRenderer (10)
[2017.05.07-16.26.33:334][985]LogModuleManager: Shutting down and abandoning module OpenGLDrv (9)
[2017.05.07-16.26.33:334][985]LogModuleManager: Shutting down and abandoning module D3D11RHI (8)
[2017.05.07-16.26.33:334][985]LogModuleManager: Shutting down and abandoning module Renderer (7)
[2017.05.07-16.26.33:334][985]LogModuleManager: Shutting down and abandoning module Engine (6)
[2017.05.07-16.26.33:334][985]LogModuleManager: Shutting down and abandoning module CoreUObject (5)
[2017.05.07-16.26.33:334][985]LogModuleManager: Shutting down and abandoning module NetworkFile (4)
[2017.05.07-16.26.33:334][985]LogModuleManager: Shutting down and abandoning module StreamingFile (3)
[2017.05.07-16.26.33:334][985]LogModuleManager: Shutting down and abandoning module SandboxFile (2)
[2017.05.07-16.26.33:334][985]LogModuleManager: Shutting down and abandoning module PakFile (1)
[2017.05.07-16.26.33:335][985]LogExit: Exiting.
[2017.05.07-16.26.33:341][985]Log file closed, 05/07/17 18:26:33
