Log file open, 05/09/17 22:17:42
LogInit:Display: Running engine for game: FerSimulator
LogInit: Version: 4.7.6-2513093+++depot+UE4-Releases+4.7
LogInit: API Version: 2455222
LogInit: Compiled (64-bit): Apr 15 2015 12:09:54
LogInit: Compiled with Visual C++: 18.00.21005.01
LogInit: Build Configuration: Development
LogInit: Branch Name: ++depot+UE4-Releases+4.7
LogInit: Command line:  /Temp/Autosaves/Game/UEDPCFER -game -PIEVIACONSOLE -NoSplash -nomovie -ResX=1920 -ResY=1080 -BENCHMARK -FPS=30 -MATINEEAVICAPTURE=MatineeActor_0 -MATINEEPACKAGE=UEDPIE_0_FER  -Multiprocess -rocket
LogInit: Base directory: C:/Program Files/Epic Games/UE_4.7/Engine/Binaries/Win64/
LogInit: Rocket: 1
[2017.05.09-20.17.42:950][  0]LogTaskGraph: Started task graph with 3 named threads and 4 total threads.
[2017.05.09-20.17.42:998][  0]LogOnline:Warning: No default platform service specified for OnlineSubsystem
[2017.05.09-20.17.43:027][  0]LogInit: Presizing for 0 objects not considered by GC, pre-allocating 0 bytes.
[2017.05.09-20.17.43:043][  0]LogInit: Object subsystem initialized
[2017.05.09-20.17.43:045][  0]LogConsoleResponse:Warning: Skipping Unknown console variable: 'TranslucentSortAxis = (X=0.000000,Y=-1.000000,Z=0.000000)'
[2017.05.09-20.17.43:045][  0]LogConsoleResponse:Warning:   Found in ini file 'C:/Users/marin/Desktop/FerSimulator2015-master/Saved/Config/Windows/Engine.ini', in section '[/Script/Engine.RendererSettings]'
[2017.05.09-20.17.43:045][  0]LogConsoleResponse:Warning: Skipping Unknown console variable: 'UIScaleRule = ShortestSide'
[2017.05.09-20.17.43:045][  0]LogConsoleResponse:Warning:   Found in ini file 'C:/Users/marin/Desktop/FerSimulator2015-master/Saved/Config/Windows/Engine.ini', in section '[/Script/Engine.RendererSettings]'
[2017.05.09-20.17.43:045][  0]LogConsoleResponse:Warning: Skipping Unknown console variable: 'UIScaleCurve = (EditorCurveData=(Keys=),ExternalCurve=None)'
[2017.05.09-20.17.43:045][  0]LogConsoleResponse:Warning:   Found in ini file 'C:/Users/marin/Desktop/FerSimulator2015-master/Saved/Config/Windows/Engine.ini', in section '[/Script/Engine.RendererSettings]'
[2017.05.09-20.17.43:046][  0]LogInit: Selected Device Profile: [Windows]
[2017.05.09-20.17.43:046][  0]LogInit: Applying CVar settings loaded from the selected device profile: [Windows]
[2017.05.09-20.17.43:069][  0]LogInit: Computer: DESKTOP-Q28GMSV
[2017.05.09-20.17.43:069][  0]LogInit: User: marin
[2017.05.09-20.17.43:069][  0]LogInit: CPU Page size=4096, Cores=2
[2017.05.09-20.17.43:069][  0]LogInit: High frequency timer resolution =2.533320 MHz
[2017.05.09-20.17.43:069][  0]LogMemory: Memory total: Physical=5.9GB (6GB approx) Virtual=131072.0GB
[2017.05.09-20.17.43:069][  0]LogMemory: Platform Memory Stats for Windows
[2017.05.09-20.17.43:069][  0]LogMemory: Process Physical Memory: 48.18 MB used, 48.18 MB peak
[2017.05.09-20.17.43:069][  0]LogMemory: Process Virtual Memory: 24.78 MB used, 24.78 MB peak
[2017.05.09-20.17.43:069][  0]LogMemory: Physical Memory: 3341.43 MB used, 6023.27 MB total
[2017.05.09-20.17.43:069][  0]LogMemory: Virtual Memory: 309.56 MB used, 134217728.00 MB total
[2017.05.09-20.17.43:162][  0]LogD3D11RHI: Found D3D11 adapter 0: NVIDIA GeForce GT 720M (Feature Level 11_0)
[2017.05.09-20.17.43:162][  0]LogD3D11RHI: Adapter has 1999MB of dedicated video memory, 0MB of dedicated system memory, and 3011MB of shared system memory, 1 output[s]
[2017.05.09-20.17.43:166][  0]LogD3D11RHI: Found D3D11 adapter 1: Intel(R) HD Graphics 4000 (Feature Level 11_0)
[2017.05.09-20.17.43:166][  0]LogD3D11RHI: Adapter has 32MB of dedicated video memory, 0MB of dedicated system memory, and 1760MB of shared system memory, 0 output[s]
[2017.05.09-20.17.43:171][  0]LogD3D11RHI: Found D3D11 adapter 2: Microsoft Basic Render Driver (Feature Level 11_0)
[2017.05.09-20.17.43:171][  0]LogD3D11RHI: Adapter has 0MB of dedicated video memory, 0MB of dedicated system memory, and 3011MB of shared system memory, 0 output[s]
[2017.05.09-20.17.43:171][  0]LogD3D11RHI: Chosen D3D11 Adapter Id = 0
[2017.05.09-20.17.43:180][  0]LogRHI: Texture pool is 1361 MB (70% of 1945 MB)
[2017.05.09-20.17.43:212][  0]LogD3D11RHI: Async texture creation enabled
[2017.05.09-20.17.43:313][  0]LogTextLocalizationManager: The requested culture ('en_US') has no localization data; parent culture's ('en') localization data will be used.
[2017.05.09-20.17.43:422][  0]LogTextLocalizationManager:Warning: Loading localization resources contain conflicting entries for (Namespace:UICommands, Key:Save_ToolTip):
Resource: (C:/Program Files/Epic Games/UE_4.7/Engine/Content/Localization/Editor/en/Editor.locres) Hash: (-29098895) String: (Saves the current level to disk)
Resource: (C:/Program Files/Epic Games/UE_4.7/Engine/Content/Localization/Engine/en/Engine.locres) Hash: (-1280300587) String: (Save selected data to vlog file)
[2017.05.09-20.17.43:422][  0]LogTextLocalizationManager:Warning: Loading localization resources contain conflicting entries for (Namespace:ContentBrowser, Key:ImportAssetToolTip):
Resource: (C:/Program Files/Epic Games/UE_4.7/Engine/Content/Localization/Editor/en/Editor.locres) Hash: (-630476809) String: (Import to {0}...)
Resource: (C:/Program Files/Epic Games/UE_4.7/Engine/Content/Localization/Editor/en/Editor.locres) Hash: (1271782899) String: (Imports an asset from file to this folder.)
[2017.05.09-20.17.43:543][  0]LogContentStreaming: Texture pool size is 400.000000MB
[2017.05.09-20.17.48:369][  0]LogTargetPlatformManager:Display: Building Assets For Windows
[2017.05.09-20.17.49:273][  0]LogTargetPlatformManager:Display: Building Assets For Windows
[2017.05.09-20.17.49:399][  0]LogDerivedDataCache:Display: Max Cache Size: 512 MB
[2017.05.09-20.17.50:065][  0]LogDerivedDataCache: Loaded boot cache 0.67s 39MB C:/Users/marin/AppData/Local/UnrealEngine/4.7/DerivedDataCache/Boot.ddc.
[2017.05.09-20.17.50:065][  0]LogDerivedDataCache:Display: Loaded Boot cache: C:/Users/marin/AppData/Local/UnrealEngine/4.7/DerivedDataCache/Boot.ddc
[2017.05.09-20.17.50:065][  0]LogDerivedDataCache: FDerivedDataBackendGraph:  Pak pak cache file ../../../../../../Users/marin/Desktop/FerSimulator2015-master/DerivedDataCache/DDC.ddp not found, will not use a pak cache.
[2017.05.09-20.17.50:065][  0]LogDerivedDataCache: Unable to find inner node Pak for hierarchical cache Hierarchy.
[2017.05.09-20.17.50:283][  0]LogDerivedDataCache:Display: Pak cache opened for reading ../../../Engine/DerivedDataCache/Compressed.ddp.
[2017.05.09-20.17.50:295][  0]LogDerivedDataCache: Using Local data cache path C:/Users/marin/AppData/Local/UnrealEngine/Common/DerivedDataCache: Writable
[2017.05.09-20.17.54:316][  0]LogMeshUtilities: No automatic mesh reduction module available
[2017.05.09-20.17.54:316][  0]LogMeshUtilities: No automatic mesh merging module available
[2017.05.09-20.17.54:835][  0]LogInit: WinSock: version 1.1 (2.2), MaxSocks=32767, MaxUdp=65467
[2017.05.09-20.17.55:703][  0]LogWindowsMoviePlayer: Unable to load movie: ../../../../../../Users/marin/Desktop/FerSimulator2015-master/Content/Movies/Default_Startup.mp4
[2017.05.09-20.17.55:976][  0]LogSourceControl: RunCommandInternalRaw: 'git version'
[2017.05.09-20.17.55:978][  0]LogSourceControl: RunCommandInternalRaw: ExecProcess ReturnCode=2 OutResults=''
[2017.05.09-20.17.56:045][  0]SourceControl: Info Source control is disabled
[2017.05.09-20.17.56:045][  0]SourceControl: Info Source control is disabled
[2017.05.09-20.17.56:045][  0]SourceControl: Info Source control is disabled
[2017.05.09-20.17.56:067][  0]SourceControl: Info Source control is disabled
[2017.05.09-20.17.56:285][  0]LogObj: 23971 objects as part of root set at end of initial load.
[2017.05.09-20.17.56:285][  0]LogUObjectAllocator: 4988928 out of 0 bytes used by permanent object pool.
[2017.05.09-20.17.56:408][  0]LogAutomationTest:Warning: ERR: Transient text cannot be serialized "Testing Transient serialization detection".
[2017.05.09-20.17.56:408][  0]LogEngine: Initializing Engine...
[2017.05.09-20.17.58:581][  0]LogInit: Texture streaming: Enabled
[2017.05.09-20.17.58:838][  0]LogAnalytics: Creating configured Analytics provider AnalyticsET
[2017.05.09-20.17.58:838][  0]LogAnalytics: ET APIKey = Rocket.Release. APIServer = http://et2.epicgames.com/ET2/. AppVersion = 4.7.6-2513093+++depot+UE4-Releases+4.7
[2017.05.09-20.17.58:838][  0]LogAnalytics: ET APIKey = Rocket.Release. DataRouterUploadURL = https://datarouter-public-service-gamedev.ol.epicgames.net/datarouter/api/v1/public/data. AppVersion = 4.7.6-2513093+++depot+UE4-Releases+4.7
[2017.05.09-20.17.58:838][  0]LogAnalytics: SetUserId 85768ada4834b528c0485cb2f19c425d|a3a4ae65e6154c5ba95c9f5d7aa92564|d0436549-9a1d-46ac-b753-1744c5233c1f
[2017.05.09-20.17.58:838][  0]LogAnalytics: AnalyticsET::StartSession [Rocket.Release]
[2017.05.09-20.17.58:944][  0]LogNet: Browse: /Temp/Autosaves/Game/UEDPCFER?Name=Player
[2017.05.09-20.17.58:967][  0]LogLoad: LoadMap: /Temp/Autosaves/Game/UEDPCFER?Name=Player
[2017.05.09-20.17.59:001][  0]LogMemory: Platform Memory Stats for Windows
[2017.05.09-20.17.59:001][  0]LogMemory: Process Physical Memory: 296.98 MB used, 300.42 MB peak
[2017.05.09-20.17.59:001][  0]LogMemory: Process Virtual Memory: 294.92 MB used, 299.57 MB peak
[2017.05.09-20.17.59:001][  0]LogMemory: Physical Memory: 3503.08 MB used, 6023.27 MB total
[2017.05.09-20.17.59:001][  0]LogMemory: Virtual Memory: 785.60 MB used, 134217728.00 MB total
[2017.05.09-20.17.59:001][  0]LogMemory: 
[2017.05.09-20.17.59:001][  0]Allocator Stats for TBB: (not implemented)
[2017.05.09-20.18.06:589][  0]LogWorld: Game class is 'WalkAround_C'
[2017.05.09-20.18.06:675][  0]LogAIModule: Creating AISystem for world FER
[2017.05.09-20.18.06:682][  0]LogPhysics:Warning: AddConvexElemsToRigidActor: ConvexElem is missing ConvexMesh (0: /Game/Models/Prostori/strop_referadaO.strop_referadaO:BodySetup_1086)
[2017.05.09-20.18.06:689][  0]LogPhysics:Warning: AddConvexElemsToRigidActor: ConvexElem is missing ConvexMesh (0: /Game/Models/Prostori/pod_referadaL_NW.pod_referadaL_NW:BodySetup_50)
[2017.05.09-20.18.06:689][  0]LogPhysics:Warning: AddConvexElemsToRigidActor: ConvexElem is missing ConvexMesh (0: /Game/Models/Prostori/pod_referadaR_NW.pod_referadaR_NW:BodySetup_53)
[2017.05.09-20.18.06:724][  0]LogPrimitiveComponent: Zero scaling not supported (/Temp/Autosaves/Game/UEDPCFER.FER:PersistentLevel.bloker10_7.StaticMeshComponent0)
[2017.05.09-20.18.06:880][  0]LogWorld: Bringing World /Temp/Autosaves/Game/UEDPCFER.FER up for play (max tick rate 0) at 2017.05.09-22.18.06
[2017.05.09-20.18.06:900][  0]LogWorld: Bringing up level for play took: 0.224347
[2017.05.09-20.18.06:901][  0]LogGameMode: Warning - PATHS NOT DEFINED or NO PLAYERSTART with positive rating
[2017.05.09-20.18.06:901][  0]LogLevel:Warning: EnableInput on a LevelScript actor can not be specified for only one PlayerController.  Enabling for all PlayerControllers.
[2017.05.09-20.18.06:903][  0]LogGameMode:Warning: Couldn't spawn Pawn of type Player_C at WorldSettings_1
[2017.05.09-20.18.06:904][  0]LogInit:Display: Game Engine Initialized.
[2017.05.09-20.18.07:162][  0]LogLoad: Full Startup: 26.98 seconds (BP compile: 0.40 seconds)
[2017.05.09-20.18.07:256][  0]LogRenderer:Warning: Reallocating scene render targets to support 128x128 (Frame:1).
[2017.05.09-20.18.07:475][  1]LogRenderer:Warning: Reallocating scene render targets to support 960x544 (Frame:2).
[2017.05.09-20.52.03:809][487]LogEngine: All Windows Closed
[2017.05.09-20.52.03:809][487]LogWindows: FPlatformMisc::RequestExit(0)
[2017.05.09-20.52.05:674][488]LogExit: Preparing to exit.
[2017.05.09-20.52.06:011][488]LogExit: Game engine shut down
[2017.05.09-20.52.06:014][488]LogParticles: Destroying 0 GPU particle simulations for FXSystem 0x000001C0822DB380
[2017.05.09-20.52.06:611][488]LogExit: Object subsystem successfully closed.
[2017.05.09-20.52.06:767][488]LogModuleManager: Shutting down and abandoning module AndroidDeviceDetection (106)
[2017.05.09-20.52.06:947][488]LogModuleManager: Shutting down and abandoning module AutomationWorker (105)
[2017.05.09-20.52.06:947][488]LogModuleManager: Shutting down and abandoning module CharacterAI (104)
[2017.05.09-20.52.06:947][488]LogModuleManager: Shutting down and abandoning module AITestSuite (103)
[2017.05.09-20.52.06:947][488]LogModuleManager: Shutting down and abandoning module GameplayDebugger (102)
[2017.05.09-20.52.06:947][488]LogModuleManager: Shutting down and abandoning module AIModule (101)
[2017.05.09-20.52.06:960][488]LogModuleManager: Shutting down and abandoning module GameLiveStreaming (100)
[2017.05.09-20.52.06:977][488]LogModuleManager: Shutting down and abandoning module StreamingPauseRendering (99)
[2017.05.09-20.52.06:987][488]LogModuleManager: Shutting down and abandoning module HTTP (98)
[2017.05.09-20.52.06:987][488]LogModuleManager: Shutting down and abandoning module AnalyticsET (97)
[2017.05.09-20.52.06:987][488]LogModuleManager: Shutting down and abandoning module Analytics (96)
[2017.05.09-20.52.06:987][488]LogModuleManager: Shutting down and abandoning module ProfilerService (95)
[2017.05.09-20.52.07:201][488]LogModuleManager: Shutting down and abandoning module TaskGraph (94)
[2017.05.09-20.52.07:231][488]LogModuleManager: Shutting down and abandoning module SlateRemote (93)
[2017.05.09-20.52.07:241][488]LogModuleManager: Shutting down and abandoning module CustomMeshComponent (92)
[2017.05.09-20.52.07:241][488]LogModuleManager: Shutting down and abandoning module CableComponent (91)
[2017.05.09-20.52.07:251][488]LogModuleManager: Shutting down and abandoning module DesktopPlatform (90)
[2017.05.09-20.52.07:274][488]LogModuleManager: Shutting down and abandoning module DirectoryWatcher (89)
[2017.05.09-20.52.07:274][488]LogModuleManager: Shutting down and abandoning module HotReload (88)
[2017.05.09-20.52.07:274][488]LogModuleManager: Shutting down and abandoning module VisualStudioSourceCodeAccess (87)
[2017.05.09-20.52.07:274][488]LogModuleManager: Shutting down and abandoning module UObjectPlugin (86)
[2017.05.09-20.52.07:274][488]LogModuleManager: Shutting down and abandoning module SubversionSourceControl (85)
[2017.05.09-20.52.07:281][488]LogModuleManager: Shutting down and abandoning module GitSourceControl (84)
[2017.05.09-20.52.07:294][488]LogModuleManager: Shutting down and abandoning module SourceControl (83)
[2017.05.09-20.52.07:304][488]LogModuleManager: Shutting down and abandoning module PerforceSourceControl (82)
[2017.05.09-20.52.07:322][488]LogModuleManager: Shutting down and abandoning module BlankPlugin (81)
[2017.05.09-20.52.07:322][488]LogModuleManager: Shutting down and abandoning module ScriptPlugin (80)
[2017.05.09-20.52.07:326][488]LogModuleManager: Shutting down and abandoning module UdpMessaging (79)
[2017.05.09-20.52.07:326][488]LogModuleManager: Shutting down and abandoning module Paper2D (78)
[2017.05.09-20.52.07:327][488]LogModuleManager: Shutting down and abandoning module WindowsMoviePlayer (77)
[2017.05.09-20.52.07:330][488]LogModuleManager: Shutting down and abandoning module Media (76)
[2017.05.09-20.52.07:330][488]LogModuleManager: Shutting down and abandoning module WmfMedia (75)
[2017.05.09-20.52.07:343][488]LogModuleManager: Shutting down and abandoning module OnlineBlueprintSupport (74)
[2017.05.09-20.52.07:343][488]LogModuleManager: Shutting down and abandoning module PropertyEditor (73)
[2017.05.09-20.52.07:343][488]LogModuleManager: Shutting down and abandoning module BehaviorTreeEditor (72)
[2017.05.09-20.52.07:366][488]LogModuleManager: Shutting down and abandoning module FunctionalTesting (71)
[2017.05.09-20.52.07:367][488]LogModuleManager: Shutting down and abandoning module CollisionAnalyzer (70)
[2017.05.09-20.52.07:387][488]LogModuleManager: Shutting down and abandoning module WorkspaceMenuStructure (69)
[2017.05.09-20.52.07:387][488]LogModuleManager: Shutting down and abandoning module MessageLog (68)
[2017.05.09-20.52.07:387][488]LogModuleManager: Shutting down and abandoning module Sequencer (67)
[2017.05.09-20.52.07:393][488]LogModuleManager: Shutting down and abandoning module AssetTools (66)
[2017.05.09-20.52.07:428][488]LogModuleManager: Shutting down and abandoning module UMGEditor (65)
[2017.05.09-20.52.07:440][488]LogModuleManager: Shutting down and abandoning module UMG (64)
[2017.05.09-20.52.07:440][488]LogModuleManager: Shutting down and abandoning module Slate (63)
[2017.05.09-20.52.07:440][488]LogModuleManager: Shutting down and abandoning module EditorStyle (62)
[2017.05.09-20.52.07:467][488]LogModuleManager: Shutting down and abandoning module SessionServices (61)
[2017.05.09-20.52.07:467][488]LogModuleManager: Shutting down and abandoning module SourceCodeAccess (60)
[2017.05.09-20.52.07:467][488]LogModuleManager: Shutting down and abandoning module HeadMountedDisplay (59)
[2017.05.09-20.52.07:467][488]LogModuleManager: Shutting down and abandoning module XAudio2 (58)
[2017.05.09-20.52.07:467][488]LogModuleManager: Shutting down and abandoning module Networking (56)
[2017.05.09-20.52.07:467][488]LogModuleManager: Shutting down and abandoning module Core (55)
[2017.05.09-20.52.07:467][488]LogModuleManager: Shutting down and abandoning module KismetCompiler (54)
[2017.05.09-20.52.07:467][488]LogModuleManager: Shutting down and abandoning module PhysXFormats (53)
[2017.05.09-20.52.07:467][488]LogModuleManager: Shutting down and abandoning module MeshUtilities (52)
[2017.05.09-20.52.07:493][488]LogModuleManager: Shutting down and abandoning module DerivedDataCache (51)
[2017.05.09-20.52.07:563][488]LogDerivedDataCache: Shutdown
[2017.05.09-20.52.07:563][488]LogModuleManager: Shutting down and abandoning module ShaderFormatOpenGL (50)
[2017.05.09-20.52.07:578][488]LogModuleManager: Shutting down and abandoning module ShaderFormatD3D (49)
[2017.05.09-20.52.07:585][488]LogModuleManager: Shutting down and abandoning module MetalShaderFormat (48)
[2017.05.09-20.52.07:598][488]LogModuleManager: Shutting down and abandoning module TextureFormatUncompressed (47)
[2017.05.09-20.52.07:598][488]LogModuleManager: Shutting down and abandoning module TextureFormatPVR (46)
[2017.05.09-20.52.07:611][488]LogModuleManager: Shutting down and abandoning module TextureFormatIntelISPCTexComp (45)
[2017.05.09-20.52.07:615][488]LogModuleManager: Shutting down and abandoning module TextureFormatDXT (44)
[2017.05.09-20.52.07:615][488]LogModuleManager: Shutting down and abandoning module ImageWrapper (43)
[2017.05.09-20.52.07:615][488]LogModuleManager: Shutting down and abandoning module TextureFormatASTC (42)
[2017.05.09-20.52.07:654][488]LogModuleManager: Shutting down and abandoning module TextureFormatAndroid (41)
[2017.05.09-20.52.07:654][488]LogModuleManager: Shutting down and abandoning module AudioFormatOpus (40)
[2017.05.09-20.52.07:658][488]LogModuleManager: Shutting down and abandoning module AudioFormatOgg (39)
[2017.05.09-20.52.07:658][488]LogModuleManager: Shutting down and abandoning module AudioFormatADPCM (38)
[2017.05.09-20.52.07:658][488]LogModuleManager: Shutting down and abandoning module LinuxTargetPlatform (37)
[2017.05.09-20.52.07:658][488]LogModuleManager: Shutting down and abandoning module LinuxServerTargetPlatform (36)
[2017.05.09-20.52.07:685][488]LogModuleManager: Shutting down and abandoning module LinuxNoEditorTargetPlatform (35)
[2017.05.09-20.52.07:693][488]LogModuleManager: Shutting down and abandoning module Messaging (34)
[2017.05.09-20.52.07:693][488]LogModuleManager: Shutting down and abandoning module IOSTargetPlatform (33)
[2017.05.09-20.52.07:693][488]LogModuleManager: Shutting down and abandoning module HTML5TargetPlatform (32)
[2017.05.09-20.52.07:693][488]LogModuleManager: Shutting down and abandoning module Android_PVRTCTargetPlatform (31)
[2017.05.09-20.52.07:693][488]LogModuleManager: Shutting down and abandoning module Android_ETC2TargetPlatform (30)
[2017.05.09-20.52.07:693][488]LogModuleManager: Shutting down and abandoning module Android_ETC1TargetPlatform (29)
[2017.05.09-20.52.07:693][488]LogModuleManager: Shutting down and abandoning module Android_ES31TargetPlatform (28)
[2017.05.09-20.52.07:693][488]LogModuleManager: Shutting down and abandoning module Android_DXTTargetPlatform (27)
[2017.05.09-20.52.07:693][488]LogModuleManager: Shutting down and abandoning module Android_ATCTargetPlatform (26)
[2017.05.09-20.52.07:694][488]LogModuleManager: Shutting down and abandoning module AndroidTargetPlatform (25)
[2017.05.09-20.52.07:694][488]LogModuleManager: Shutting down and abandoning module WindowsTargetPlatform (24)
[2017.05.09-20.52.07:694][488]LogModuleManager: Shutting down and abandoning module WindowsServerTargetPlatform (23)
[2017.05.09-20.52.07:694][488]LogModuleManager: Shutting down and abandoning module WindowsNoEditorTargetPlatform (22)
[2017.05.09-20.52.07:694][488]LogModuleManager: Shutting down and abandoning module WindowsClientTargetPlatform (21)
[2017.05.09-20.52.07:694][488]LogModuleManager: Shutting down and abandoning module TargetPlatform (20)
[2017.05.09-20.52.07:694][488]LogModuleManager: Shutting down and abandoning module InputCore (19)
[2017.05.09-20.52.07:694][488]LogModuleManager: Shutting down and abandoning module Settings (18)
[2017.05.09-20.52.07:694][488]LogModuleManager: Shutting down and abandoning module OnlineSubsystem (16)
[2017.05.09-20.52.07:694][488]LogModuleManager: Shutting down and abandoning module OculusRift (15)
[2017.05.09-20.52.07:694][488]LogModuleManager: Shutting down and abandoning module ExampleDeviceProfileSelector (14)
[2017.05.09-20.52.07:694][488]LogModuleManager: Shutting down and abandoning module TextureCompressor (13)
[2017.05.09-20.52.07:694][488]LogModuleManager: Shutting down and abandoning module ShaderCore (12)
[2017.05.09-20.52.07:694][488]LogModuleManager: Shutting down and abandoning module Landscape (11)
[2017.05.09-20.52.07:694][488]LogModuleManager: Shutting down and abandoning module SlateRHIRenderer (10)
[2017.05.09-20.52.07:705][488]LogModuleManager: Shutting down and abandoning module OpenGLDrv (9)
[2017.05.09-20.52.07:705][488]LogModuleManager: Shutting down and abandoning module D3D11RHI (8)
[2017.05.09-20.52.07:705][488]LogModuleManager: Shutting down and abandoning module Renderer (7)
[2017.05.09-20.52.07:705][488]LogModuleManager: Shutting down and abandoning module Engine (6)
[2017.05.09-20.52.07:705][488]LogModuleManager: Shutting down and abandoning module CoreUObject (5)
[2017.05.09-20.52.07:705][488]LogModuleManager: Shutting down and abandoning module NetworkFile (4)
[2017.05.09-20.52.07:715][488]LogModuleManager: Shutting down and abandoning module StreamingFile (3)
[2017.05.09-20.52.07:715][488]LogModuleManager: Shutting down and abandoning module SandboxFile (2)
[2017.05.09-20.52.07:715][488]LogModuleManager: Shutting down and abandoning module PakFile (1)
[2017.05.09-20.52.07:755][488]LogExit: Exiting.
[2017.05.09-20.52.07:761][488]Log file closed, 05/09/17 22:52:07
