Log file open, 05/09/17 15:05:32
LogInit:Display: Running engine for game: FerSimulator
LogInit: Version: 4.7.6-2513093+++depot+UE4-Releases+4.7
LogInit: API Version: 2455222
LogInit: Compiled (64-bit): Apr 15 2015 12:09:54
LogInit: Compiled with Visual C++: 18.00.21005.01
LogInit: Build Configuration: Development
LogInit: Branch Name: ++depot+UE4-Releases+4.7
LogInit: Command line:  
LogInit: Base directory: C:/Program Files/Epic Games/UE_4.7/Engine/Binaries/Win64/
LogInit: Rocket: 1
[2017.05.09-13.05.32:422][  0]LogTaskGraph: Started task graph with 3 named threads and 4 total threads.
[2017.05.09-13.05.32:472][  0]LogOnline:Warning: No default platform service specified for OnlineSubsystem
[2017.05.09-13.05.32:499][  0]LogInit: Presizing for 0 objects not considered by GC, pre-allocating 0 bytes.
[2017.05.09-13.05.32:514][  0]LogInit: Object subsystem initialized
[2017.05.09-13.05.32:516][  0]LogConsoleResponse:Warning: Skipping Unknown console variable: 'TranslucentSortAxis = (X=0.000000,Y=-1.000000,Z=0.000000)'
[2017.05.09-13.05.32:516][  0]LogConsoleResponse:Warning:   Found in ini file 'C:/Users/marin/Desktop/FerSimulator2015-master/Saved/Config/Windows/Engine.ini', in section '[/Script/Engine.RendererSettings]'
[2017.05.09-13.05.32:516][  0]LogConsoleResponse:Warning: Skipping Unknown console variable: 'UIScaleRule = ShortestSide'
[2017.05.09-13.05.32:516][  0]LogConsoleResponse:Warning:   Found in ini file 'C:/Users/marin/Desktop/FerSimulator2015-master/Saved/Config/Windows/Engine.ini', in section '[/Script/Engine.RendererSettings]'
[2017.05.09-13.05.32:516][  0]LogConsoleResponse:Warning: Skipping Unknown console variable: 'UIScaleCurve = (EditorCurveData=(Keys=),ExternalCurve=None)'
[2017.05.09-13.05.32:516][  0]LogConsoleResponse:Warning:   Found in ini file 'C:/Users/marin/Desktop/FerSimulator2015-master/Saved/Config/Windows/Engine.ini', in section '[/Script/Engine.RendererSettings]'
[2017.05.09-13.05.32:516][  0]LogInit: Selected Device Profile: [Windows]
[2017.05.09-13.05.32:516][  0]LogInit: Applying CVar settings loaded from the selected device profile: [Windows]
[2017.05.09-13.05.32:528][  0]LogInit: Computer: DESKTOP-Q28GMSV
[2017.05.09-13.05.32:528][  0]LogInit: User: marin
[2017.05.09-13.05.32:528][  0]LogInit: CPU Page size=4096, Cores=2
[2017.05.09-13.05.32:528][  0]LogInit: High frequency timer resolution =2.533318 MHz
[2017.05.09-13.05.32:528][  0]LogMemory: Memory total: Physical=5.9GB (6GB approx) Virtual=131072.0GB
[2017.05.09-13.05.32:529][  0]LogMemory: Platform Memory Stats for Windows
[2017.05.09-13.05.32:529][  0]LogMemory: Process Physical Memory: 48.10 MB used, 48.10 MB peak
[2017.05.09-13.05.32:529][  0]LogMemory: Process Virtual Memory: 26.61 MB used, 26.62 MB peak
[2017.05.09-13.05.32:529][  0]LogMemory: Physical Memory: 3475.28 MB used, 6023.27 MB total
[2017.05.09-13.05.32:529][  0]LogMemory: Virtual Memory: 311.56 MB used, 134217728.00 MB total
[2017.05.09-13.05.32:593][  0]LogD3D11RHI: Found D3D11 adapter 0: NVIDIA GeForce GT 720M (Feature Level 11_0)
[2017.05.09-13.05.32:593][  0]LogD3D11RHI: Adapter has 1999MB of dedicated video memory, 0MB of dedicated system memory, and 3011MB of shared system memory, 1 output[s]
[2017.05.09-13.05.32:597][  0]LogD3D11RHI: Found D3D11 adapter 1: Intel(R) HD Graphics 4000 (Feature Level 11_0)
[2017.05.09-13.05.32:597][  0]LogD3D11RHI: Adapter has 32MB of dedicated video memory, 0MB of dedicated system memory, and 1760MB of shared system memory, 0 output[s]
[2017.05.09-13.05.32:601][  0]LogD3D11RHI: Found D3D11 adapter 2: Microsoft Basic Render Driver (Feature Level 11_0)
[2017.05.09-13.05.32:601][  0]LogD3D11RHI: Adapter has 0MB of dedicated video memory, 0MB of dedicated system memory, and 3011MB of shared system memory, 0 output[s]
[2017.05.09-13.05.32:601][  0]LogD3D11RHI: Chosen D3D11 Adapter Id = 0
[2017.05.09-13.05.32:611][  0]LogRHI: Texture pool is 1361 MB (70% of 1945 MB)
[2017.05.09-13.05.32:639][  0]LogD3D11RHI: Async texture creation enabled
[2017.05.09-13.05.32:721][  0]LogTextLocalizationManager: The requested culture ('en_US') has no localization data; parent culture's ('en') localization data will be used.
[2017.05.09-13.05.32:818][  0]LogTextLocalizationManager:Warning: Loading localization resources contain conflicting entries for (Namespace:UICommands, Key:Save_ToolTip):
Resource: (C:/Program Files/Epic Games/UE_4.7/Engine/Content/Localization/Editor/en/Editor.locres) Hash: (-29098895) String: (Saves the current level to disk)
Resource: (C:/Program Files/Epic Games/UE_4.7/Engine/Content/Localization/Engine/en/Engine.locres) Hash: (-1280300587) String: (Save selected data to vlog file)
[2017.05.09-13.05.32:818][  0]LogTextLocalizationManager:Warning: Loading localization resources contain conflicting entries for (Namespace:ContentBrowser, Key:ImportAssetToolTip):
Resource: (C:/Program Files/Epic Games/UE_4.7/Engine/Content/Localization/Editor/en/Editor.locres) Hash: (-630476809) String: (Import to {0}...)
Resource: (C:/Program Files/Epic Games/UE_4.7/Engine/Content/Localization/Editor/en/Editor.locres) Hash: (1271782899) String: (Imports an asset from file to this folder.)
[2017.05.09-13.05.32:940][  0]LogContentStreaming: Texture pool size is 0.000000MB
[2017.05.09-13.05.36:300][  0]LogTargetPlatformManager:Display: Building Assets For Windows
[2017.05.09-13.05.37:623][  0]LogTargetPlatformManager:Display: Building Assets For Windows
[2017.05.09-13.05.37:733][  0]LogDerivedDataCache:Display: Max Cache Size: 512 MB
[2017.05.09-13.05.37:787][  0]LogDerivedDataCache: Loaded boot cache 0.05s 39MB C:/Users/marin/AppData/Local/UnrealEngine/4.7/DerivedDataCache/Boot.ddc.
[2017.05.09-13.05.37:787][  0]LogDerivedDataCache:Display: Loaded Boot cache: C:/Users/marin/AppData/Local/UnrealEngine/4.7/DerivedDataCache/Boot.ddc
[2017.05.09-13.05.37:787][  0]LogDerivedDataCache: FDerivedDataBackendGraph:  Pak pak cache file ../../../../../../Users/marin/Desktop/FerSimulator2015-master/DerivedDataCache/DDC.ddp not found, will not use a pak cache.
[2017.05.09-13.05.37:787][  0]LogDerivedDataCache: Unable to find inner node Pak for hierarchical cache Hierarchy.
[2017.05.09-13.05.37:979][  0]LogDerivedDataCache:Display: Pak cache opened for reading ../../../Engine/DerivedDataCache/Compressed.ddp.
[2017.05.09-13.05.37:991][  0]LogDerivedDataCache: Using Local data cache path C:/Users/marin/AppData/Local/UnrealEngine/Common/DerivedDataCache: Writable
[2017.05.09-13.05.39:863][  0]LogMeshUtilities: No automatic mesh reduction module available
[2017.05.09-13.05.39:863][  0]LogMeshUtilities: No automatic mesh merging module available
[2017.05.09-13.05.40:394][  0]LogInit: WinSock: version 1.1 (2.2), MaxSocks=32767, MaxUdp=65467
[2017.05.09-13.05.40:544][  0]LogSlate:Warning: Failed to load font data from '../../../Engine/Content/Slate/Fonts/Roboto-Italic.ttf'
[2017.05.09-13.05.42:161][  0]UdpMessaging: Initializing bridge on interface 0.0.0.0:0 to multicast group 230.0.0.1:6666.
[2017.05.09-13.05.42:545][  0]SourceControl: Info Source control is disabled
[2017.05.09-13.05.42:546][  0]SourceControl: Info Source control is disabled
[2017.05.09-13.05.42:546][  0]SourceControl: Info Source control is disabled
[2017.05.09-13.05.42:546][  0]LogSourceControl: RunCommandInternalRaw: 'git version'
[2017.05.09-13.05.42:546][  0]LogSourceControl: RunCommandInternalRaw: ExecProcess ReturnCode=2 OutResults=''
[2017.05.09-13.05.42:569][  0]SourceControl: Info Source control is disabled
[2017.05.09-13.05.42:938][  0]LogObj: 24232 objects as part of root set at end of initial load.
[2017.05.09-13.05.42:938][  0]LogUObjectAllocator: 5137176 out of 0 bytes used by permanent object pool.
[2017.05.09-13.05.43:067][  0]LogEngine: Initializing Engine...
[2017.05.09-13.05.45:382][  0]LogInit: XAudio2 using 'Speakers (IDT High Definition Audio CODEC)' : 2 channels at 44.1 kHz using 16 bits per sample (channel mask 0x3)
[2017.05.09-13.05.45:414][  0]LogInit: FAudioDevice initialized.
[2017.05.09-13.05.45:510][  0]LogAIModule: Creating AISystem for world NewWorld
[2017.05.09-13.05.45:541][  0]LogDerivedDataCache: Saved boot cache 0.03s 39MB C:/Users/marin/AppData/Local/UnrealEngine/4.7/DerivedDataCache/Boot.ddc.
[2017.05.09-13.05.45:550][  0]LogInit: Texture streaming: Enabled
[2017.05.09-13.05.45:776][  0]LogAnalytics: Creating configured Analytics provider AnalyticsET
[2017.05.09-13.05.45:776][  0]LogAnalytics: ET APIKey = Rocket.Release. APIServer = http://et2.epicgames.com/ET2/. AppVersion = 4.7.6-2513093+++depot+UE4-Releases+4.7
[2017.05.09-13.05.45:776][  0]LogAnalytics: ET APIKey = Rocket.Release. DataRouterUploadURL = https://datarouter-public-service-gamedev.ol.epicgames.net/datarouter/api/v1/public/data. AppVersion = 4.7.6-2513093+++depot+UE4-Releases+4.7
[2017.05.09-13.05.45:776][  0]LogAnalytics: SetUserId 85768ada4834b528c0485cb2f19c425d|a3a4ae65e6154c5ba95c9f5d7aa92564|d0436549-9a1d-46ac-b753-1744c5233c1f
[2017.05.09-13.05.45:777][  0]LogAnalytics: AnalyticsET::StartSession [Rocket.Release]
[2017.05.09-13.05.45:834][  0]LogInit: Transaction tracking system initialized
[2017.05.09-13.05.46:262][  0]BlueprintLog: New page: Editor Load
[2017.05.09-13.05.46:367][  0]LogAssetRegistry: FAssetRegistry took 0.0177 seconds to start up
[2017.05.09-13.05.46:368][  0]LogDirectoryWatcher:Warning: Failed to begin reading directory changes for ../../../Engine/Plugins/Experimental/CharacterAI/Content/. Error: 0
[2017.05.09-13.05.48:014][  0]LogTargetPlatformManager:Display: Building Assets For Windows
[2017.05.09-13.05.48:472][  0]LogTargetPlatformManager:Display: Building Assets For Windows
[2017.05.09-13.05.51:500][  0]LogSlate:Warning: Failed to load font data from '../../../Engine/Content/Editor/Slate/Fonts/Roboto-Regular.ttf'
[2017.05.09-13.05.51:501][  0]LogSlate:Warning: Failed to load font data from '../../../Engine/Content/Editor/Slate/Fonts/Roboto-Bold.ttf'
[2017.05.09-13.05.51:941][  0]LogConsoleResponse:Display: 
[2017.05.09-13.06.02:273][  0]LogCook:Display: Done creating registry. It took  0.00s.
[2017.05.09-13.06.04:352][  0]SourceControl: Info Source control is disabled
[2017.05.09-13.06.04:959][  0]Cmd: MAP LOAD FILE="../../../../../../Users/marin/Desktop/FerSimulator2015-master/Content/FER.umap" TEMPLATE=0 SHOWPROGRESS=1 FEATURELEVEL=3
[2017.05.09-13.06.05:169][  0]LightingResults: New page: Lighting Build
[2017.05.09-13.06.05:336][  0]MapCheck: New page: Map Check
[2017.05.09-13.06.05:336][  0]LightingResults: New page: Lighting Build
[2017.05.09-13.06.05:426][  0]LogParticles: Destroying 0 GPU particle simulations for FXSystem 0x00000178416EBB00
[2017.05.09-13.06.37:677][  0]LogDerivedDataCache: FFileSystemDerivedDataBackend: Move collision, attempt at redundant update, OK C:/Users/marin/AppData/Local/UnrealEngine/Common/DerivedDataCache/2/8/8/REFL_ENC_96DFC022836B48889143E9DF484C3296_0C9BBDE24B2F7FABC9BA52BBA0C494A5.udd.
[2017.05.09-13.06.37:769][  0]LogPhysics:Warning: AddConvexElemsToRigidActor: ConvexElem is missing ConvexMesh (0: /Game/Models/Prostori/strop_referadaO.strop_referadaO:BodySetup_1086)
[2017.05.09-13.06.37:848][  0]LogPhysics:Warning: AddConvexElemsToRigidActor: ConvexElem is missing ConvexMesh (0: /Game/Models/Prostori/pod_referadaL_NW.pod_referadaL_NW:BodySetup_50)
[2017.05.09-13.06.37:850][  0]LogPhysics:Warning: AddConvexElemsToRigidActor: ConvexElem is missing ConvexMesh (0: /Game/Models/Prostori/pod_referadaR_NW.pod_referadaR_NW:BodySetup_53)
[2017.05.09-13.06.38:356][  0]LogPrimitiveComponent: Zero scaling not supported (/Game/FER.FER:PersistentLevel.bloker10_7.StaticMeshComponent0)
[2017.05.09-13.06.39:005][  0]LogEditorServer: Finished looking for orphan Actors (0.000 secs)
[2017.05.09-13.06.39:020][  0]LogAIModule: Creating AISystem for world FER
[2017.05.09-13.06.39:065][  0]Cmd: MAP CHECKDEP
[2017.05.09-13.06.39:065][  0]MapCheck: New page: FER - May 9, 2017, 5:06:39 PM
[2017.05.09-13.06.39:456][  0]MapCheck: Info Map check complete: 0 Error(s), 0 Warning(s), took 391.081ms to complete.
[2017.05.09-13.06.39:456][  0]LogFileHelpers: Loading map 'FER' took 34.572
[2017.05.09-13.06.40:286][  0]LogCollectionManager: Loaded 0 collections in 0.004506 seconds
[2017.05.09-13.06.40:318][  0]LogContentBrowser: Native class hierarchy populated in 0.0315 seconds. Added 1696 classes and 261 folders.
[2017.05.09-13.06.41:113][  0]LogContentBrowser: Native class hierarchy updated for 'SceneOutliner' in 0.0040 seconds. Added 1 classes and 2 folders.
[2017.05.09-13.06.41:742][  0]LogCrashTracker: Crashtracker disabled due to settings.
[2017.05.09-13.06.41:811][  0]LogSlate:Warning: Failed to load font data from 'Veranda'
[2017.05.09-13.06.41:881][  0]LogUObjectGlobals:Warning: Failed to find object 'Class None.'
[2017.05.09-13.06.41:987][  0]LogLoad: Full Startup: 72.85 seconds (BP compile: 1.88 seconds)
[2017.05.09-13.06.42:083][  0]LogContentBrowser:Verbose: The content browser source was changed by the sources view to '/Game/Walking/Characters/Person1'
[2017.05.09-13.06.42:985][  0]LogRenderer:Warning: Reallocating scene render targets to support 32x32 (Frame:2).
[2017.05.09-13.06.43:577][  0]LogRenderer:Warning: Reallocating scene render targets to support 1264x784 (Frame:3).
[2017.05.09-13.06.44:890][  8]LogAssetRegistry: Asset discovery search completed in 58.5410 seconds
[2017.05.09-13.06.49:769][184]LogEditorViewport: Clicking on Actor (LMB): AICharacter_C (AICharacter2)
[2017.05.09-13.06.54:854][337]LogContentBrowser:Verbose: The content browser source was changed by the sources view to '/Game/Walking/Characters'
[2017.05.09-13.06.59:092][507]LogContentBrowser:Verbose: The content browser source was changed by the sources view to '/Game/Walking/Characters/Person1'
[2017.05.09-13.07.02:563][565]LogSkeletalMesh: InitArticulated: Bodies already created (/Engine/Transient.DebugSkelMeshComponent_0) - call TermArticulated first.
[2017.05.09-13.07.02:975][565]LogLinker:Warning: Asset '../../../Engine/Content/Tutorial/SubEditors/PersonaAnimEditorTutorial.uasset' has been saved with empty engine version. The asset will be loaded but may be incompatible.
[2017.05.09-13.08.22:162][960]LogActorComponent: UnregisterComponent: (/Engine/Transient.CharMoveComp) Not registered. Aborting.
[2017.05.09-13.08.22:852][960]LogSavePackage: Save=246.887680ms
[2017.05.09-13.08.22:852][960]LogSavePackage: Moving '../../../../../../Users/marin/Desktop/FerSimulator2015-master/Saved/character1C40B744847EF1EC0E7C068BF757C4C89.tmp' to '../../../../../../Users/marin/Desktop/FerSimulator2015-master/Content/Walking/Characters/Person1/character1.uasset'
[2017.05.09-13.08.22:853][960]LogFileManager:Warning: DeleteFile was unable to delete '../../../../../../Users/marin/Desktop/FerSimulator2015-master/Content/Walking/Characters/Person1/character1.uasset', retrying in .5s...
[2017.05.09-13.08.23:354][960]LogFileManager:Error: Error deleting file '../../../../../../Users/marin/Desktop/FerSimulator2015-master/Content/Walking/Characters/Person1/character1.uasset'.
[2017.05.09-13.08.23:354][960]LogSavePackage:Error: Error saving '../../../../../../Users/marin/Desktop/FerSimulator2015-master/Content/Walking/Characters/Person1/character1.uasset'
[2017.05.09-13.08.45:543][960]EditorErrors: New page: Save Output
[2017.05.09-13.08.45:543][960]EditorErrors:Warning: Warning Error saving '../../../../../../Users/marin/Desktop/FerSimulator2015-master/Content/Walking/Characters/Person1/character1.uasset'
[2017.05.09-13.08.53:162][240]LogSavePackage: Save=22.854612ms
[2017.05.09-13.08.53:162][240]LogSavePackage: Moving '../../../../../../Users/marin/Desktop/FerSimulator2015-master/Saved/character1CC9FB33343A7620C661D3EB97B902F5C.tmp' to '../../../../../../Users/marin/Desktop/FerSimulator2015-master/Content/Walking/Characters/Person1/character1.uasset'
[2017.05.09-13.08.53:163][240]LogFileManager:Warning: DeleteFile was unable to delete '../../../../../../Users/marin/Desktop/FerSimulator2015-master/Content/Walking/Characters/Person1/character1.uasset', retrying in .5s...
[2017.05.09-13.08.53:664][240]LogFileManager:Error: Error deleting file '../../../../../../Users/marin/Desktop/FerSimulator2015-master/Content/Walking/Characters/Person1/character1.uasset'.
[2017.05.09-13.08.53:664][240]LogSavePackage:Error: Error saving '../../../../../../Users/marin/Desktop/FerSimulator2015-master/Content/Walking/Characters/Person1/character1.uasset'
[2017.05.09-13.08.54:695][240]LogSavePackage: Save=23.704880ms
[2017.05.09-13.08.54:695][240]LogSavePackage: Moving '../../../../../../Users/marin/Desktop/FerSimulator2015-master/Saved/character16AE4BA3E48EB6D406E0B8ABCD581A282.tmp' to '../../../../../../Users/marin/Desktop/FerSimulator2015-master/Content/Walking/Characters/Person1/character1.uasset'
[2017.05.09-13.08.54:696][240]LogFileManager:Warning: DeleteFile was unable to delete '../../../../../../Users/marin/Desktop/FerSimulator2015-master/Content/Walking/Characters/Person1/character1.uasset', retrying in .5s...
[2017.05.09-13.08.55:196][240]LogFileManager:Error: Error deleting file '../../../../../../Users/marin/Desktop/FerSimulator2015-master/Content/Walking/Characters/Person1/character1.uasset'.
[2017.05.09-13.08.55:196][240]LogSavePackage:Error: Error saving '../../../../../../Users/marin/Desktop/FerSimulator2015-master/Content/Walking/Characters/Person1/character1.uasset'
[2017.05.09-13.08.57:591][240]EditorErrors: New page: Save Output
[2017.05.09-13.08.57:591][240]EditorErrors:Warning: Warning Error saving '../../../../../../Users/marin/Desktop/FerSimulator2015-master/Content/Walking/Characters/Person1/character1.uasset'
[2017.05.09-13.08.57:591][240]EditorErrors:Warning: Warning Error saving '../../../../../../Users/marin/Desktop/FerSimulator2015-master/Content/Walking/Characters/Person1/character1.uasset'
[2017.05.09-13.09.06:553][624]LogContentBrowser:Verbose: The content browser source was changed by the sources view to '/Game/Walking/Characters'
[2017.05.09-13.09.08:156][685]LogContentBrowser:Verbose: The content browser source was changed by the sources view to '/Game/Walking'
[2017.05.09-13.09.36:794][608]LogActorComponent: UnregisterComponent: (/Engine/Transient.CharMoveComp) Not registered. Aborting.
[2017.05.09-13.09.53:620][211]LogParticles: Destroying 0 GPU particle simulations for FXSystem 0x0000017866547920
[2017.05.09-13.09.53:621][211]LogParticles: Destroying 0 GPU particle simulations for FXSystem 0x0000017866544EA0
[2017.05.09-13.09.54:131][211]Cmd: OBJ SAVEPACKAGE PACKAGE="/Game/FER" FILE="../../../../../../Users/marin/Desktop/FerSimulator2015-master/Content/FER.umap" SILENT=true AUTOSAVING=false KEEPDIRTY=false
[2017.05.09-13.09.58:021][211]LogSavePackage: Save=3321.650391ms
[2017.05.09-13.09.58:021][211]LogSavePackage: Moving '../../../../../../Users/marin/Desktop/FerSimulator2015-master/Saved/FER9F11F2FC48C77102183FFEB988DCD1A0.tmp' to '../../../../../../Users/marin/Desktop/FerSimulator2015-master/Content/FER.umap'
[2017.05.09-13.09.58:022][211]LogFileManager:Warning: DeleteFile was unable to delete '../../../../../../Users/marin/Desktop/FerSimulator2015-master/Content/FER.umap', retrying in .5s...
[2017.05.09-13.09.58:523][211]LogFileManager:Error: Error deleting file '../../../../../../Users/marin/Desktop/FerSimulator2015-master/Content/FER.umap'.
[2017.05.09-13.09.58:523][211]LogSavePackage:Error: Error saving '../../../../../../Users/marin/Desktop/FerSimulator2015-master/Content/FER.umap'
[2017.05.09-13.09.58:563][211]EditorErrors: New page: Save Output
[2017.05.09-13.09.58:563][211]EditorErrors:Warning: Warning Error saving '../../../../../../Users/marin/Desktop/FerSimulator2015-master/Content/FER.umap'
[2017.05.09-13.09.58:573][211]LogFileHelpers: Saving map 'FER' took 4.805
[2017.05.09-13.10.00:758][211]Cmd: OBJ SAVEPACKAGE PACKAGE="/Game/FER" FILE="../../../../../../Users/marin/Desktop/FerSimulator2015-master/Content/FER.umap" SILENT=true AUTOSAVING=false KEEPDIRTY=false
[2017.05.09-13.10.03:698][211]LogSavePackage: Save=2876.015869ms
[2017.05.09-13.10.03:698][211]LogSavePackage: Moving '../../../../../../Users/marin/Desktop/FerSimulator2015-master/Saved/FER6D5A8F50475E70FA3735DDA4B3F6A7A1.tmp' to '../../../../../../Users/marin/Desktop/FerSimulator2015-master/Content/FER.umap'
[2017.05.09-13.10.03:699][211]LogFileManager:Warning: DeleteFile was unable to delete '../../../../../../Users/marin/Desktop/FerSimulator2015-master/Content/FER.umap', retrying in .5s...
[2017.05.09-13.10.04:199][211]LogFileManager:Error: Error deleting file '../../../../../../Users/marin/Desktop/FerSimulator2015-master/Content/FER.umap'.
[2017.05.09-13.10.04:199][211]LogSavePackage:Error: Error saving '../../../../../../Users/marin/Desktop/FerSimulator2015-master/Content/FER.umap'
[2017.05.09-13.10.04:208][211]EditorErrors: New page: Save Output
[2017.05.09-13.10.04:276][211]EditorErrors:Warning: Warning Error saving '../../../../../../Users/marin/Desktop/FerSimulator2015-master/Content/FER.umap'
[2017.05.09-13.10.04:279][211]LogFileHelpers: Saving map 'FER' took 3.874
[2017.05.09-13.10.12:781][795]LogRenderer:Warning: Reallocating scene render targets to support 1272x784 (Frame:12788).
[2017.05.09-13.10.14:174][894]BlueprintLog: New page: Compile AICharacter
[2017.05.09-13.10.14:951][894]BlueprintEditorCompileResults: Info [0285.81] Compile of AICharacter successful! [in 776 ms]
[2017.05.09-13.10.18:748][100]LogContentBrowser:Verbose: The content browser source was changed by the sources view to '/Game/Walking/Characters'
[2017.05.09-13.10.21:999][258]LogContentBrowser:Verbose: The content browser source was changed by the sources view to '/Game/Walking/Characters'
[2017.05.09-13.10.25:393][392]LogContentBrowser:Verbose: The content browser source was changed by the sources view to '/Game/Walking/Characters/wdawd'
[2017.05.09-13.10.31:802][447]LogFactory: FactoryCreateBinary: StaticMesh with FbxFactory (0 0 ../../../../../../Users/marin/Desktop/chars/character1/character1.fbx)
[2017.05.09-13.10.32:093][447]LogFbx: ItemName: GlobalSettings, ItemCount : 1
[2017.05.09-13.10.32:094][447]LogFbx: ItemName: AnimationStack, ItemCount : 1
[2017.05.09-13.10.32:094][447]LogFbx: ItemName: AnimationLayer, ItemCount : 1
[2017.05.09-13.10.32:094][447]LogFbx: ItemName: NodeAttribute, ItemCount : 80
[2017.05.09-13.10.32:094][447]LogFbx: ItemName: Model, ItemCount : 87
[2017.05.09-13.10.32:094][447]LogFbx: ItemName: Geometry, ItemCount : 7
[2017.05.09-13.10.32:094][447]LogFbx: ItemName: Material, ItemCount : 1
[2017.05.09-13.10.32:094][447]LogFbx: ItemName: Texture, ItemCount : 3
[2017.05.09-13.10.32:094][447]LogFbx: ItemName: AnimationCurveNode, ItemCount : 60
[2017.05.09-13.10.32:094][447]LogFbx: ItemName: Pose, ItemCount : 7
[2017.05.09-13.10.32:094][447]LogFbx: ItemName: Deformer, ItemCount : 71
[2017.05.09-13.10.32:094][447]LogFbx: ItemName: Character, ItemCount : 1
[2017.05.09-13.10.32:094][447]LogFbx: ItemName: Video, ItemCount : 4
[2017.05.09-13.10.53:195][447]LogFbx: Loading FBX Scene from ../../../../../../Users/marin/Desktop/chars/character1/character1.fbx
[2017.05.09-13.10.53:358][447]LogFbx: FBX Scene Loaded Succesfully
[2017.05.09-13.10.53:382][447]LogFbx: =================================================
[2017.05.09-13.10.53:382][447]LogFbx: Dumping Node START [l_TeethDown] 
[2017.05.09-13.10.53:382][447]LogFbx: 	Total Deformer Count 930702720.
[2017.05.09-13.10.53:382][447]LogFbx: 		[Node 1]  (Type Skin).
[2017.05.09-13.10.53:382][447]LogFbx: =================================================
[2017.05.09-13.10.53:382][447]LogFbx: 	Attribute () Type (4).
[2017.05.09-13.10.53:382][447]LogFbx: 		[Node Attribute Child 1] l_TeethDown (Type Mesh).
[2017.05.09-13.10.53:382][447]LogFbx: Dumping Node END [l_TeethDown]
[2017.05.09-13.10.53:382][447]LogFbx: =================================================
[2017.05.09-13.10.53:382][447]LogFbx: Dumping Node START [l_TeethUp] 
[2017.05.09-13.10.53:382][447]LogFbx: 	Total Deformer Count 930702720.
[2017.05.09-13.10.53:382][447]LogFbx: 		[Node 1]  (Type Skin).
[2017.05.09-13.10.53:382][447]LogFbx: =================================================
[2017.05.09-13.10.53:382][447]LogFbx: 	Attribute () Type (4).
[2017.05.09-13.10.53:382][447]LogFbx: 		[Node Attribute Child 1] l_TeethUp (Type Mesh).
[2017.05.09-13.10.53:382][447]LogFbx: Dumping Node END [l_TeethUp]
[2017.05.09-13.10.53:382][447]LogFbx: =================================================
[2017.05.09-13.10.53:382][447]LogFbx: Dumping Node START [l_L_gland] 
[2017.05.09-13.10.53:382][447]LogFbx: 	Total Deformer Count 930702720.
[2017.05.09-13.10.53:382][447]LogFbx: 		[Node 1]  (Type Skin).
[2017.05.09-13.10.53:382][447]LogFbx: =================================================
[2017.05.09-13.10.53:382][447]LogFbx: 	Attribute () Type (4).
[2017.05.09-13.10.53:382][447]LogFbx: 		[Node Attribute Child 1] l_L_gland (Type Mesh).
[2017.05.09-13.10.53:382][447]LogFbx: Dumping Node END [l_L_gland]
[2017.05.09-13.10.53:382][447]LogFbx: =================================================
[2017.05.09-13.10.53:382][447]LogFbx: Dumping Node START [l_L_eye] 
[2017.05.09-13.10.53:382][447]LogFbx: 	Total Deformer Count 72031040.
[2017.05.09-13.10.53:382][447]LogFbx: 		[Node 1]  (Type Skin).
[2017.05.09-13.10.53:382][447]LogFbx: =================================================
[2017.05.09-13.10.53:382][447]LogFbx: 	Attribute () Type (4).
[2017.05.09-13.10.53:382][447]LogFbx: 		[Node Attribute Child 1] l_L_eye (Type Mesh).
[2017.05.09-13.10.53:382][447]LogFbx: Dumping Node END [l_L_eye]
[2017.05.09-13.10.53:382][447]LogFbx: =================================================
[2017.05.09-13.10.53:382][447]LogFbx: Dumping Node START [l_R_gland] 
[2017.05.09-13.10.53:382][447]LogFbx: 	Total Deformer Count 930702720.
[2017.05.09-13.10.53:382][447]LogFbx: 		[Node 1]  (Type Skin).
[2017.05.09-13.10.53:382][447]LogFbx: =================================================
[2017.05.09-13.10.53:382][447]LogFbx: 	Attribute () Type (4).
[2017.05.09-13.10.53:382][447]LogFbx: 		[Node Attribute Child 1] l_R_gland (Type Mesh).
[2017.05.09-13.10.53:382][447]LogFbx: Dumping Node END [l_R_gland]
[2017.05.09-13.10.53:382][447]LogFbx: =================================================
[2017.05.09-13.10.53:382][447]LogFbx: Dumping Node START [l_R_eye] 
[2017.05.09-13.10.53:382][447]LogFbx: 	Total Deformer Count 72031040.
[2017.05.09-13.10.53:382][447]LogFbx: 		[Node 1]  (Type Skin).
[2017.05.09-13.10.53:382][447]LogFbx: =================================================
[2017.05.09-13.10.53:382][447]LogFbx: 	Attribute () Type (4).
[2017.05.09-13.10.53:382][447]LogFbx: 		[Node Attribute Child 1] l_R_eye (Type Mesh).
[2017.05.09-13.10.53:382][447]LogFbx: Dumping Node END [l_R_eye]
[2017.05.09-13.10.53:382][447]LogFbx: =================================================
[2017.05.09-13.10.53:382][447]LogFbx: Dumping Node START [H_DDS_LowRes] 
[2017.05.09-13.10.53:382][447]LogFbx: 	Total Deformer Count 4716512.
[2017.05.09-13.10.53:382][447]LogFbx: 		[Node 1]  (Type Skin).
[2017.05.09-13.10.53:382][447]LogFbx: =================================================
[2017.05.09-13.10.53:382][447]LogFbx: 	Attribute () Type (4).
[2017.05.09-13.10.53:382][447]LogFbx: 		[Node Attribute Child 1] H_DDS_LowRes (Type Mesh).
[2017.05.09-13.10.53:383][447]LogFbx: Dumping Node END [H_DDS_LowRes]
[2017.05.09-13.10.53:383][447]LogFbx: =================================================
[2017.05.09-13.10.53:383][447]LogFbx: Dumping Node START [l_TeethDown] 
[2017.05.09-13.10.53:383][447]LogFbx: 	Total Deformer Count 930702720.
[2017.05.09-13.10.53:383][447]LogFbx: 		[Node 1]  (Type Skin).
[2017.05.09-13.10.53:383][447]LogFbx: =================================================
[2017.05.09-13.10.53:383][447]LogFbx: 	Attribute () Type (4).
[2017.05.09-13.10.53:383][447]LogFbx: 		[Node Attribute Child 1] l_TeethDown (Type Mesh).
[2017.05.09-13.10.53:383][447]LogFbx: Dumping Node END [l_TeethDown]
[2017.05.09-13.10.53:383][447]LogFbx: =================================================
[2017.05.09-13.10.53:383][447]LogFbx: Dumping Node START [l_TeethUp] 
[2017.05.09-13.10.53:383][447]LogFbx: 	Total Deformer Count 930702720.
[2017.05.09-13.10.53:383][447]LogFbx: 		[Node 1]  (Type Skin).
[2017.05.09-13.10.53:383][447]LogFbx: =================================================
[2017.05.09-13.10.53:383][447]LogFbx: 	Attribute () Type (4).
[2017.05.09-13.10.53:383][447]LogFbx: 		[Node Attribute Child 1] l_TeethUp (Type Mesh).
[2017.05.09-13.10.53:383][447]LogFbx: Dumping Node END [l_TeethUp]
[2017.05.09-13.10.53:383][447]LogFbx: =================================================
[2017.05.09-13.10.53:383][447]LogFbx: Dumping Node START [l_L_gland] 
[2017.05.09-13.10.53:383][447]LogFbx: 	Total Deformer Count 930702720.
[2017.05.09-13.10.53:383][447]LogFbx: 		[Node 1]  (Type Skin).
[2017.05.09-13.10.53:383][447]LogFbx: =================================================
[2017.05.09-13.10.53:383][447]LogFbx: 	Attribute () Type (4).
[2017.05.09-13.10.53:383][447]LogFbx: 		[Node Attribute Child 1] l_L_gland (Type Mesh).
[2017.05.09-13.10.53:383][447]LogFbx: Dumping Node END [l_L_gland]
[2017.05.09-13.10.53:383][447]LogFbx: =================================================
[2017.05.09-13.10.53:383][447]LogFbx: Dumping Node START [l_L_eye] 
[2017.05.09-13.10.53:383][447]LogFbx: 	Total Deformer Count 72031600.
[2017.05.09-13.10.53:383][447]LogFbx: 		[Node 1]  (Type Skin).
[2017.05.09-13.10.53:383][447]LogFbx: =================================================
[2017.05.09-13.10.53:383][447]LogFbx: 	Attribute () Type (4).
[2017.05.09-13.10.53:383][447]LogFbx: 		[Node Attribute Child 1] l_L_eye (Type Mesh).
[2017.05.09-13.10.53:383][447]LogFbx: Dumping Node END [l_L_eye]
[2017.05.09-13.10.53:383][447]LogFbx: =================================================
[2017.05.09-13.10.53:383][447]LogFbx: Dumping Node START [l_R_gland] 
[2017.05.09-13.10.53:383][447]LogFbx: 	Total Deformer Count 930702720.
[2017.05.09-13.10.53:383][447]LogFbx: 		[Node 1]  (Type Skin).
[2017.05.09-13.10.53:383][447]LogFbx: =================================================
[2017.05.09-13.10.53:383][447]LogFbx: 	Attribute () Type (4).
[2017.05.09-13.10.53:383][447]LogFbx: 		[Node Attribute Child 1] l_R_gland (Type Mesh).
[2017.05.09-13.10.53:384][447]LogFbx: Dumping Node END [l_R_gland]
[2017.05.09-13.10.53:384][447]LogFbx: =================================================
[2017.05.09-13.10.53:384][447]LogFbx: Dumping Node START [l_R_eye] 
[2017.05.09-13.10.53:384][447]LogFbx: 	Total Deformer Count 72031600.
[2017.05.09-13.10.53:384][447]LogFbx: 		[Node 1]  (Type Skin).
[2017.05.09-13.10.53:384][447]LogFbx: =================================================
[2017.05.09-13.10.53:384][447]LogFbx: 	Attribute () Type (4).
[2017.05.09-13.10.53:384][447]LogFbx: 		[Node Attribute Child 1] l_R_eye (Type Mesh).
[2017.05.09-13.10.53:384][447]LogFbx: Dumping Node END [l_R_eye]
[2017.05.09-13.10.53:384][447]LogFbx: =================================================
[2017.05.09-13.10.53:384][447]LogFbx: Dumping Node START [H_DDS_LowRes] 
[2017.05.09-13.10.53:384][447]LogFbx: 	Total Deformer Count 4716512.
[2017.05.09-13.10.53:384][447]LogFbx: 		[Node 1]  (Type Skin).
[2017.05.09-13.10.53:384][447]LogFbx: =================================================
[2017.05.09-13.10.53:384][447]LogFbx: 	Attribute () Type (4).
[2017.05.09-13.10.53:384][447]LogFbx: 		[Node Attribute Child 1] H_DDS_LowRes (Type Mesh).
[2017.05.09-13.10.53:384][447]LogFbx: Dumping Node END [H_DDS_LowRes]
[2017.05.09-13.10.53:397][447]LogFbx: Valid bind pose for Pose (l_skcl) - l_TeethDown
[2017.05.09-13.10.53:398][447]LogFbx: Valid bind pose for Pose (skcl_Acc8) - l_TeethDown
[2017.05.09-13.10.53:398][447]LogFbx: Valid bind pose for Pose (skcl_Acc9) - l_TeethDown
[2017.05.09-13.10.53:398][447]LogFbx: Valid bind pose for Pose (skcl_Acc10) - l_TeethDown
[2017.05.09-13.10.53:398][447]LogFbx: Valid bind pose for Pose (skcl_Acc11) - l_TeethDown
[2017.05.09-13.10.53:398][447]LogFbx: Valid bind pose for Pose (skcl_Acc20) - l_TeethDown
[2017.05.09-13.10.53:398][447]LogFbx: Valid bind pose for Pose (skcl_Acc26) - l_TeethDown
[2017.05.09-13.10.53:431][447]LogLinker:Warning: Can't find file '/Game/Walking/Characters/wdawd/_Body_Low'
[2017.05.09-13.10.53:438][447]LogLinker:Warning: Can't find file '/Game/Walking/Characters/wdawd/_Body_Low'
[2017.05.09-13.10.53:438][447]LogUObjectGlobals:Warning: Failed to find object 'MaterialInterface /Game/Walking/Characters/wdawd/_Body_Low._Body_Low'
[2017.05.09-13.10.53:464][447]LogLinker:Warning: Can't find file '/Game/Walking/Characters/wdawd/character1_color'
[2017.05.09-13.10.53:465][447]LogLinker:Warning: Can't find file '/Game/Walking/Characters/wdawd/character1_color'
[2017.05.09-13.10.53:465][447]LogUObjectGlobals:Warning: Failed to find object 'Texture /Game/Walking/Characters/wdawd/character1_color.character1_color'
[2017.05.09-13.10.53:705][447]LogTexture:Display: Building textures: character1_color (AutoDXT)
[2017.05.09-13.11.00:118][447]LogLinker:Warning: Can't find file '/Game/Walking/Characters/wdawd/character1_spec'
[2017.05.09-13.11.00:119][447]LogLinker:Warning: Can't find file '/Game/Walking/Characters/wdawd/character1_spec'
[2017.05.09-13.11.00:119][447]LogUObjectGlobals:Warning: Failed to find object 'Texture /Game/Walking/Characters/wdawd/character1_spec.character1_spec'
[2017.05.09-13.11.00:266][447]LogTexture:Display: Building textures: character1_spec (AutoDXT)
[2017.05.09-13.11.03:894][447]LogLinker:Warning: Can't find file '/Game/Walking/Characters/wdawd/character1_low_nm'
[2017.05.09-13.11.03:894][447]LogLinker:Warning: Can't find file '/Game/Walking/Characters/wdawd/character1_low_nm'
[2017.05.09-13.11.03:894][447]LogUObjectGlobals:Warning: Failed to find object 'Texture /Game/Walking/Characters/wdawd/character1_low_nm.character1_low_nm'
[2017.05.09-13.11.04:110][447]LogTexture:Display: Building textures: character1_low_nm (BC5)
[2017.05.09-13.11.05:362][447]LogMaterial: Missing cached shader map for material _Body_Low, compiling. 
[2017.05.09-13.11.05:734][447]LogPrimitiveComponent: Zero scaling not supported (/Game/FER.FER:PersistentLevel.bloker10_7.StaticMeshComponent0)
[2017.05.09-13.11.05:738][447]LogPhysics:Warning: AddConvexElemsToRigidActor: ConvexElem is missing ConvexMesh (0: /Game/Models/Prostori/pod_referadaL_NW.pod_referadaL_NW:BodySetup_50)
[2017.05.09-13.11.05:738][447]LogPhysics:Warning: AddConvexElemsToRigidActor: ConvexElem is missing ConvexMesh (0: /Game/Models/Prostori/pod_referadaR_NW.pod_referadaR_NW:BodySetup_53)
[2017.05.09-13.11.05:745][447]LogPhysics:Warning: AddConvexElemsToRigidActor: ConvexElem is missing ConvexMesh (0: /Game/Models/Prostori/strop_referadaO.strop_referadaO:BodySetup_1086)
[2017.05.09-13.11.06:056][447]LogFbx:Warning: Bones digested - 75  Depth of hierarchy - 16
[2017.05.09-13.11.06:392][447]LogSkeletalMesh: Chunk 0: 2807 rigid vertices, 1946 soft vertices, 60 active bones
[2017.05.09-13.11.06:430][447]LogSkeletalMesh: Section 0: Material=0, Chunk=0, 7570 triangles
[2017.05.09-13.11.06:434][447]LogLinker:Warning: Can't find file '/Game/Walking/Characters/wdawd/character1_PhysicsAsset'
[2017.05.09-13.11.06:434][447]LogUObjectGlobals:Warning: Failed to find object 'Object /Game/Walking/Characters/wdawd/character1_PhysicsAsset.character1_PhysicsAsset'
[2017.05.09-13.11.06:607][447]FBXImport:Warning: Warning Warning: No smoothing group information was found in this FBX scene.  Please make sure to enable the 'Export Smoothing Groups' option in the FBX Exporter plug-in before exporting the file.  Even for tools that don't support smoothing groups, the FBX Exporter will generate appropriate smoothing data at export-time so that correct vertex normals can be inferred while importing. 
[2017.05.09-13.11.06:608][447]FBXImport:Warning: Warning The following bones are missing from the bind pose:
HeadEnd  
RightHandThumb4  
RightHandIndex4  
RightHandMiddle4  
RightHandRing4  
RightHandPinky4  
LeftHandThumb4  
LeftHandIndex4  
LeftHandMiddle4  
LeftHandRing4  
LeftHandPinky4  
RightToeEnd  
LeftToeEnd  

This can happen for bones that are not vert weighted. If they are not in the correct orientation after importing,
please set the "Use T0 as ref pose" option or add them to the bind pose and reimport the skeletal mesh. 
[2017.05.09-13.11.06:716][447]LogContentBrowser:Verbose: The content browser source was changed by the sources view to 'None'
[2017.05.09-13.11.06:716][447]LogContentBrowser:Verbose: The content browser source was changed by the sources view to '/Game/Walking/Characters/wdawd'
[2017.05.09-13.11.06:913][448]LogMaterial:Warning: Material /Game/Walking/Characters/wdawd/_Body_Low._Body_Low needed to have new flag set bUsedWithSkeletalMesh !
[2017.05.09-13.11.06:946][448]LogMaterial: Missing cached shader map for material _Body_Low, compiling. 
[2017.05.09-13.11.06:983][448]LogMaterial: 0.000241 seconds spent updating 1 materials, 1 interfaces, 0 instances, 0 with static permutations.
[2017.05.09-13.11.40:385][ 36]LogSkeletalMesh: InitArticulated: Bodies already created (/Engine/Transient.DebugSkelMeshComponent_1) - call TermArticulated first.
[2017.05.09-13.11.45:308][306]LogActorComponent: UnregisterComponent: (/Engine/Transient.CharMoveComp) Not registered. Aborting.
[2017.05.09-13.11.45:364][306]LogParticles: Destroying 0 GPU particle simulations for FXSystem 0x0000017839D68CC0
[2017.05.09-13.11.45:738][306]Cmd: OBJ SAVEPACKAGE PACKAGE="/Game/FER" FILE="../../../../../../Users/marin/Desktop/FerSimulator2015-master/Content/FER.umap" SILENT=true AUTOSAVING=false KEEPDIRTY=false
[2017.05.09-13.11.48:556][306]LogSavePackage: Save=2752.333496ms
[2017.05.09-13.11.48:556][306]LogSavePackage: Moving '../../../../../../Users/marin/Desktop/FerSimulator2015-master/Saved/FERD83DB59A49901FFBC6EF8EAB6C28CA31.tmp' to '../../../../../../Users/marin/Desktop/FerSimulator2015-master/Content/FER.umap'
[2017.05.09-13.11.48:743][306]LogFileHelpers: Saving map 'FER' took 3.331
[2017.05.09-13.11.48:765][306]Cmd: OBJ SAVEPACKAGE PACKAGE="/Game/Walking/AICharacter" FILE="../../../../../../Users/marin/Desktop/FerSimulator2015-master/Content/Walking/AICharacter.uasset" SILENT=true
[2017.05.09-13.11.49:074][306]LogSavePackage: Save=288.485687ms
[2017.05.09-13.11.49:074][306]LogSavePackage: Moving '../../../../../../Users/marin/Desktop/FerSimulator2015-master/Saved/AICharacter8636138040A5E17D98FD928218008D3A.tmp' to '../../../../../../Users/marin/Desktop/FerSimulator2015-master/Content/Walking/AICharacter.uasset'
[2017.05.09-13.11.49:113][306]LogSavePackage: Save=20.306570ms
[2017.05.09-13.11.49:113][306]LogSavePackage: Moving '../../../../../../Users/marin/Desktop/FerSimulator2015-master/Saved/character13A4070CE4F0AE7ABD362DA80825848A6.tmp' to '../../../../../../Users/marin/Desktop/FerSimulator2015-master/Content/Walking/Characters/Person1/character1.uasset'
[2017.05.09-13.11.49:143][306]Cmd: OBJ SAVEPACKAGE PACKAGE="/Game/Walking/Characters/wdawd/character1" FILE="../../../../../../Users/marin/Desktop/FerSimulator2015-master/Content/Walking/Characters/wdawd/character1.uasset" SILENT=true
[2017.05.09-13.11.49:349][306]LogSavePackage: Save=202.662277ms
[2017.05.09-13.11.49:349][306]LogSavePackage: Moving '../../../../../../Users/marin/Desktop/FerSimulator2015-master/Saved/character15CEF40A742C57E0232EA648F951F4322.tmp' to '../../../../../../Users/marin/Desktop/FerSimulator2015-master/Content/Walking/Characters/wdawd/character1.uasset'
[2017.05.09-13.11.49:379][306]Cmd: OBJ SAVEPACKAGE PACKAGE="/Game/Walking/Characters/wdawd/_Body_Low" FILE="../../../../../../Users/marin/Desktop/FerSimulator2015-master/Content/Walking/Characters/wdawd/_Body_Low.uasset" SILENT=true
[2017.05.09-13.11.49:555][306]LogSavePackage: Save=172.691696ms
[2017.05.09-13.11.49:555][306]LogSavePackage: Moving '../../../../../../Users/marin/Desktop/FerSimulator2015-master/Saved/_Body_LowDEC51D424C34F22A25A161BB2955F886.tmp' to '../../../../../../Users/marin/Desktop/FerSimulator2015-master/Content/Walking/Characters/wdawd/_Body_Low.uasset'
[2017.05.09-13.12.01:687][306]LogSavePackage: Save=12086.559570ms
[2017.05.09-13.12.01:687][306]LogSavePackage: Moving '../../../../../../Users/marin/Desktop/FerSimulator2015-master/Saved/character1_color73CB379F412540D7E5D9B7AC852C332C.tmp' to '../../../../../../Users/marin/Desktop/FerSimulator2015-master/Content/Walking/Characters/wdawd/character1_color.uasset'
[2017.05.09-13.12.09:669][306]LogSavePackage: Save=7940.087402ms
[2017.05.09-13.12.09:669][306]LogSavePackage: Moving '../../../../../../Users/marin/Desktop/FerSimulator2015-master/Saved/character1_specDE9D2A7045AEF6F22C067EAAF5AD28D2.tmp' to '../../../../../../Users/marin/Desktop/FerSimulator2015-master/Content/Walking/Characters/wdawd/character1_spec.uasset'
[2017.05.09-13.12.25:108][306]LogSavePackage: Save=15395.563477ms
[2017.05.09-13.12.25:108][306]LogSavePackage: Moving '../../../../../../Users/marin/Desktop/FerSimulator2015-master/Saved/character1_low_nmACCF437D48110AC6A5C6AFA11A7FD4C9.tmp' to '../../../../../../Users/marin/Desktop/FerSimulator2015-master/Content/Walking/Characters/wdawd/character1_low_nm.uasset'
[2017.05.09-13.12.25:151][306]LogSavePackage: Save=18.136293ms
[2017.05.09-13.12.25:151][306]LogSavePackage: Moving '../../../../../../Users/marin/Desktop/FerSimulator2015-master/Saved/character1_PhysicsAssetEE042D4B492825E31280808E13F8E3B7.tmp' to '../../../../../../Users/marin/Desktop/FerSimulator2015-master/Content/Walking/Characters/wdawd/character1_PhysicsAsset.uasset'
[2017.05.09-13.12.30:316][604]LogActorComponent: UnregisterComponent: (/Engine/Transient.CharMoveComp) Not registered. Aborting.
[2017.05.09-13.12.30:451][604]Cmd: OBJ SAVEPACKAGE PACKAGE="/Game/Walking/Characters/wdawd/character1" FILE="../../../../../../Users/marin/Desktop/FerSimulator2015-master/Content/Walking/Characters/wdawd/character1.uasset" SILENT=true
[2017.05.09-13.12.30:684][604]LogSavePackage: Save=223.606354ms
[2017.05.09-13.12.30:684][604]LogSavePackage: Moving '../../../../../../Users/marin/Desktop/FerSimulator2015-master/Saved/character12258F81F46499E8C1BBE189F416CA84C.tmp' to '../../../../../../Users/marin/Desktop/FerSimulator2015-master/Content/Walking/Characters/wdawd/character1.uasset'
[2017.05.09-13.12.35:510][819]LogContentBrowser:Verbose: The content browser source was changed by the sources view to '/Game/Walking/Characters'
[2017.05.09-13.12.35:886][836]LogContentBrowser:Verbose: The content browser source was changed by the sources view to '/Game/Walking'
[2017.05.09-13.13.07:380][655]LogEditorViewport: Clicking on Actor (LMB): StaticMeshActor (pod_referadaR_SE)
[2017.05.09-13.13.22:968][567]LogActorComponent: UnregisterComponent: (/Engine/Transient.CharMoveComp) Not registered. Aborting.
[2017.05.09-13.13.23:031][567]LogParticles: Destroying 0 GPU particle simulations for FXSystem 0x00000178004D2660
[2017.05.09-13.13.23:032][567]LogParticles: Destroying 0 GPU particle simulations for FXSystem 0x00000178004D3420
[2017.05.09-13.13.23:039][567]LogSlate:Warning: Prevented a slow task dialog from being summoned while a context menu was open
[2017.05.09-13.13.23:364][567]Cmd: OBJ SAVEPACKAGE PACKAGE="/Game/FER" FILE="../../../../../../Users/marin/Desktop/FerSimulator2015-master/Content/FER.umap" SILENT=true AUTOSAVING=false KEEPDIRTY=false
[2017.05.09-13.13.26:146][567]LogSavePackage: Save=2715.384033ms
[2017.05.09-13.13.26:146][567]LogSavePackage: Moving '../../../../../../Users/marin/Desktop/FerSimulator2015-master/Saved/FER5AFF006B4FC70EA892607C815B7390F0.tmp' to '../../../../../../Users/marin/Desktop/FerSimulator2015-master/Content/FER.umap'
[2017.05.09-13.13.26:219][567]LogFileHelpers: Saving map 'FER' took 3.180
[2017.05.09-13.13.26:251][567]LogEditorViewport: Clicking on Actor (LMB): StaticMeshActor (pod_referadaR_SW)
[2017.05.09-13.13.32:316][783]BlueprintLog: New page: Pre-PIE auto-recompile
[2017.05.09-13.13.32:322][783]LogPlayLevel: [PIE] Compiling FER before PIE...
[2017.05.09-13.13.32:504][783]LogPlayLevel: PIE:  Blueprint regeneration took 188 ms (1 blueprints)
[2017.05.09-13.13.32:546][783]PIE: New page: PIE session: FER (May 9, 2017, 5:13:32 PM)
[2017.05.09-13.13.32:815][783]LogBlueprint:Warning: FMemberReference::ResolveMember (SetActorRotation) bSelfContext == true, but no scope supplied!
[2017.05.09-13.13.32:815][783]LogBlueprint:Warning: FMemberReference::ResolveMember (SetActorRotation) bSelfContext == true, but no scope supplied!
[2017.05.09-13.13.32:840][783]LogPlayLevel: PIE: StaticDuplicateObject took: (0.282122s)
[2017.05.09-13.13.32:840][783]LogPlayLevel: PIE: World Init took: (0.000617s)
[2017.05.09-13.13.32:851][783]LogPlayLevel: PIE: Created PIE world by copying editor world from /Game/FER.FER to /Game/UEDPIE_0_FER.FER (0.293307s)
[2017.05.09-13.13.33:035][783]LogWorld: Game class is 'WalkAround_C'
[2017.05.09-13.13.33:047][783]LogAIModule: Creating AISystem for world FER
[2017.05.09-13.13.33:057][783]LogPhysics:Warning: AddConvexElemsToRigidActor: ConvexElem is missing ConvexMesh (0: /Game/Models/Prostori/strop_referadaO.strop_referadaO:BodySetup_1086)
[2017.05.09-13.13.33:086][783]LogPhysics:Warning: AddConvexElemsToRigidActor: ConvexElem is missing ConvexMesh (0: /Game/Models/Prostori/pod_referadaL_NW.pod_referadaL_NW:BodySetup_50)
[2017.05.09-13.13.33:087][783]LogPhysics:Warning: AddConvexElemsToRigidActor: ConvexElem is missing ConvexMesh (0: /Game/Models/Prostori/pod_referadaR_NW.pod_referadaR_NW:BodySetup_53)
[2017.05.09-13.13.33:253][783]LogPrimitiveComponent: Zero scaling not supported (/Game/UEDPIE_0_FER.FER:PersistentLevel.bloker10_7.StaticMeshComponent0)
[2017.05.09-13.13.33:269][783]LogWorld:Warning: *** WARNING - PATHS MAY NOT BE VALID ***
[2017.05.09-13.13.33:269][783]LogWorld: Bringing World /Game/UEDPIE_0_FER.FER up for play (max tick rate 0) at 2017.05.09-15.13.33
[2017.05.09-13.13.33:561][783]LogWorld: Bringing up level for play took: 0.512773
[2017.05.09-13.13.33:599][783]LogLevel:Warning: EnableInput on a LevelScript actor can not be specified for only one PlayerController.  Enabling for all PlayerControllers.
[2017.05.09-13.13.33:728][783]PIE: Info Play in editor start time for /Game/UEDPIE_0_FER 1.667
[2017.05.09-13.13.34:144][784]LogCharacterMovement:Warning: GetSimulationTimeStep() - Max iterations 8 hit while remaining time 0.061924 > MaxSimulationTimeStep (0.050) for 'Player_C_0'
[2017.05.09-13.13.48:089][820]LogParticles: Destroying 0 GPU particle simulations for FXSystem 0x000001780417D260
[2017.05.09-13.13.52:975][987]LogEditorViewport: Clicking on Actor (LMB): AICharacter_C (AICharacter13)
[2017.05.09-13.13.53:844][ 16]Cmd: DELETE
[2017.05.09-13.13.53:844][ 16]Cmd: ACTOR DELETE
[2017.05.09-13.13.53:957][ 16]LogEditorActor: Deleted Actor: AICharacter_C
[2017.05.09-13.13.54:014][ 16]LogEditorActor: Deleted 1 Actors (0.091 secs)
[2017.05.09-13.14.11:469][325]LogContentBrowser:Verbose: The content browser source was changed by the sources view to '/Game/Walking/Characters'
[2017.05.09-13.14.18:646][539]LogActorComponent: UnregisterComponent: (/Engine/Transient.CharMoveComp) Not registered. Aborting.
[2017.05.09-13.14.25:137][539]LogMaterial: Missing cached shader map for material _Body_Low, compiling. 
[2017.05.09-13.14.25:138][539]LogMaterial:Warning: Failed to compile Material /Game/Walking/Characters/wdawd/_Body_Low._Body_Low for platform PCD3D_SM5, Default Material will be used in game.
[2017.05.09-13.14.25:138][539]LogMaterial:Warning: 	(Node TextureSample) TextureSample> Missing input texture
[2017.05.09-13.14.25:141][539]LogMaterial: Missing cached shader map for material _Body_Low, compiling. 
[2017.05.09-13.14.25:141][539]LogMaterial:Warning: Failed to compile Material /Game/Walking/Characters/wdawd/_Body_Low._Body_Low for platform PCD3D_SM5, Default Material will be used in game.
[2017.05.09-13.14.25:141][539]LogMaterial:Warning: 	(Node TextureSample) TextureSample> Missing input texture
[2017.05.09-13.14.25:160][539]LogMaterial: Missing cached shader map for material _Body_Low, compiling. 
[2017.05.09-13.14.25:161][539]LogMaterial:Warning: Failed to compile Material /Game/Walking/Characters/wdawd/_Body_Low._Body_Low for platform PCD3D_SM5, Default Material will be used in game.
[2017.05.09-13.14.25:161][539]LogMaterial:Warning: 	(Node TextureSample) TextureSample> Missing input texture
[2017.05.09-13.14.25:170][539]LogPrimitiveComponent: Zero scaling not supported (/Game/FER.FER:PersistentLevel.bloker10_7.StaticMeshComponent0)
[2017.05.09-13.14.25:173][539]LogPhysics:Warning: AddConvexElemsToRigidActor: ConvexElem is missing ConvexMesh (0: /Game/Models/Prostori/pod_referadaL_NW.pod_referadaL_NW:BodySetup_50)
[2017.05.09-13.14.25:173][539]LogPhysics:Warning: AddConvexElemsToRigidActor: ConvexElem is missing ConvexMesh (0: /Game/Models/Prostori/pod_referadaR_NW.pod_referadaR_NW:BodySetup_53)
[2017.05.09-13.14.25:180][539]LogPhysics:Warning: AddConvexElemsToRigidActor: ConvexElem is missing ConvexMesh (0: /Game/Models/Prostori/strop_referadaO.strop_referadaO:BodySetup_1086)
[2017.05.09-13.19.22:646][715]LogContentBrowser:Verbose: The content browser source was changed by the sources view to '/Game/Walking/Characters/Person1'
[2017.05.09-13.19.24:375][767]LogSkeletalMesh: InitArticulated: Bodies already created (/Engine/Transient.DebugSkelMeshComponent_2) - call TermArticulated first.
[2017.05.09-13.19.45:973][556]LogFbx: Loading FBX Scene from ../../../../../../Users/marin/Desktop/chars/character1/character1.fbx
[2017.05.09-13.19.46:074][556]LogFbx: FBX Scene Loaded Succesfully
[2017.05.09-13.19.46:083][556]LogFbx: =================================================
[2017.05.09-13.19.46:083][556]LogFbx: Dumping Node START [l_TeethDown] 
[2017.05.09-13.19.46:083][556]LogFbx: 	Total Deformer Count 128971968.
[2017.05.09-13.19.46:083][556]LogFbx: 		[Node 1]  (Type Skin).
[2017.05.09-13.19.46:083][556]LogFbx: =================================================
[2017.05.09-13.19.46:083][556]LogFbx: 	Attribute () Type (4).
[2017.05.09-13.19.46:083][556]LogFbx: 		[Node Attribute Child 1] l_TeethDown (Type Mesh).
[2017.05.09-13.19.46:083][556]LogFbx: Dumping Node END [l_TeethDown]
[2017.05.09-13.19.46:083][556]LogFbx: =================================================
[2017.05.09-13.19.46:083][556]LogFbx: Dumping Node START [l_TeethUp] 
[2017.05.09-13.19.46:083][556]LogFbx: 	Total Deformer Count 128971968.
[2017.05.09-13.19.46:083][556]LogFbx: 		[Node 1]  (Type Skin).
[2017.05.09-13.19.46:083][556]LogFbx: =================================================
[2017.05.09-13.19.46:083][556]LogFbx: 	Attribute () Type (4).
[2017.05.09-13.19.46:083][556]LogFbx: 		[Node Attribute Child 1] l_TeethUp (Type Mesh).
[2017.05.09-13.19.46:083][556]LogFbx: Dumping Node END [l_TeethUp]
[2017.05.09-13.19.46:083][556]LogFbx: =================================================
[2017.05.09-13.19.46:083][556]LogFbx: Dumping Node START [l_L_gland] 
[2017.05.09-13.19.46:083][556]LogFbx: 	Total Deformer Count 128971968.
[2017.05.09-13.19.46:083][556]LogFbx: 		[Node 1]  (Type Skin).
[2017.05.09-13.19.46:083][556]LogFbx: =================================================
[2017.05.09-13.19.46:083][556]LogFbx: 	Attribute () Type (4).
[2017.05.09-13.19.46:083][556]LogFbx: 		[Node Attribute Child 1] l_L_gland (Type Mesh).
[2017.05.09-13.19.46:083][556]LogFbx: Dumping Node END [l_L_gland]
[2017.05.09-13.19.46:083][556]LogFbx: =================================================
[2017.05.09-13.19.46:083][556]LogFbx: Dumping Node START [l_L_eye] 
[2017.05.09-13.19.46:083][556]LogFbx: 	Total Deformer Count 1678114480.
[2017.05.09-13.19.46:083][556]LogFbx: 		[Node 1]  (Type Skin).
[2017.05.09-13.19.46:083][556]LogFbx: =================================================
[2017.05.09-13.19.46:083][556]LogFbx: 	Attribute () Type (4).
[2017.05.09-13.19.46:083][556]LogFbx: 		[Node Attribute Child 1] l_L_eye (Type Mesh).
[2017.05.09-13.19.46:083][556]LogFbx: Dumping Node END [l_L_eye]
[2017.05.09-13.19.46:083][556]LogFbx: =================================================
[2017.05.09-13.19.46:083][556]LogFbx: Dumping Node START [l_R_gland] 
[2017.05.09-13.19.46:083][556]LogFbx: 	Total Deformer Count 128971968.
[2017.05.09-13.19.46:083][556]LogFbx: 		[Node 1]  (Type Skin).
[2017.05.09-13.19.46:083][556]LogFbx: =================================================
[2017.05.09-13.19.46:083][556]LogFbx: 	Attribute () Type (4).
[2017.05.09-13.19.46:083][556]LogFbx: 		[Node Attribute Child 1] l_R_gland (Type Mesh).
[2017.05.09-13.19.46:083][556]LogFbx: Dumping Node END [l_R_gland]
[2017.05.09-13.19.46:083][556]LogFbx: =================================================
[2017.05.09-13.19.46:083][556]LogFbx: Dumping Node START [l_R_eye] 
[2017.05.09-13.19.46:083][556]LogFbx: 	Total Deformer Count 1678114480.
[2017.05.09-13.19.46:083][556]LogFbx: 		[Node 1]  (Type Skin).
[2017.05.09-13.19.46:083][556]LogFbx: =================================================
[2017.05.09-13.19.46:083][556]LogFbx: 	Attribute () Type (4).
[2017.05.09-13.19.46:083][556]LogFbx: 		[Node Attribute Child 1] l_R_eye (Type Mesh).
[2017.05.09-13.19.46:083][556]LogFbx: Dumping Node END [l_R_eye]
[2017.05.09-13.19.46:083][556]LogFbx: =================================================
[2017.05.09-13.19.46:083][556]LogFbx: Dumping Node START [H_DDS_LowRes] 
[2017.05.09-13.19.46:083][556]LogFbx: 	Total Deformer Count 73784016.
[2017.05.09-13.19.46:083][556]LogFbx: 		[Node 1]  (Type Skin).
[2017.05.09-13.19.46:083][556]LogFbx: =================================================
[2017.05.09-13.19.46:083][556]LogFbx: 	Attribute () Type (4).
[2017.05.09-13.19.46:083][556]LogFbx: 		[Node Attribute Child 1] H_DDS_LowRes (Type Mesh).
[2017.05.09-13.19.46:083][556]LogFbx: Dumping Node END [H_DDS_LowRes]
[2017.05.09-13.19.46:084][556]LogFbx: =================================================
[2017.05.09-13.19.46:084][556]LogFbx: Dumping Node START [l_TeethDown] 
[2017.05.09-13.19.46:084][556]LogFbx: 	Total Deformer Count 128971968.
[2017.05.09-13.19.46:084][556]LogFbx: 		[Node 1]  (Type Skin).
[2017.05.09-13.19.46:084][556]LogFbx: =================================================
[2017.05.09-13.19.46:084][556]LogFbx: 	Attribute () Type (4).
[2017.05.09-13.19.46:084][556]LogFbx: 		[Node Attribute Child 1] l_TeethDown (Type Mesh).
[2017.05.09-13.19.46:084][556]LogFbx: Dumping Node END [l_TeethDown]
[2017.05.09-13.19.46:084][556]LogFbx: =================================================
[2017.05.09-13.19.46:084][556]LogFbx: Dumping Node START [l_TeethUp] 
[2017.05.09-13.19.46:084][556]LogFbx: 	Total Deformer Count 128971968.
[2017.05.09-13.19.46:084][556]LogFbx: 		[Node 1]  (Type Skin).
[2017.05.09-13.19.46:084][556]LogFbx: =================================================
[2017.05.09-13.19.46:084][556]LogFbx: 	Attribute () Type (4).
[2017.05.09-13.19.46:084][556]LogFbx: 		[Node Attribute Child 1] l_TeethUp (Type Mesh).
[2017.05.09-13.19.46:084][556]LogFbx: Dumping Node END [l_TeethUp]
[2017.05.09-13.19.46:084][556]LogFbx: =================================================
[2017.05.09-13.19.46:084][556]LogFbx: Dumping Node START [l_L_gland] 
[2017.05.09-13.19.46:084][556]LogFbx: 	Total Deformer Count 128971968.
[2017.05.09-13.19.46:084][556]LogFbx: 		[Node 1]  (Type Skin).
[2017.05.09-13.19.46:084][556]LogFbx: =================================================
[2017.05.09-13.19.46:084][556]LogFbx: 	Attribute () Type (4).
[2017.05.09-13.19.46:084][556]LogFbx: 		[Node Attribute Child 1] l_L_gland (Type Mesh).
[2017.05.09-13.19.46:084][556]LogFbx: Dumping Node END [l_L_gland]
[2017.05.09-13.19.46:084][556]LogFbx: =================================================
[2017.05.09-13.19.46:084][556]LogFbx: Dumping Node START [l_L_eye] 
[2017.05.09-13.19.46:084][556]LogFbx: 	Total Deformer Count 1678114424.
[2017.05.09-13.19.46:084][556]LogFbx: 		[Node 1]  (Type Skin).
[2017.05.09-13.19.46:084][556]LogFbx: =================================================
[2017.05.09-13.19.46:084][556]LogFbx: 	Attribute () Type (4).
[2017.05.09-13.19.46:084][556]LogFbx: 		[Node Attribute Child 1] l_L_eye (Type Mesh).
[2017.05.09-13.19.46:084][556]LogFbx: Dumping Node END [l_L_eye]
[2017.05.09-13.19.46:084][556]LogFbx: =================================================
[2017.05.09-13.19.46:084][556]LogFbx: Dumping Node START [l_R_gland] 
[2017.05.09-13.19.46:084][556]LogFbx: 	Total Deformer Count 128971968.
[2017.05.09-13.19.46:084][556]LogFbx: 		[Node 1]  (Type Skin).
[2017.05.09-13.19.46:084][556]LogFbx: =================================================
[2017.05.09-13.19.46:084][556]LogFbx: 	Attribute () Type (4).
[2017.05.09-13.19.46:084][556]LogFbx: 		[Node Attribute Child 1] l_R_gland (Type Mesh).
[2017.05.09-13.19.46:084][556]LogFbx: Dumping Node END [l_R_gland]
[2017.05.09-13.19.46:084][556]LogFbx: =================================================
[2017.05.09-13.19.46:084][556]LogFbx: Dumping Node START [l_R_eye] 
[2017.05.09-13.19.46:084][556]LogFbx: 	Total Deformer Count 1678114424.
[2017.05.09-13.19.46:084][556]LogFbx: 		[Node 1]  (Type Skin).
[2017.05.09-13.19.46:084][556]LogFbx: =================================================
[2017.05.09-13.19.46:084][556]LogFbx: 	Attribute () Type (4).
[2017.05.09-13.19.46:084][556]LogFbx: 		[Node Attribute Child 1] l_R_eye (Type Mesh).
[2017.05.09-13.19.46:084][556]LogFbx: Dumping Node END [l_R_eye]
[2017.05.09-13.19.46:084][556]LogFbx: =================================================
[2017.05.09-13.19.46:084][556]LogFbx: Dumping Node START [H_DDS_LowRes] 
[2017.05.09-13.19.46:084][556]LogFbx: 	Total Deformer Count 73784016.
[2017.05.09-13.19.46:084][556]LogFbx: 		[Node 1]  (Type Skin).
[2017.05.09-13.19.46:084][556]LogFbx: =================================================
[2017.05.09-13.19.46:084][556]LogFbx: 	Attribute () Type (4).
[2017.05.09-13.19.46:084][556]LogFbx: 		[Node Attribute Child 1] H_DDS_LowRes (Type Mesh).
[2017.05.09-13.19.46:084][556]LogFbx: Dumping Node END [H_DDS_LowRes]
[2017.05.09-13.19.46:086][556]LogFbx:Warning: Warning Warning: No smoothing group information was found in this FBX scene.  Please make sure to enable the 'Export Smoothing Groups' option in the FBX Exporter plug-in before exporting the file.  Even for tools that don't support smoothing groups, the FBX Exporter will generate appropriate smoothing data at export-time so that correct vertex normals can be inferred while importing.
[2017.05.09-13.19.46:087][556]LogFbx: Valid bind pose for Pose (l_skcl) - l_TeethDown
[2017.05.09-13.19.46:087][556]LogFbx: Valid bind pose for Pose (skcl_Acc8) - l_TeethDown
[2017.05.09-13.19.46:087][556]LogFbx: Valid bind pose for Pose (skcl_Acc9) - l_TeethDown
[2017.05.09-13.19.46:087][556]LogFbx: Valid bind pose for Pose (skcl_Acc10) - l_TeethDown
[2017.05.09-13.19.46:087][556]LogFbx: Valid bind pose for Pose (skcl_Acc11) - l_TeethDown
[2017.05.09-13.19.46:087][556]LogFbx: Valid bind pose for Pose (skcl_Acc20) - l_TeethDown
[2017.05.09-13.19.46:087][556]LogFbx: Valid bind pose for Pose (skcl_Acc26) - l_TeethDown
[2017.05.09-13.19.46:089][556]LogFbx:Warning: Warning The following bones are missing from the bind pose:
HeadEnd  
RightHandThumb4  
RightHandIndex4  
RightHandMiddle4  
RightHandRing4  
RightHandPinky4  
LeftHandThumb4  
LeftHandIndex4  
LeftHandMiddle4  
LeftHandRing4  
LeftHandPinky4  
RightToeEnd  
LeftToeEnd  

This can happen for bones that are not vert weighted. If they are not in the correct orientation after importing,
please set the "Use T0 as ref pose" option or add them to the bind pose and reimport the skeletal mesh.
[2017.05.09-13.19.46:107][556]LogFbx:Warning: Bones digested - 75  Depth of hierarchy - 16
[2017.05.09-13.19.46:205][556]LogSkeletalMesh: Chunk 0: 2807 rigid vertices, 1946 soft vertices, 60 active bones
[2017.05.09-13.19.46:219][556]LogSkeletalMesh: Section 0: Material=0, Chunk=0, 7570 triangles
[2017.05.09-13.19.46:226][556]LogFbx:Warning: Warning Warning: The mesh LOD you are importing has some vertices with more than one influence.
[2017.05.09-13.20.43:249][890]LogEditorViewport: Clicking on Actor (LMB): StaticMeshActor (pod_referadaR_SW)
[2017.05.09-13.20.44:765][929]LogSkeletalMesh: InitArticulated: Bodies already created (/Engine/Transient.DebugSkelMeshComponent_3) - call TermArticulated first.
[2017.05.09-13.20.48:155][104]LogMaterial: Missing cached shader map for material _Body_Low, compiling. 
[2017.05.09-13.20.48:200][104]LogActorComponent: UnregisterComponent: (/Engine/Transient.SkeletalMeshComponent_0) Not registered. Aborting.
[2017.05.09-13.20.48:336][104]LogActorComponent: UnregisterComponent: (/Engine/Transient.SkeletalMeshComponent_0) Not registered. Aborting.
[2017.05.09-13.20.48:353][104]LogActorComponent: RegisterComponentWithWorld: (/Engine/Transient.MaterialEditorMeshComponent_0) Already registered. Aborting.
[2017.05.09-13.20.48:381][104]LogMaterial: Missing cached shader map for material _Body_Low, compiling. 
[2017.05.09-13.20.48:395][104]LogMaterial: 0.000041 seconds spent updating 1 materials, 1 interfaces, 0 instances, 0 with static permutations.
[2017.05.09-13.20.48:436][104]LogMaterial: Missing cached shader map for material FMatExpressionPreview MaterialExpressionTextureSample_0, compiling. 
[2017.05.09-13.20.48:446][104]LogMaterial: Missing cached shader map for material FMatExpressionPreview MaterialExpressionTextureSample_1, compiling. 
[2017.05.09-13.20.48:495][104]LogMaterial: Missing cached shader map for material FMatExpressionPreview MaterialExpressionTextureSample_2, compiling. 
[2017.05.09-13.21.27:834][ 14]LogActorComponent: UnregisterComponent: (/Engine/Transient.CharMoveComp) Not registered. Aborting.
[2017.05.09-13.21.27:897][ 14]LogParticles: Destroying 0 GPU particle simulations for FXSystem 0x0000017839FB5260
[2017.05.09-13.21.27:898][ 14]LogParticles: Destroying 0 GPU particle simulations for FXSystem 0x000001780417EA20
[2017.05.09-13.21.27:898][ 14]LogParticles: Destroying 0 GPU particle simulations for FXSystem 0x000001780417E0C0
[2017.05.09-13.21.27:899][ 14]LogParticles: Destroying 0 GPU particle simulations for FXSystem 0x00000178003A4860
[2017.05.09-13.21.27:900][ 14]LogParticles: Destroying 0 GPU particle simulations for FXSystem 0x0000017839FB6C00
[2017.05.09-13.21.31:943][ 15]Cmd: QUIT_EDITOR
[2017.05.09-13.21.32:287][ 15]LogExit: Preparing to exit.
[2017.05.09-13.21.33:517][ 15]LogExit: Editor shut down
[2017.05.09-13.21.33:518][ 15]LogExit: Transaction tracking system shut down
[2017.05.09-13.21.33:523][ 15]LogParticles: Destroying 0 GPU particle simulations for FXSystem 0x0000017846DE1260
[2017.05.09-13.21.33:525][ 15]LogParticles: Destroying 0 GPU particle simulations for FXSystem 0x000001784E6F3F60
[2017.05.09-13.21.33:525][ 15]LogParticles: Destroying 0 GPU particle simulations for FXSystem 0x000001784E5ECA40
[2017.05.09-13.21.33:525][ 15]LogParticles: Destroying 0 GPU particle simulations for FXSystem 0x000001784E542E80
[2017.05.09-13.21.33:525][ 15]LogParticles: Destroying 0 GPU particle simulations for FXSystem 0x0000017846385620
[2017.05.09-13.21.33:525][ 15]LogParticles: Destroying 0 GPU particle simulations for FXSystem 0x0000017846386480
[2017.05.09-13.21.33:627][ 15]LogExit: Object subsystem successfully closed.
[2017.05.09-13.21.33:696][ 15]LogModuleManager: Shutting down and abandoning module MaterialEditor (178)
[2017.05.09-13.21.33:696][ 15]LogModuleManager: Shutting down and abandoning module CrashTracker (177)
[2017.05.09-13.21.33:696][ 15]LogModuleManager: Shutting down and abandoning module SuperSearch (176)
[2017.05.09-13.21.33:696][ 15]LogModuleManager: Shutting down and abandoning module SceneOutliner (175)
[2017.05.09-13.21.33:696][ 15]LogModuleManager: Shutting down and abandoning module EditorWidgets (174)
[2017.05.09-13.21.33:696][ 15]LogModuleManager: Shutting down and abandoning module CollectionManager (173)
[2017.05.09-13.21.33:697][ 15]LogModuleManager: Shutting down and abandoning module StatsViewer (172)
[2017.05.09-13.21.33:697][ 15]LogModuleManager: Shutting down and abandoning module FoliageEdit (171)
[2017.05.09-13.21.33:697][ 15]LogModuleManager: Shutting down and abandoning module LandscapeEditor (170)
[2017.05.09-13.21.33:697][ 15]LogModuleManager: Shutting down and abandoning module MeshPaint (169)
[2017.05.09-13.21.33:697][ 15]LogModuleManager: Shutting down and abandoning module ActorPickerMode (168)
[2017.05.09-13.21.33:697][ 15]LogModuleManager: Shutting down and abandoning module GeometryMode (167)
[2017.05.09-13.21.33:697][ 15]LogModuleManager: Shutting down and abandoning module TextureAlignMode (166)
[2017.05.09-13.21.33:697][ 15]LogModuleManager: Shutting down and abandoning module BspMode (165)
[2017.05.09-13.21.33:697][ 15]LogModuleManager: Shutting down and abandoning module PlacementMode (164)
[2017.05.09-13.21.33:697][ 15]LogModuleManager: Shutting down and abandoning module AutomationWorker (163)
[2017.05.09-13.21.33:697][ 15]LogModuleManager: Shutting down and abandoning module CharacterAI (162)
[2017.05.09-13.21.33:697][ 15]LogModuleManager: Shutting down and abandoning module SmartSnapping (161)
[2017.05.09-13.21.33:697][ 15]LogModuleManager: Shutting down and abandoning module ViewportSnapping (160)
[2017.05.09-13.21.33:697][ 15]LogModuleManager: Shutting down and abandoning module LogVisualizer (159)
[2017.05.09-13.21.33:697][ 15]LogModuleManager: Shutting down and abandoning module GameProjectGeneration (158)
[2017.05.09-13.21.33:697][ 15]LogModuleManager: Shutting down and abandoning module IntroTutorials (157)
[2017.05.09-13.21.33:697][ 15]LogModuleManager: Shutting down and abandoning module EditorLiveStreaming (156)
[2017.05.09-13.21.33:697][ 15]LogModuleManager: Shutting down and abandoning module HardwareTargeting (155)
[2017.05.09-13.21.33:697][ 15]LogModuleManager: Shutting down and abandoning module DeviceProfileEditor (154)
[2017.05.09-13.21.33:698][ 15]LogModuleManager: Shutting down and abandoning module UndoHistory (153)
[2017.05.09-13.21.33:698][ 15]LogModuleManager: Shutting down and abandoning module GameplayTagsEditor (152)
[2017.05.09-13.21.33:698][ 15]LogModuleManager: Shutting down and abandoning module UserFeedback (151)
[2017.05.09-13.21.33:698][ 15]LogModuleManager: Shutting down and abandoning module XmlParser (150)
[2017.05.09-13.21.33:698][ 15]LogModuleManager: Shutting down and abandoning module Blutility (149)
[2017.05.09-13.21.33:698][ 15]LogModuleManager: Shutting down and abandoning module IOSPlatformEditor (148)
[2017.05.09-13.21.33:698][ 15]LogModuleManager: Shutting down and abandoning module IOSRuntimeSettings (147)
[2017.05.09-13.21.33:698][ 15]LogModuleManager: Shutting down and abandoning module AndroidDeviceDetection (146)
[2017.05.09-13.21.33:937][ 15]LogModuleManager: Shutting down and abandoning module AndroidPlatformEditor (145)
[2017.05.09-13.21.33:937][ 15]LogModuleManager: Shutting down and abandoning module AndroidRuntimeSettings (144)
[2017.05.09-13.21.33:937][ 15]LogModuleManager: Shutting down and abandoning module ProjectTargetPlatformEditor (143)
[2017.05.09-13.21.33:937][ 15]LogModuleManager: Shutting down and abandoning module ProjectSettingsViewer (142)
[2017.05.09-13.21.33:937][ 15]LogModuleManager: Shutting down and abandoning module InputBindingEditor (141)
[2017.05.09-13.21.33:937][ 15]LogModuleManager: Shutting down and abandoning module EditorSettingsViewer (140)
[2017.05.09-13.21.33:937][ 15]LogModuleManager: Shutting down and abandoning module SettingsEditor (139)
[2017.05.09-13.21.33:937][ 15]LogModuleManager: Shutting down and abandoning module ProjectLauncher (138)
[2017.05.09-13.21.33:937][ 15]LogModuleManager: Shutting down and abandoning module SessionFrontend (137)
[2017.05.09-13.21.33:937][ 15]LogModuleManager: Shutting down and abandoning module ProfilerClient (136)
[2017.05.09-13.21.33:937][ 15]LogModuleManager: Shutting down and abandoning module TargetDeviceServices (135)
[2017.05.09-13.21.33:937][ 15]LogModuleManager: Shutting down and abandoning module DeviceManager (134)
[2017.05.09-13.21.33:938][ 15]LogModuleManager: Shutting down and abandoning module AutomationController (133)
[2017.05.09-13.21.33:938][ 15]LogModuleManager: Shutting down and abandoning module AutomationWindow (132)
[2017.05.09-13.21.33:938][ 15]LogModuleManager: Shutting down and abandoning module Layers (131)
[2017.05.09-13.21.33:938][ 15]LogModuleManager: Shutting down and abandoning module ComponentVisualizers (130)
[2017.05.09-13.21.33:938][ 15]LogModuleManager: Shutting down and abandoning module DetailCustomizations (129)
[2017.05.09-13.21.33:938][ 15]LogModuleManager: Shutting down and abandoning module PackagesDialog (128)
[2017.05.09-13.21.33:938][ 15]LogModuleManager: Shutting down and abandoning module AssetRegistry (127)
[2017.05.09-13.21.34:049][ 15]LogModuleManager: Shutting down and abandoning module Persona (126)
[2017.05.09-13.21.34:050][ 15]LogModuleManager: Shutting down and abandoning module SlateReflector (125)
[2017.05.09-13.21.34:050][ 15]LogModuleManager: Shutting down and abandoning module LevelEditor (124)
[2017.05.09-13.21.34:051][ 15]LogModuleManager: Shutting down and abandoning module Kismet (123)
[2017.05.09-13.21.34:051][ 15]LogModuleManager: Shutting down and abandoning module GraphEditor (122)
[2017.05.09-13.21.34:051][ 15]LogModuleManager: Shutting down and abandoning module ClassViewer (121)
[2017.05.09-13.21.34:051][ 15]LogModuleManager: Shutting down and abandoning module Toolbox (120)
[2017.05.09-13.21.34:051][ 15]LogModuleManager: Shutting down and abandoning module ModuleUI (119)
[2017.05.09-13.21.34:051][ 15]LogModuleManager: Shutting down and abandoning module MovieSceneTools (118)
[2017.05.09-13.21.34:051][ 15]LogModuleManager: Shutting down and abandoning module OutputLog (117)
[2017.05.09-13.21.34:051][ 15]LogModuleManager: Shutting down and abandoning module GammaUI (116)
[2017.05.09-13.21.34:051][ 15]LogModuleManager: Shutting down and abandoning module Documentation (115)
[2017.05.09-13.21.34:051][ 15]LogModuleManager: Shutting down and abandoning module GameLiveStreaming (114)
[2017.05.09-13.21.34:051][ 15]LogModuleManager: Shutting down and abandoning module StreamingPauseRendering (113)
[2017.05.09-13.21.34:051][ 15]LogModuleManager: Shutting down and abandoning module HTTP (112)
[2017.05.09-13.21.34:051][ 15]LogModuleManager: Shutting down and abandoning module AnalyticsET (111)
[2017.05.09-13.21.34:051][ 15]LogModuleManager: Shutting down and abandoning module Analytics (110)
[2017.05.09-13.21.34:051][ 15]LogModuleManager: Shutting down and abandoning module AITestSuite (109)
[2017.05.09-13.21.34:051][ 15]LogModuleManager: Shutting down and abandoning module GameplayDebugger (108)
[2017.05.09-13.21.34:051][ 15]LogModuleManager: Shutting down and abandoning module AIModule (107)
[2017.05.09-13.21.34:051][ 15]LogModuleManager: Shutting down and abandoning module ProfilerService (106)
[2017.05.09-13.21.34:221][ 15]LogModuleManager: Shutting down and abandoning module TaskGraph (105)
[2017.05.09-13.21.34:221][ 15]LogModuleManager: Shutting down and abandoning module SlateRemote (104)
[2017.05.09-13.21.34:221][ 15]LogModuleManager: Shutting down and abandoning module ScriptEditorPlugin (103)
[2017.05.09-13.21.34:221][ 15]LogModuleManager: Shutting down and abandoning module CustomMeshComponent (102)
[2017.05.09-13.21.34:221][ 15]LogModuleManager: Shutting down and abandoning module CableComponent (101)
[2017.05.09-13.21.34:221][ 15]LogModuleManager: Shutting down and abandoning module MessagingDebugger (100)
[2017.05.09-13.21.34:221][ 15]LogModuleManager: Shutting down and abandoning module MediaPlayerEditor (99)
[2017.05.09-13.21.34:221][ 15]LogModuleManager: Shutting down and abandoning module SpeedTreeImporter (98)
[2017.05.09-13.21.34:221][ 15]LogModuleManager: Shutting down and abandoning module PluginsEditor (97)
[2017.05.09-13.21.34:221][ 15]LogModuleManager: Shutting down and abandoning module MainFrame (96)
[2017.05.09-13.21.34:221][ 15]LogModuleManager: Shutting down and abandoning module EpicSurvey (95)
[2017.05.09-13.21.34:221][ 15]LogModuleManager: Shutting down and abandoning module DesktopPlatform (94)
[2017.05.09-13.21.34:221][ 15]LogModuleManager: Shutting down and abandoning module DirectoryWatcher (93)
[2017.05.09-13.21.34:221][ 15]LogModuleManager: Shutting down and abandoning module HotReload (92)
[2017.05.09-13.21.34:221][ 15]LogModuleManager: Shutting down and abandoning module VisualStudioSourceCodeAccess (91)
[2017.05.09-13.21.34:221][ 15]LogModuleManager: Shutting down and abandoning module UObjectPlugin (90)
[2017.05.09-13.21.34:221][ 15]LogModuleManager: Shutting down and abandoning module SubversionSourceControl (89)
[2017.05.09-13.21.34:221][ 15]LogModuleManager: Shutting down and abandoning module PerforceSourceControl (88)
[2017.05.09-13.21.34:221][ 15]LogModuleManager: Shutting down and abandoning module SourceControl (87)
[2017.05.09-13.21.34:221][ 15]LogModuleManager: Shutting down and abandoning module GitSourceControl (86)
[2017.05.09-13.21.34:221][ 15]LogModuleManager: Shutting down and abandoning module BlankPlugin (85)
[2017.05.09-13.21.34:222][ 15]LogModuleManager: Shutting down and abandoning module PaperTiledImporter (84)
[2017.05.09-13.21.34:222][ 15]LogModuleManager: Shutting down and abandoning module PaperJsonImporter (83)
[2017.05.09-13.21.34:222][ 15]LogModuleManager: Shutting down and abandoning module ContentBrowser (82)
[2017.05.09-13.21.34:222][ 15]LogModuleManager: Shutting down and abandoning module Paper2DEditor (81)
[2017.05.09-13.21.34:222][ 15]LogModuleManager: Shutting down and abandoning module ScriptPlugin (80)
[2017.05.09-13.21.34:222][ 15]LogModuleManager: Shutting down and abandoning module UdpMessaging (79)
[2017.05.09-13.21.34:324][ 15]LogModuleManager: Shutting down and abandoning module Paper2D (78)
[2017.05.09-13.21.34:324][ 15]LogModuleManager: Shutting down and abandoning module WindowsMoviePlayer (77)
[2017.05.09-13.21.34:326][ 15]LogModuleManager: Shutting down and abandoning module Media (76)
[2017.05.09-13.21.34:326][ 15]LogModuleManager: Shutting down and abandoning module WmfMedia (75)
[2017.05.09-13.21.34:327][ 15]LogModuleManager: Shutting down and abandoning module OnlineBlueprintSupport (74)
[2017.05.09-13.21.34:327][ 15]LogModuleManager: Shutting down and abandoning module PropertyEditor (73)
[2017.05.09-13.21.34:327][ 15]LogModuleManager: Shutting down and abandoning module BehaviorTreeEditor (72)
[2017.05.09-13.21.34:327][ 15]LogModuleManager: Shutting down and abandoning module FunctionalTesting (71)
[2017.05.09-13.21.34:327][ 15]LogModuleManager: Shutting down and abandoning module CollisionAnalyzer (70)
[2017.05.09-13.21.34:327][ 15]LogModuleManager: Shutting down and abandoning module WorkspaceMenuStructure (69)
[2017.05.09-13.21.34:327][ 15]LogModuleManager: Shutting down and abandoning module MessageLog (68)
[2017.05.09-13.21.34:327][ 15]LogModuleManager: Shutting down and abandoning module Sequencer (67)
[2017.05.09-13.21.34:327][ 15]LogModuleManager: Shutting down and abandoning module AssetTools (66)
[2017.05.09-13.21.34:327][ 15]LogModuleManager: Shutting down and abandoning module UMGEditor (65)
[2017.05.09-13.21.34:327][ 15]LogModuleManager: Shutting down and abandoning module UMG (64)
[2017.05.09-13.21.34:327][ 15]LogModuleManager: Shutting down and abandoning module Slate (63)
[2017.05.09-13.21.34:327][ 15]LogModuleManager: Shutting down and abandoning module EditorStyle (62)
[2017.05.09-13.21.34:331][ 15]LogModuleManager: Shutting down and abandoning module SessionServices (61)
[2017.05.09-13.21.34:331][ 15]LogModuleManager: Shutting down and abandoning module SourceCodeAccess (60)
[2017.05.09-13.21.34:331][ 15]LogModuleManager: Shutting down and abandoning module HeadMountedDisplay (59)
[2017.05.09-13.21.34:332][ 15]LogModuleManager: Shutting down and abandoning module XAudio2 (58)
[2017.05.09-13.21.34:332][ 15]LogModuleManager: Shutting down and abandoning module Networking (56)
[2017.05.09-13.21.34:332][ 15]LogModuleManager: Shutting down and abandoning module Core (55)
[2017.05.09-13.21.34:332][ 15]LogModuleManager: Shutting down and abandoning module KismetCompiler (54)
[2017.05.09-13.21.34:332][ 15]LogModuleManager: Shutting down and abandoning module PhysXFormats (53)
[2017.05.09-13.21.34:332][ 15]LogModuleManager: Shutting down and abandoning module MeshUtilities (52)
[2017.05.09-13.21.34:332][ 15]LogModuleManager: Shutting down and abandoning module DerivedDataCache (51)
[2017.05.09-13.21.34:387][ 15]LogDerivedDataCache: Shutdown
[2017.05.09-13.21.34:387][ 15]LogModuleManager: Shutting down and abandoning module ShaderFormatOpenGL (50)
[2017.05.09-13.21.34:387][ 15]LogModuleManager: Shutting down and abandoning module ShaderFormatD3D (49)
[2017.05.09-13.21.34:387][ 15]LogModuleManager: Shutting down and abandoning module MetalShaderFormat (48)
[2017.05.09-13.21.34:387][ 15]LogModuleManager: Shutting down and abandoning module TextureFormatUncompressed (47)
[2017.05.09-13.21.34:387][ 15]LogModuleManager: Shutting down and abandoning module TextureFormatPVR (46)
[2017.05.09-13.21.34:387][ 15]LogModuleManager: Shutting down and abandoning module TextureFormatIntelISPCTexComp (45)
[2017.05.09-13.21.34:387][ 15]LogModuleManager: Shutting down and abandoning module TextureFormatDXT (44)
[2017.05.09-13.21.34:387][ 15]LogModuleManager: Shutting down and abandoning module ImageWrapper (43)
[2017.05.09-13.21.34:387][ 15]LogModuleManager: Shutting down and abandoning module TextureFormatASTC (42)
[2017.05.09-13.21.34:387][ 15]LogModuleManager: Shutting down and abandoning module TextureFormatAndroid (41)
[2017.05.09-13.21.34:387][ 15]LogModuleManager: Shutting down and abandoning module AudioFormatOpus (40)
[2017.05.09-13.21.34:387][ 15]LogModuleManager: Shutting down and abandoning module AudioFormatOgg (39)
[2017.05.09-13.21.34:387][ 15]LogModuleManager: Shutting down and abandoning module AudioFormatADPCM (38)
[2017.05.09-13.21.34:387][ 15]LogModuleManager: Shutting down and abandoning module LinuxTargetPlatform (37)
[2017.05.09-13.21.34:387][ 15]LogModuleManager: Shutting down and abandoning module LinuxServerTargetPlatform (36)
[2017.05.09-13.21.34:387][ 15]LogModuleManager: Shutting down and abandoning module LinuxNoEditorTargetPlatform (35)
[2017.05.09-13.21.34:388][ 15]LogModuleManager: Shutting down and abandoning module Messaging (34)
[2017.05.09-13.21.34:388][ 15]LogModuleManager: Shutting down and abandoning module IOSTargetPlatform (33)
[2017.05.09-13.21.34:388][ 15]LogModuleManager: Shutting down and abandoning module HTML5TargetPlatform (32)
[2017.05.09-13.21.34:388][ 15]LogModuleManager: Shutting down and abandoning module Android_PVRTCTargetPlatform (31)
[2017.05.09-13.21.34:388][ 15]LogModuleManager: Shutting down and abandoning module Android_ETC2TargetPlatform (30)
[2017.05.09-13.21.34:388][ 15]LogModuleManager: Shutting down and abandoning module Android_ETC1TargetPlatform (29)
[2017.05.09-13.21.34:388][ 15]LogModuleManager: Shutting down and abandoning module Android_ES31TargetPlatform (28)
[2017.05.09-13.21.34:388][ 15]LogModuleManager: Shutting down and abandoning module Android_DXTTargetPlatform (27)
[2017.05.09-13.21.34:388][ 15]LogModuleManager: Shutting down and abandoning module Android_ATCTargetPlatform (26)
[2017.05.09-13.21.34:388][ 15]LogModuleManager: Shutting down and abandoning module AndroidTargetPlatform (25)
[2017.05.09-13.21.34:388][ 15]LogModuleManager: Shutting down and abandoning module WindowsTargetPlatform (24)
[2017.05.09-13.21.34:388][ 15]LogModuleManager: Shutting down and abandoning module WindowsServerTargetPlatform (23)
[2017.05.09-13.21.34:388][ 15]LogModuleManager: Shutting down and abandoning module WindowsNoEditorTargetPlatform (22)
[2017.05.09-13.21.34:388][ 15]LogModuleManager: Shutting down and abandoning module WindowsClientTargetPlatform (21)
[2017.05.09-13.21.34:388][ 15]LogModuleManager: Shutting down and abandoning module TargetPlatform (20)
[2017.05.09-13.21.34:388][ 15]LogModuleManager: Shutting down and abandoning module InputCore (19)
[2017.05.09-13.21.34:388][ 15]LogModuleManager: Shutting down and abandoning module Settings (18)
[2017.05.09-13.21.34:388][ 15]LogModuleManager: Shutting down and abandoning module OnlineSubsystem (16)
[2017.05.09-13.21.34:388][ 15]LogModuleManager: Shutting down and abandoning module OculusRift (15)
[2017.05.09-13.21.34:388][ 15]LogModuleManager: Shutting down and abandoning module ExampleDeviceProfileSelector (14)
[2017.05.09-13.21.34:388][ 15]LogModuleManager: Shutting down and abandoning module TextureCompressor (13)
[2017.05.09-13.21.34:388][ 15]LogModuleManager: Shutting down and abandoning module ShaderCore (12)
[2017.05.09-13.21.34:388][ 15]LogModuleManager: Shutting down and abandoning module Landscape (11)
[2017.05.09-13.21.34:388][ 15]LogModuleManager: Shutting down and abandoning module SlateRHIRenderer (10)
[2017.05.09-13.21.34:390][ 15]LogModuleManager: Shutting down and abandoning module OpenGLDrv (9)
[2017.05.09-13.21.34:390][ 15]LogModuleManager: Shutting down and abandoning module D3D11RHI (8)
[2017.05.09-13.21.34:390][ 15]LogModuleManager: Shutting down and abandoning module Renderer (7)
[2017.05.09-13.21.34:390][ 15]LogModuleManager: Shutting down and abandoning module Engine (6)
[2017.05.09-13.21.34:390][ 15]LogModuleManager: Shutting down and abandoning module CoreUObject (5)
[2017.05.09-13.21.34:390][ 15]LogModuleManager: Shutting down and abandoning module NetworkFile (4)
[2017.05.09-13.21.34:390][ 15]LogModuleManager: Shutting down and abandoning module StreamingFile (3)
[2017.05.09-13.21.34:390][ 15]LogModuleManager: Shutting down and abandoning module SandboxFile (2)
[2017.05.09-13.21.34:390][ 15]LogModuleManager: Shutting down and abandoning module PakFile (1)
[2017.05.09-13.21.34:391][ 15]LogExit: Exiting.
[2017.05.09-13.21.34:419][ 15]Log file closed, 05/09/17 15:21:34
